[0.029s] Invoking command in '/home/yusuf/ros2_project/build/control_systems': CMAKE_PREFIX_PATH=/opt/ros/humble /usr/bin/cmake --build /home/yusuf/ros2_project/build/control_systems -- -j8 -l8
[0.155s] [ 25%] Built target goal_planner
[0.155s] [ 50%] Built target goal_linear
[0.160s] [ 75%] Built target lqr_lib
[0.181s] [35m[1mConsolidate compiler generated dependencies of target lqr_node[0m
[0.210s] [ 87%] [32mBuilding CXX object CMakeFiles/lqr_node.dir/src/lqr_node.cpp.o[0m
[4.649s] [01m[K/home/yusuf/ros2_project/src/control_systems/src/lqr_node.cpp:[m[K In member function ‘[01m[Kvoid LqrNode::controlLoopCallback()[m[K’:
[4.649s] [01m[K/home/yusuf/ros2_project/src/control_systems/src/lqr_node.cpp:100:26:[m[K [01;35m[Kwarning: [m[Kcomparison of integer expressions of different signedness: ‘[01m[Kint[m[K’ and ‘[01m[Kstd::vector<State>::size_type[m[K’ {aka ‘[01m[Klong unsigned int[m[K’} [[01;35m[K]8;;https://gcc.gnu.org/onlinedocs/gcc/Warning-Options.html#index-Wsign-compare-Wsign-compare]8;;[m[K]
[4.649s]   100 |     if ([01;35m[Kcurrent_waypoint >= waypoints_.size()[m[K) {
[4.649s]       |         [01;35m[K~~~~~~~~~~~~~~~~~^~~~~~~~~~~~~~~~~~~~[m[K
[22.431s] [100%] [32m[1mLinking CXX executable lqr_node[0m
[24.163s] [100%] Built target lqr_node
[24.187s] Invoked command in '/home/yusuf/ros2_project/build/control_systems' returned '0': CMAKE_PREFIX_PATH=/opt/ros/humble /usr/bin/cmake --build /home/yusuf/ros2_project/build/control_systems -- -j8 -l8
[24.254s] Invoking command in '/home/yusuf/ros2_project/build/control_systems': CMAKE_PREFIX_PATH=/opt/ros/humble /usr/bin/cmake --install /home/yusuf/ros2_project/build/control_systems
[24.267s] -- Install configuration: ""
[24.267s] -- Installing: /home/yusuf/ros2_project/install/control_systems/lib/control_systems/goal_linear
[24.276s] -- Set runtime path of "/home/yusuf/ros2_project/install/control_systems/lib/control_systems/goal_linear" to ""
[24.277s] -- Installing: /home/yusuf/ros2_project/install/control_systems/lib/control_systems/goal_planner
[24.286s] -- Set runtime path of "/home/yusuf/ros2_project/install/control_systems/lib/control_systems/goal_planner" to ""
[24.286s] -- Installing: /home/yusuf/ros2_project/install/control_systems/lib/control_systems/lqr_node
[24.304s] -- Set runtime path of "/home/yusuf/ros2_project/install/control_systems/lib/control_systems/lqr_node" to ""
[24.305s] -- Installing: /home/yusuf/ros2_project/install/control_systems/lib/control_systems/liblqr_lib.a
[24.324s] -- Up-to-date: /home/yusuf/ros2_project/install/control_systems/share/control_systems/launch
[24.324s] -- Up-to-date: /home/yusuf/ros2_project/install/control_systems/share/control_systems/launch/velocity_controller.launch.py
[24.324s] -- Up-to-date: /home/yusuf/ros2_project/install/control_systems/share/control_systems/urdf
[24.325s] -- Up-to-date: /home/yusuf/ros2_project/install/control_systems/share/control_systems/urdf/diff_drive_vel.urdf
[24.325s] -- Up-to-date: /home/yusuf/ros2_project/install/control_systems/share/control_systems/urdf/diff_sens.urdf
[24.325s] -- Installing: /home/yusuf/ros2_project/install/control_systems/share/control_systems/config
[24.325s] -- Installing: /home/yusuf/ros2_project/install/control_systems/share/control_systems/config/control.perspective
[24.326s] -- Installing: /home/yusuf/ros2_project/install/control_systems/share/control_systems/config/diff_controller.yaml
[24.326s] -- Up-to-date: /home/yusuf/ros2_project/install/control_systems/share/ament_index/resource_index/package_run_dependencies/control_systems
[24.326s] -- Up-to-date: /home/yusuf/ros2_project/install/control_systems/share/ament_index/resource_index/parent_prefix_path/control_systems
[24.327s] -- Up-to-date: /home/yusuf/ros2_project/install/control_systems/share/control_systems/environment/ament_prefix_path.sh
[24.327s] -- Installing: /home/yusuf/ros2_project/install/control_systems/share/control_systems/environment/ament_prefix_path.dsv
[24.327s] -- Up-to-date: /home/yusuf/ros2_project/install/control_systems/share/control_systems/environment/path.sh
[24.327s] -- Installing: /home/yusuf/ros2_project/install/control_systems/share/control_systems/environment/path.dsv
[24.328s] -- Up-to-date: /home/yusuf/ros2_project/install/control_systems/share/control_systems/local_setup.bash
[24.328s] -- Up-to-date: /home/yusuf/ros2_project/install/control_systems/share/control_systems/local_setup.sh
[24.328s] -- Up-to-date: /home/yusuf/ros2_project/install/control_systems/share/control_systems/local_setup.zsh
[24.328s] -- Installing: /home/yusuf/ros2_project/install/control_systems/share/control_systems/local_setup.dsv
[24.329s] -- Installing: /home/yusuf/ros2_project/install/control_systems/share/control_systems/package.dsv
[24.329s] -- Up-to-date: /home/yusuf/ros2_project/install/control_systems/share/ament_index/resource_index/packages/control_systems
[24.329s] -- Up-to-date: /home/yusuf/ros2_project/install/control_systems/share/control_systems/cmake/control_systemsConfig.cmake
[24.329s] -- Up-to-date: /home/yusuf/ros2_project/install/control_systems/share/control_systems/cmake/control_systemsConfig-version.cmake
[24.330s] -- Up-to-date: /home/yusuf/ros2_project/install/control_systems/share/control_systems/package.xml
[24.333s] Invoked command in '/home/yusuf/ros2_project/build/control_systems' returned '0': CMAKE_PREFIX_PATH=/opt/ros/humble /usr/bin/cmake --install /home/yusuf/ros2_project/build/control_systems
