[0.113s] DEBUG:colcon:Command line arguments: ['/usr/bin/colcon', 'build']
[0.113s] DEBUG:colcon:Parsed command line arguments: Namespace(log_base=None, log_level=None, verb_name='build', build_base='build', install_base='install', merge_install=False, symlink_install=False, test_result_base=None, continue_on_error=False, executor='parallel', parallel_workers=8, event_handlers=None, ignore_user_meta=False, metas=['./colcon.meta'], base_paths=['.'], packages_ignore=None, packages_ignore_regex=None, paths=None, packages_up_to=None, packages_up_to_regex=None, packages_above=None, packages_above_and_dependencies=None, packages_above_depth=None, packages_select_by_dep=None, packages_skip_by_dep=None, packages_skip_up_to=None, packages_select_build_failed=False, packages_skip_build_finished=False, packages_select_test_failures=False, packages_skip_test_passed=False, packages_select=None, packages_skip=None, packages_select_regex=None, packages_skip_regex=None, packages_start=None, packages_end=None, allow_overriding=[], cmake_args=None, cmake_target=None, cmake_target_skip_unavailable=False, cmake_clean_cache=False, cmake_clean_first=False, cmake_force_configure=False, ament_cmake_args=None, catkin_cmake_args=None, catkin_skip_building_tests=False, verb_parser=<colcon_defaults.argument_parser.defaults.DefaultArgumentsDecorator object at 0x70fa5154ed40>, verb_extension=<colcon_core.verb.build.BuildVerb object at 0x70fa5154e680>, main=<bound method BuildVerb.main of <colcon_core.verb.build.BuildVerb object at 0x70fa5154e680>>)
[0.330s] Level 1:colcon.colcon_core.package_discovery:discover_packages(colcon_meta) check parameters
[0.331s] Level 1:colcon.colcon_core.package_discovery:discover_packages(recursive) check parameters
[0.331s] Level 1:colcon.colcon_core.package_discovery:discover_packages(ignore) check parameters
[0.331s] Level 1:colcon.colcon_core.package_discovery:discover_packages(path) check parameters
[0.331s] Level 1:colcon.colcon_core.package_discovery:discover_packages(colcon_meta) discover
[0.331s] Level 1:colcon.colcon_core.package_discovery:discover_packages(recursive) discover
[0.331s] INFO:colcon.colcon_core.package_discovery:Crawling recursively for packages in '/home/yusuf/ros2_project'
[0.331s] Level 1:colcon.colcon_core.package_identification:_identify(.) by extensions ['ignore', 'ignore_ament_install']
[0.331s] Level 1:colcon.colcon_core.package_identification:_identify(.) by extension 'ignore'
[0.331s] Level 1:colcon.colcon_core.package_identification:_identify(.) by extension 'ignore_ament_install'
[0.331s] Level 1:colcon.colcon_core.package_identification:_identify(.) by extensions ['colcon_pkg']
[0.331s] Level 1:colcon.colcon_core.package_identification:_identify(.) by extension 'colcon_pkg'
[0.331s] Level 1:colcon.colcon_core.package_identification:_identify(.) by extensions ['colcon_meta']
[0.331s] Level 1:colcon.colcon_core.package_identification:_identify(.) by extension 'colcon_meta'
[0.331s] Level 1:colcon.colcon_core.package_identification:_identify(.) by extensions ['ros']
[0.331s] Level 1:colcon.colcon_core.package_identification:_identify(.) by extension 'ros'
[0.343s] Level 1:colcon.colcon_core.package_identification:_identify(.) by extensions ['cmake', 'python']
[0.344s] Level 1:colcon.colcon_core.package_identification:_identify(.) by extension 'cmake'
[0.344s] Level 1:colcon.colcon_core.package_identification:_identify(.) by extension 'python'
[0.344s] Level 1:colcon.colcon_core.package_identification:_identify(.) by extensions ['python_setup_py']
[0.344s] Level 1:colcon.colcon_core.package_identification:_identify(.) by extension 'python_setup_py'
[0.344s] Level 1:colcon.colcon_core.package_identification:_identify(build) by extensions ['ignore', 'ignore_ament_install']
[0.344s] Level 1:colcon.colcon_core.package_identification:_identify(build) by extension 'ignore'
[0.345s] Level 1:colcon.colcon_core.package_identification:_identify(build) ignored
[0.345s] Level 1:colcon.colcon_core.package_identification:_identify(install) by extensions ['ignore', 'ignore_ament_install']
[0.345s] Level 1:colcon.colcon_core.package_identification:_identify(install) by extension 'ignore'
[0.345s] Level 1:colcon.colcon_core.package_identification:_identify(install) ignored
[0.345s] Level 1:colcon.colcon_core.package_identification:_identify(log) by extensions ['ignore', 'ignore_ament_install']
[0.345s] Level 1:colcon.colcon_core.package_identification:_identify(log) by extension 'ignore'
[0.345s] Level 1:colcon.colcon_core.package_identification:_identify(log) ignored
[0.345s] Level 1:colcon.colcon_core.package_identification:_identify(src) by extensions ['ignore', 'ignore_ament_install']
[0.346s] Level 1:colcon.colcon_core.package_identification:_identify(src) by extension 'ignore'
[0.346s] Level 1:colcon.colcon_core.package_identification:_identify(src) by extension 'ignore_ament_install'
[0.346s] Level 1:colcon.colcon_core.package_identification:_identify(src) by extensions ['colcon_pkg']
[0.346s] Level 1:colcon.colcon_core.package_identification:_identify(src) by extension 'colcon_pkg'
[0.346s] Level 1:colcon.colcon_core.package_identification:_identify(src) by extensions ['colcon_meta']
[0.346s] Level 1:colcon.colcon_core.package_identification:_identify(src) by extension 'colcon_meta'
[0.346s] Level 1:colcon.colcon_core.package_identification:_identify(src) by extensions ['ros']
[0.346s] Level 1:colcon.colcon_core.package_identification:_identify(src) by extension 'ros'
[0.346s] Level 1:colcon.colcon_core.package_identification:_identify(src) by extensions ['cmake', 'python']
[0.346s] Level 1:colcon.colcon_core.package_identification:_identify(src) by extension 'cmake'
[0.346s] Level 1:colcon.colcon_core.package_identification:_identify(src) by extension 'python'
[0.347s] Level 1:colcon.colcon_core.package_identification:_identify(src) by extensions ['python_setup_py']
[0.347s] Level 1:colcon.colcon_core.package_identification:_identify(src) by extension 'python_setup_py'
[0.347s] Level 1:colcon.colcon_core.package_identification:_identify(src/control_systems) by extensions ['ignore', 'ignore_ament_install']
[0.347s] Level 1:colcon.colcon_core.package_identification:_identify(src/control_systems) by extension 'ignore'
[0.347s] Level 1:colcon.colcon_core.package_identification:_identify(src/control_systems) by extension 'ignore_ament_install'
[0.347s] Level 1:colcon.colcon_core.package_identification:_identify(src/control_systems) by extensions ['colcon_pkg']
[0.347s] Level 1:colcon.colcon_core.package_identification:_identify(src/control_systems) by extension 'colcon_pkg'
[0.347s] Level 1:colcon.colcon_core.package_identification:_identify(src/control_systems) by extensions ['colcon_meta']
[0.347s] Level 1:colcon.colcon_core.package_identification:_identify(src/control_systems) by extension 'colcon_meta'
[0.347s] Level 1:colcon.colcon_core.package_identification:_identify(src/control_systems) by extensions ['ros']
[0.347s] Level 1:colcon.colcon_core.package_identification:_identify(src/control_systems) by extension 'ros'
[0.351s] DEBUG:colcon.colcon_core.package_identification:Package 'src/control_systems' with type 'ros.ament_cmake' and name 'control_systems'
[0.351s] Level 1:colcon.colcon_core.package_identification:_identify(src/robot_sensing) by extensions ['ignore', 'ignore_ament_install']
[0.351s] Level 1:colcon.colcon_core.package_identification:_identify(src/robot_sensing) by extension 'ignore'
[0.351s] Level 1:colcon.colcon_core.package_identification:_identify(src/robot_sensing) by extension 'ignore_ament_install'
[0.351s] Level 1:colcon.colcon_core.package_identification:_identify(src/robot_sensing) by extensions ['colcon_pkg']
[0.351s] Level 1:colcon.colcon_core.package_identification:_identify(src/robot_sensing) by extension 'colcon_pkg'
[0.351s] Level 1:colcon.colcon_core.package_identification:_identify(src/robot_sensing) by extensions ['colcon_meta']
[0.352s] Level 1:colcon.colcon_core.package_identification:_identify(src/robot_sensing) by extension 'colcon_meta'
[0.352s] Level 1:colcon.colcon_core.package_identification:_identify(src/robot_sensing) by extensions ['ros']
[0.352s] Level 1:colcon.colcon_core.package_identification:_identify(src/robot_sensing) by extension 'ros'
[0.352s] DEBUG:colcon.colcon_core.package_identification:Package 'src/robot_sensing' with type 'ros.ament_cmake' and name 'robot_sensing'
[0.352s] Level 1:colcon.colcon_core.package_identification:_identify(src/sensor_fusion) by extensions ['ignore', 'ignore_ament_install']
[0.353s] Level 1:colcon.colcon_core.package_identification:_identify(src/sensor_fusion) by extension 'ignore'
[0.353s] Level 1:colcon.colcon_core.package_identification:_identify(src/sensor_fusion) by extension 'ignore_ament_install'
[0.353s] Level 1:colcon.colcon_core.package_identification:_identify(src/sensor_fusion) by extensions ['colcon_pkg']
[0.353s] Level 1:colcon.colcon_core.package_identification:_identify(src/sensor_fusion) by extension 'colcon_pkg'
[0.353s] Level 1:colcon.colcon_core.package_identification:_identify(src/sensor_fusion) by extensions ['colcon_meta']
[0.353s] Level 1:colcon.colcon_core.package_identification:_identify(src/sensor_fusion) by extension 'colcon_meta'
[0.353s] Level 1:colcon.colcon_core.package_identification:_identify(src/sensor_fusion) by extensions ['ros']
[0.353s] Level 1:colcon.colcon_core.package_identification:_identify(src/sensor_fusion) by extension 'ros'
[0.353s] DEBUG:colcon.colcon_core.package_identification:Package 'src/sensor_fusion' with type 'ros.ament_cmake' and name 'sensor_fusion'
[0.353s] Level 1:colcon.colcon_core.package_discovery:discover_packages(recursive) using defaults
[0.354s] Level 1:colcon.colcon_core.package_discovery:discover_packages(ignore) discover
[0.354s] Level 1:colcon.colcon_core.package_discovery:discover_packages(ignore) using defaults
[0.354s] Level 1:colcon.colcon_core.package_discovery:discover_packages(path) discover
[0.354s] Level 1:colcon.colcon_core.package_discovery:discover_packages(path) using defaults
[0.393s] Level 1:colcon.colcon_core.package_discovery:discover_packages(prefix_path) check parameters
[0.393s] Level 1:colcon.colcon_core.package_discovery:discover_packages(prefix_path) discover
[0.398s] DEBUG:colcon.colcon_installed_package_information.package_discovery:Found 429 installed packages in /opt/ros/humble
[0.401s] Level 1:colcon.colcon_core.package_discovery:discover_packages(prefix_path) using defaults
[0.478s] Level 5:colcon.colcon_core.verb:set package 'control_systems' build argument 'cmake_args' from command line to 'None'
[0.479s] Level 5:colcon.colcon_core.verb:set package 'control_systems' build argument 'cmake_target' from command line to 'None'
[0.479s] Level 5:colcon.colcon_core.verb:set package 'control_systems' build argument 'cmake_target_skip_unavailable' from command line to 'False'
[0.479s] Level 5:colcon.colcon_core.verb:set package 'control_systems' build argument 'cmake_clean_cache' from command line to 'False'
[0.479s] Level 5:colcon.colcon_core.verb:set package 'control_systems' build argument 'cmake_clean_first' from command line to 'False'
[0.479s] Level 5:colcon.colcon_core.verb:set package 'control_systems' build argument 'cmake_force_configure' from command line to 'False'
[0.479s] Level 5:colcon.colcon_core.verb:set package 'control_systems' build argument 'ament_cmake_args' from command line to 'None'
[0.479s] Level 5:colcon.colcon_core.verb:set package 'control_systems' build argument 'catkin_cmake_args' from command line to 'None'
[0.479s] Level 5:colcon.colcon_core.verb:set package 'control_systems' build argument 'catkin_skip_building_tests' from command line to 'False'
[0.479s] DEBUG:colcon.colcon_core.verb:Building package 'control_systems' with the following arguments: {'ament_cmake_args': None, 'build_base': '/home/yusuf/ros2_project/build/control_systems', 'catkin_cmake_args': None, 'catkin_skip_building_tests': False, 'cmake_args': None, 'cmake_clean_cache': False, 'cmake_clean_first': False, 'cmake_force_configure': False, 'cmake_target': None, 'cmake_target_skip_unavailable': False, 'install_base': '/home/yusuf/ros2_project/install/control_systems', 'merge_install': False, 'path': '/home/yusuf/ros2_project/src/control_systems', 'symlink_install': False, 'test_result_base': None}
[0.480s] Level 5:colcon.colcon_core.verb:set package 'robot_sensing' build argument 'cmake_args' from command line to 'None'
[0.480s] Level 5:colcon.colcon_core.verb:set package 'robot_sensing' build argument 'cmake_target' from command line to 'None'
[0.480s] Level 5:colcon.colcon_core.verb:set package 'robot_sensing' build argument 'cmake_target_skip_unavailable' from command line to 'False'
[0.480s] Level 5:colcon.colcon_core.verb:set package 'robot_sensing' build argument 'cmake_clean_cache' from command line to 'False'
[0.480s] Level 5:colcon.colcon_core.verb:set package 'robot_sensing' build argument 'cmake_clean_first' from command line to 'False'
[0.480s] Level 5:colcon.colcon_core.verb:set package 'robot_sensing' build argument 'cmake_force_configure' from command line to 'False'
[0.480s] Level 5:colcon.colcon_core.verb:set package 'robot_sensing' build argument 'ament_cmake_args' from command line to 'None'
[0.480s] Level 5:colcon.colcon_core.verb:set package 'robot_sensing' build argument 'catkin_cmake_args' from command line to 'None'
[0.480s] Level 5:colcon.colcon_core.verb:set package 'robot_sensing' build argument 'catkin_skip_building_tests' from command line to 'False'
[0.480s] DEBUG:colcon.colcon_core.verb:Building package 'robot_sensing' with the following arguments: {'ament_cmake_args': None, 'build_base': '/home/yusuf/ros2_project/build/robot_sensing', 'catkin_cmake_args': None, 'catkin_skip_building_tests': False, 'cmake_args': None, 'cmake_clean_cache': False, 'cmake_clean_first': False, 'cmake_force_configure': False, 'cmake_target': None, 'cmake_target_skip_unavailable': False, 'install_base': '/home/yusuf/ros2_project/install/robot_sensing', 'merge_install': False, 'path': '/home/yusuf/ros2_project/src/robot_sensing', 'symlink_install': False, 'test_result_base': None}
[0.481s] Level 5:colcon.colcon_core.verb:set package 'sensor_fusion' build argument 'cmake_args' from command line to 'None'
[0.481s] Level 5:colcon.colcon_core.verb:set package 'sensor_fusion' build argument 'cmake_target' from command line to 'None'
[0.481s] Level 5:colcon.colcon_core.verb:set package 'sensor_fusion' build argument 'cmake_target_skip_unavailable' from command line to 'False'
[0.481s] Level 5:colcon.colcon_core.verb:set package 'sensor_fusion' build argument 'cmake_clean_cache' from command line to 'False'
[0.481s] Level 5:colcon.colcon_core.verb:set package 'sensor_fusion' build argument 'cmake_clean_first' from command line to 'False'
[0.481s] Level 5:colcon.colcon_core.verb:set package 'sensor_fusion' build argument 'cmake_force_configure' from command line to 'False'
[0.481s] Level 5:colcon.colcon_core.verb:set package 'sensor_fusion' build argument 'ament_cmake_args' from command line to 'None'
[0.481s] Level 5:colcon.colcon_core.verb:set package 'sensor_fusion' build argument 'catkin_cmake_args' from command line to 'None'
[0.481s] Level 5:colcon.colcon_core.verb:set package 'sensor_fusion' build argument 'catkin_skip_building_tests' from command line to 'False'
[0.481s] DEBUG:colcon.colcon_core.verb:Building package 'sensor_fusion' with the following arguments: {'ament_cmake_args': None, 'build_base': '/home/yusuf/ros2_project/build/sensor_fusion', 'catkin_cmake_args': None, 'catkin_skip_building_tests': False, 'cmake_args': None, 'cmake_clean_cache': False, 'cmake_clean_first': False, 'cmake_force_configure': False, 'cmake_target': None, 'cmake_target_skip_unavailable': False, 'install_base': '/home/yusuf/ros2_project/install/sensor_fusion', 'merge_install': False, 'path': '/home/yusuf/ros2_project/src/sensor_fusion', 'symlink_install': False, 'test_result_base': None}
[0.481s] INFO:colcon.colcon_core.executor:Executing jobs using 'parallel' executor
[0.483s] DEBUG:colcon.colcon_parallel_executor.executor.parallel:run_until_complete
[0.483s] INFO:colcon.colcon_ros.task.ament_cmake.build:Building ROS package in '/home/yusuf/ros2_project/src/control_systems' with build type 'ament_cmake'
[0.483s] INFO:colcon.colcon_cmake.task.cmake.build:Building CMake package in '/home/yusuf/ros2_project/src/control_systems'
[0.487s] INFO:colcon.colcon_core.plugin_system:Skipping extension 'colcon_core.shell.bat': Not used on non-Windows systems
[0.487s] INFO:colcon.colcon_core.shell:Skip shell extension 'powershell' for command environment: Not usable outside of PowerShell
[0.487s] DEBUG:colcon.colcon_core.shell:Skip shell extension 'dsv' for command environment
[0.491s] INFO:colcon.colcon_ros.task.ament_cmake.build:Building ROS package in '/home/yusuf/ros2_project/src/robot_sensing' with build type 'ament_cmake'
[0.491s] INFO:colcon.colcon_cmake.task.cmake.build:Building CMake package in '/home/yusuf/ros2_project/src/robot_sensing'
[0.491s] INFO:colcon.colcon_core.shell:Skip shell extension 'powershell' for command environment: Not usable outside of PowerShell
[0.491s] DEBUG:colcon.colcon_core.shell:Skip shell extension 'dsv' for command environment
[0.497s] INFO:colcon.colcon_ros.task.ament_cmake.build:Building ROS package in '/home/yusuf/ros2_project/src/sensor_fusion' with build type 'ament_cmake'
[0.497s] INFO:colcon.colcon_cmake.task.cmake.build:Building CMake package in '/home/yusuf/ros2_project/src/sensor_fusion'
[0.497s] INFO:colcon.colcon_core.shell:Skip shell extension 'powershell' for command environment: Not usable outside of PowerShell
[0.497s] DEBUG:colcon.colcon_core.shell:Skip shell extension 'dsv' for command environment
[0.513s] DEBUG:colcon.colcon_core.event_handler.log_command:Invoking command in '/home/yusuf/ros2_project/build/control_systems': CMAKE_PREFIX_PATH=/opt/ros/humble /usr/bin/cmake --build /home/yusuf/ros2_project/build/control_systems -- -j8 -l8
[0.519s] DEBUG:colcon.colcon_core.event_handler.log_command:Invoking command in '/home/yusuf/ros2_project/build/robot_sensing': CMAKE_PREFIX_PATH=/opt/ros/humble /usr/bin/cmake --build /home/yusuf/ros2_project/build/robot_sensing -- -j8 -l8
[0.526s] DEBUG:colcon.colcon_core.event_handler.log_command:Invoking command in '/home/yusuf/ros2_project/build/sensor_fusion': CMAKE_PREFIX_PATH=/opt/ros/humble /usr/bin/cmake --build /home/yusuf/ros2_project/build/sensor_fusion -- -j8 -l8
[0.681s] DEBUG:colcon.colcon_core.event_handler.log_command:Invoked command in '/home/yusuf/ros2_project/build/robot_sensing' returned '0': CMAKE_PREFIX_PATH=/opt/ros/humble /usr/bin/cmake --build /home/yusuf/ros2_project/build/robot_sensing -- -j8 -l8
[0.703s] DEBUG:colcon.colcon_core.event_handler.log_command:Invoked command in '/home/yusuf/ros2_project/build/sensor_fusion' returned '0': CMAKE_PREFIX_PATH=/opt/ros/humble /usr/bin/cmake --build /home/yusuf/ros2_project/build/sensor_fusion -- -j8 -l8
[0.759s] DEBUG:colcon.colcon_core.event_handler.log_command:Invoking command in '/home/yusuf/ros2_project/build/robot_sensing': CMAKE_PREFIX_PATH=/opt/ros/humble /usr/bin/cmake --install /home/yusuf/ros2_project/build/robot_sensing
[0.771s] DEBUG:colcon.colcon_core.event_handler.log_command:Invoking command in '/home/yusuf/ros2_project/build/sensor_fusion': CMAKE_PREFIX_PATH=/opt/ros/humble /usr/bin/cmake --install /home/yusuf/ros2_project/build/sensor_fusion
[0.784s] Level 1:colcon.colcon_core.environment:create_environment_scripts_only(robot_sensing)
[0.785s] DEBUG:colcon.colcon_core.event_handler.log_command:Invoked command in '/home/yusuf/ros2_project/build/robot_sensing' returned '0': CMAKE_PREFIX_PATH=/opt/ros/humble /usr/bin/cmake --install /home/yusuf/ros2_project/build/robot_sensing
[0.798s] Level 1:colcon.colcon_core.environment:checking '/home/yusuf/ros2_project/install/robot_sensing' for CMake module files
[0.799s] Level 1:colcon.colcon_core.environment:checking '/home/yusuf/ros2_project/install/robot_sensing' for CMake config files
[0.799s] Level 1:colcon.colcon_core.shell:create_environment_hook('robot_sensing', 'cmake_prefix_path')
[0.800s] INFO:colcon.colcon_core.shell:Creating environment hook '/home/yusuf/ros2_project/install/robot_sensing/share/robot_sensing/hook/cmake_prefix_path.ps1'
[0.801s] INFO:colcon.colcon_core.shell:Creating environment descriptor '/home/yusuf/ros2_project/install/robot_sensing/share/robot_sensing/hook/cmake_prefix_path.dsv'
[0.802s] INFO:colcon.colcon_core.shell:Creating environment hook '/home/yusuf/ros2_project/install/robot_sensing/share/robot_sensing/hook/cmake_prefix_path.sh'
[0.803s] Level 1:colcon.colcon_core.environment:checking '/home/yusuf/ros2_project/install/robot_sensing/lib'
[0.803s] Level 1:colcon.colcon_core.environment:checking '/home/yusuf/ros2_project/install/robot_sensing/bin'
[0.803s] Level 1:colcon.colcon_core.environment:checking '/home/yusuf/ros2_project/install/robot_sensing/lib/pkgconfig/robot_sensing.pc'
[0.804s] Level 1:colcon.colcon_core.environment:checking '/home/yusuf/ros2_project/install/robot_sensing/lib/python3.10/site-packages'
[0.804s] Level 1:colcon.colcon_core.environment:checking '/home/yusuf/ros2_project/install/robot_sensing/bin'
[0.804s] INFO:colcon.colcon_core.shell:Creating package script '/home/yusuf/ros2_project/install/robot_sensing/share/robot_sensing/package.ps1'
[0.805s] INFO:colcon.colcon_core.shell:Creating package descriptor '/home/yusuf/ros2_project/install/robot_sensing/share/robot_sensing/package.dsv'
[0.806s] INFO:colcon.colcon_core.shell:Creating package script '/home/yusuf/ros2_project/install/robot_sensing/share/robot_sensing/package.sh'
[0.807s] INFO:colcon.colcon_core.shell:Creating package script '/home/yusuf/ros2_project/install/robot_sensing/share/robot_sensing/package.bash'
[0.809s] INFO:colcon.colcon_core.shell:Creating package script '/home/yusuf/ros2_project/install/robot_sensing/share/robot_sensing/package.zsh'
[0.811s] Level 1:colcon.colcon_core.environment:create_file_with_runtime_dependencies(/home/yusuf/ros2_project/install/robot_sensing/share/colcon-core/packages/robot_sensing)
[0.815s] Level 1:colcon.colcon_core.environment:create_environment_scripts_only(sensor_fusion)
[0.816s] Level 1:colcon.colcon_core.environment:checking '/home/yusuf/ros2_project/install/sensor_fusion' for CMake module files
[0.817s] DEBUG:colcon.colcon_core.event_handler.log_command:Invoked command in '/home/yusuf/ros2_project/build/sensor_fusion' returned '0': CMAKE_PREFIX_PATH=/opt/ros/humble /usr/bin/cmake --install /home/yusuf/ros2_project/build/sensor_fusion
[0.818s] Level 1:colcon.colcon_core.environment:checking '/home/yusuf/ros2_project/install/sensor_fusion' for CMake config files
[0.818s] Level 1:colcon.colcon_core.shell:create_environment_hook('sensor_fusion', 'cmake_prefix_path')
[0.819s] INFO:colcon.colcon_core.shell:Creating environment hook '/home/yusuf/ros2_project/install/sensor_fusion/share/sensor_fusion/hook/cmake_prefix_path.ps1'
[0.820s] INFO:colcon.colcon_core.shell:Creating environment descriptor '/home/yusuf/ros2_project/install/sensor_fusion/share/sensor_fusion/hook/cmake_prefix_path.dsv'
[0.820s] INFO:colcon.colcon_core.shell:Creating environment hook '/home/yusuf/ros2_project/install/sensor_fusion/share/sensor_fusion/hook/cmake_prefix_path.sh'
[0.821s] Level 1:colcon.colcon_core.environment:checking '/home/yusuf/ros2_project/install/sensor_fusion/lib'
[0.822s] Level 1:colcon.colcon_core.environment:checking '/home/yusuf/ros2_project/install/sensor_fusion/bin'
[0.822s] Level 1:colcon.colcon_core.environment:checking '/home/yusuf/ros2_project/install/sensor_fusion/lib/pkgconfig/sensor_fusion.pc'
[0.822s] Level 1:colcon.colcon_core.environment:checking '/home/yusuf/ros2_project/install/sensor_fusion/lib/python3.10/site-packages'
[0.823s] Level 1:colcon.colcon_core.environment:checking '/home/yusuf/ros2_project/install/sensor_fusion/bin'
[0.823s] INFO:colcon.colcon_core.shell:Creating package script '/home/yusuf/ros2_project/install/sensor_fusion/share/sensor_fusion/package.ps1'
[0.825s] INFO:colcon.colcon_core.shell:Creating package descriptor '/home/yusuf/ros2_project/install/sensor_fusion/share/sensor_fusion/package.dsv'
[0.826s] INFO:colcon.colcon_core.shell:Creating package script '/home/yusuf/ros2_project/install/sensor_fusion/share/sensor_fusion/package.sh'
[0.827s] INFO:colcon.colcon_core.shell:Creating package script '/home/yusuf/ros2_project/install/sensor_fusion/share/sensor_fusion/package.bash'
[0.827s] INFO:colcon.colcon_core.shell:Creating package script '/home/yusuf/ros2_project/install/sensor_fusion/share/sensor_fusion/package.zsh'
[0.828s] Level 1:colcon.colcon_core.environment:create_file_with_runtime_dependencies(/home/yusuf/ros2_project/install/sensor_fusion/share/colcon-core/packages/sensor_fusion)
[0.871s] Level 1:colcon.colcon_core.environment:create_environment_scripts_only(robot_sensing)
[0.871s] Level 1:colcon.colcon_core.environment:checking '/home/yusuf/ros2_project/install/robot_sensing' for CMake module files
[0.872s] Level 1:colcon.colcon_core.environment:checking '/home/yusuf/ros2_project/install/robot_sensing' for CMake config files
[0.873s] Level 1:colcon.colcon_core.shell:create_environment_hook('robot_sensing', 'cmake_prefix_path')
[0.874s] INFO:colcon.colcon_core.shell:Creating environment hook '/home/yusuf/ros2_project/install/robot_sensing/share/robot_sensing/hook/cmake_prefix_path.ps1'
[0.875s] INFO:colcon.colcon_core.shell:Creating environment descriptor '/home/yusuf/ros2_project/install/robot_sensing/share/robot_sensing/hook/cmake_prefix_path.dsv'
[0.876s] INFO:colcon.colcon_core.shell:Creating environment hook '/home/yusuf/ros2_project/install/robot_sensing/share/robot_sensing/hook/cmake_prefix_path.sh'
[0.877s] Level 1:colcon.colcon_core.environment:checking '/home/yusuf/ros2_project/install/robot_sensing/lib'
[0.877s] Level 1:colcon.colcon_core.environment:checking '/home/yusuf/ros2_project/install/robot_sensing/bin'
[0.877s] Level 1:colcon.colcon_core.environment:checking '/home/yusuf/ros2_project/install/robot_sensing/lib/pkgconfig/robot_sensing.pc'
[0.877s] Level 1:colcon.colcon_core.environment:checking '/home/yusuf/ros2_project/install/robot_sensing/lib/python3.10/site-packages'
[0.878s] Level 1:colcon.colcon_core.environment:checking '/home/yusuf/ros2_project/install/robot_sensing/bin'
[0.878s] INFO:colcon.colcon_core.shell:Creating package script '/home/yusuf/ros2_project/install/robot_sensing/share/robot_sensing/package.ps1'
[0.880s] INFO:colcon.colcon_core.shell:Creating package descriptor '/home/yusuf/ros2_project/install/robot_sensing/share/robot_sensing/package.dsv'
[0.881s] INFO:colcon.colcon_core.shell:Creating package script '/home/yusuf/ros2_project/install/robot_sensing/share/robot_sensing/package.sh'
[0.882s] INFO:colcon.colcon_core.shell:Creating package script '/home/yusuf/ros2_project/install/robot_sensing/share/robot_sensing/package.bash'
[0.882s] INFO:colcon.colcon_core.shell:Creating package script '/home/yusuf/ros2_project/install/robot_sensing/share/robot_sensing/package.zsh'
[0.883s] Level 1:colcon.colcon_core.environment:create_file_with_runtime_dependencies(/home/yusuf/ros2_project/install/robot_sensing/share/colcon-core/packages/robot_sensing)
[0.885s] Level 1:colcon.colcon_core.environment:create_environment_scripts_only(sensor_fusion)
[0.886s] Level 1:colcon.colcon_core.environment:checking '/home/yusuf/ros2_project/install/sensor_fusion' for CMake module files
[0.887s] Level 1:colcon.colcon_core.environment:checking '/home/yusuf/ros2_project/install/sensor_fusion' for CMake config files
[0.887s] Level 1:colcon.colcon_core.shell:create_environment_hook('sensor_fusion', 'cmake_prefix_path')
[0.888s] INFO:colcon.colcon_core.shell:Creating environment hook '/home/yusuf/ros2_project/install/sensor_fusion/share/sensor_fusion/hook/cmake_prefix_path.ps1'
[0.889s] INFO:colcon.colcon_core.shell:Creating environment descriptor '/home/yusuf/ros2_project/install/sensor_fusion/share/sensor_fusion/hook/cmake_prefix_path.dsv'
[0.889s] INFO:colcon.colcon_core.shell:Creating environment hook '/home/yusuf/ros2_project/install/sensor_fusion/share/sensor_fusion/hook/cmake_prefix_path.sh'
[0.890s] Level 1:colcon.colcon_core.environment:checking '/home/yusuf/ros2_project/install/sensor_fusion/lib'
[0.890s] Level 1:colcon.colcon_core.environment:checking '/home/yusuf/ros2_project/install/sensor_fusion/bin'
[0.890s] Level 1:colcon.colcon_core.environment:checking '/home/yusuf/ros2_project/install/sensor_fusion/lib/pkgconfig/sensor_fusion.pc'
[0.891s] Level 1:colcon.colcon_core.environment:checking '/home/yusuf/ros2_project/install/sensor_fusion/lib/python3.10/site-packages'
[0.891s] Level 1:colcon.colcon_core.environment:checking '/home/yusuf/ros2_project/install/sensor_fusion/bin'
[0.892s] INFO:colcon.colcon_core.shell:Creating package script '/home/yusuf/ros2_project/install/sensor_fusion/share/sensor_fusion/package.ps1'
[0.893s] INFO:colcon.colcon_core.shell:Creating package descriptor '/home/yusuf/ros2_project/install/sensor_fusion/share/sensor_fusion/package.dsv'
[0.895s] INFO:colcon.colcon_core.shell:Creating package script '/home/yusuf/ros2_project/install/sensor_fusion/share/sensor_fusion/package.sh'
[0.896s] INFO:colcon.colcon_core.shell:Creating package script '/home/yusuf/ros2_project/install/sensor_fusion/share/sensor_fusion/package.bash'
[0.897s] INFO:colcon.colcon_core.shell:Creating package script '/home/yusuf/ros2_project/install/sensor_fusion/share/sensor_fusion/package.zsh'
[0.897s] Level 1:colcon.colcon_core.environment:create_file_with_runtime_dependencies(/home/yusuf/ros2_project/install/sensor_fusion/share/colcon-core/packages/sensor_fusion)
[24.672s] DEBUG:colcon.colcon_core.event_handler.log_command:Invoked command in '/home/yusuf/ros2_project/build/control_systems' returned '0': CMAKE_PREFIX_PATH=/opt/ros/humble /usr/bin/cmake --build /home/yusuf/ros2_project/build/control_systems -- -j8 -l8
[24.739s] DEBUG:colcon.colcon_core.event_handler.log_command:Invoking command in '/home/yusuf/ros2_project/build/control_systems': CMAKE_PREFIX_PATH=/opt/ros/humble /usr/bin/cmake --install /home/yusuf/ros2_project/build/control_systems
[24.815s] Level 1:colcon.colcon_core.environment:create_environment_scripts_only(control_systems)
[24.816s] Level 1:colcon.colcon_core.environment:checking '/home/yusuf/ros2_project/install/control_systems' for CMake module files
[24.817s] DEBUG:colcon.colcon_core.event_handler.log_command:Invoked command in '/home/yusuf/ros2_project/build/control_systems' returned '0': CMAKE_PREFIX_PATH=/opt/ros/humble /usr/bin/cmake --install /home/yusuf/ros2_project/build/control_systems
[24.818s] Level 1:colcon.colcon_core.environment:checking '/home/yusuf/ros2_project/install/control_systems' for CMake config files
[24.819s] Level 1:colcon.colcon_core.shell:create_environment_hook('control_systems', 'cmake_prefix_path')
[24.820s] INFO:colcon.colcon_core.shell:Creating environment hook '/home/yusuf/ros2_project/install/control_systems/share/control_systems/hook/cmake_prefix_path.ps1'
[24.821s] INFO:colcon.colcon_core.shell:Creating environment descriptor '/home/yusuf/ros2_project/install/control_systems/share/control_systems/hook/cmake_prefix_path.dsv'
[24.822s] INFO:colcon.colcon_core.shell:Creating environment hook '/home/yusuf/ros2_project/install/control_systems/share/control_systems/hook/cmake_prefix_path.sh'
[24.823s] Level 1:colcon.colcon_core.environment:checking '/home/yusuf/ros2_project/install/control_systems/lib'
[24.823s] Level 1:colcon.colcon_core.environment:checking '/home/yusuf/ros2_project/install/control_systems/bin'
[24.823s] Level 1:colcon.colcon_core.environment:checking '/home/yusuf/ros2_project/install/control_systems/lib/pkgconfig/control_systems.pc'
[24.824s] Level 1:colcon.colcon_core.environment:checking '/home/yusuf/ros2_project/install/control_systems/lib/python3.10/site-packages'
[24.825s] Level 1:colcon.colcon_core.environment:checking '/home/yusuf/ros2_project/install/control_systems/bin'
[24.826s] INFO:colcon.colcon_core.shell:Creating package script '/home/yusuf/ros2_project/install/control_systems/share/control_systems/package.ps1'
[24.827s] INFO:colcon.colcon_core.shell:Creating package descriptor '/home/yusuf/ros2_project/install/control_systems/share/control_systems/package.dsv'
[24.828s] INFO:colcon.colcon_core.shell:Creating package script '/home/yusuf/ros2_project/install/control_systems/share/control_systems/package.sh'
[24.829s] INFO:colcon.colcon_core.shell:Creating package script '/home/yusuf/ros2_project/install/control_systems/share/control_systems/package.bash'
[24.830s] INFO:colcon.colcon_core.shell:Creating package script '/home/yusuf/ros2_project/install/control_systems/share/control_systems/package.zsh'
[24.831s] Level 1:colcon.colcon_core.environment:create_file_with_runtime_dependencies(/home/yusuf/ros2_project/install/control_systems/share/colcon-core/packages/control_systems)
[24.899s] Level 1:colcon.colcon_core.environment:create_environment_scripts_only(control_systems)
[24.900s] Level 1:colcon.colcon_core.environment:checking '/home/yusuf/ros2_project/install/control_systems' for CMake module files
[24.901s] Level 1:colcon.colcon_core.environment:checking '/home/yusuf/ros2_project/install/control_systems' for CMake config files
[24.902s] Level 1:colcon.colcon_core.shell:create_environment_hook('control_systems', 'cmake_prefix_path')
[24.903s] INFO:colcon.colcon_core.shell:Creating environment hook '/home/yusuf/ros2_project/install/control_systems/share/control_systems/hook/cmake_prefix_path.ps1'
[24.904s] INFO:colcon.colcon_core.shell:Creating environment descriptor '/home/yusuf/ros2_project/install/control_systems/share/control_systems/hook/cmake_prefix_path.dsv'
[24.905s] INFO:colcon.colcon_core.shell:Creating environment hook '/home/yusuf/ros2_project/install/control_systems/share/control_systems/hook/cmake_prefix_path.sh'
[24.906s] Level 1:colcon.colcon_core.environment:checking '/home/yusuf/ros2_project/install/control_systems/lib'
[24.906s] Level 1:colcon.colcon_core.environment:checking '/home/yusuf/ros2_project/install/control_systems/bin'
[24.906s] Level 1:colcon.colcon_core.environment:checking '/home/yusuf/ros2_project/install/control_systems/lib/pkgconfig/control_systems.pc'
[24.907s] Level 1:colcon.colcon_core.environment:checking '/home/yusuf/ros2_project/install/control_systems/lib/python3.10/site-packages'
[24.908s] Level 1:colcon.colcon_core.environment:checking '/home/yusuf/ros2_project/install/control_systems/bin'
[24.909s] INFO:colcon.colcon_core.shell:Creating package script '/home/yusuf/ros2_project/install/control_systems/share/control_systems/package.ps1'
[24.910s] INFO:colcon.colcon_core.shell:Creating package descriptor '/home/yusuf/ros2_project/install/control_systems/share/control_systems/package.dsv'
[24.911s] INFO:colcon.colcon_core.shell:Creating package script '/home/yusuf/ros2_project/install/control_systems/share/control_systems/package.sh'
[24.912s] INFO:colcon.colcon_core.shell:Creating package script '/home/yusuf/ros2_project/install/control_systems/share/control_systems/package.bash'
[24.913s] INFO:colcon.colcon_core.shell:Creating package script '/home/yusuf/ros2_project/install/control_systems/share/control_systems/package.zsh'
[24.913s] Level 1:colcon.colcon_core.environment:create_file_with_runtime_dependencies(/home/yusuf/ros2_project/install/control_systems/share/colcon-core/packages/control_systems)
[24.914s] DEBUG:colcon.colcon_parallel_executor.executor.parallel:closing loop
[24.915s] DEBUG:colcon.colcon_parallel_executor.executor.parallel:loop closed
[24.915s] DEBUG:colcon.colcon_parallel_executor.executor.parallel:run_until_complete finished with '0'
[24.915s] DEBUG:colcon.colcon_core.event_reactor:joining thread
[24.925s] INFO:colcon.colcon_core.plugin_system:Skipping extension 'colcon_notification.desktop_notification.notify_send': Could not find 'notify-send'
[24.926s] INFO:colcon.colcon_core.plugin_system:Skipping extension 'colcon_notification.desktop_notification.terminal_notifier': Not used on non-Darwin systems
[24.926s] INFO:colcon.colcon_core.plugin_system:Skipping extension 'colcon_notification.desktop_notification.win32': Not used on non-Windows systems
[24.926s] INFO:colcon.colcon_notification.desktop_notification:Sending desktop notification using 'notify2'
[24.928s] DEBUG:colcon.colcon_notification.desktop_notification.notify2:Failed to initialize notify2: org.freedesktop.DBus.Error.ServiceUnknown: The name org.freedesktop.Notifications was not provided by any .service files
[24.928s] DEBUG:colcon.colcon_core.event_reactor:joined thread
[24.929s] INFO:colcon.colcon_core.shell:Creating prefix script '/home/yusuf/ros2_project/install/local_setup.ps1'
[24.930s] INFO:colcon.colcon_core.shell:Creating prefix util module '/home/yusuf/ros2_project/install/_local_setup_util_ps1.py'
[24.933s] INFO:colcon.colcon_core.shell:Creating prefix chain script '/home/yusuf/ros2_project/install/setup.ps1'
[24.935s] INFO:colcon.colcon_core.shell:Creating prefix script '/home/yusuf/ros2_project/install/local_setup.sh'
[24.936s] INFO:colcon.colcon_core.shell:Creating prefix util module '/home/yusuf/ros2_project/install/_local_setup_util_sh.py'
[24.937s] INFO:colcon.colcon_core.shell:Creating prefix chain script '/home/yusuf/ros2_project/install/setup.sh'
[24.939s] INFO:colcon.colcon_core.shell:Creating prefix script '/home/yusuf/ros2_project/install/local_setup.bash'
[24.940s] INFO:colcon.colcon_core.shell:Creating prefix chain script '/home/yusuf/ros2_project/install/setup.bash'
[24.942s] INFO:colcon.colcon_core.shell:Creating prefix script '/home/yusuf/ros2_project/install/local_setup.zsh'
[24.943s] INFO:colcon.colcon_core.shell:Creating prefix chain script '/home/yusuf/ros2_project/install/setup.zsh'
