[0.103s] DEBUG:colcon:Command line arguments: ['/usr/bin/colcon', 'build']
[0.103s] DEBUG:colcon:Parsed command line arguments: Namespace(log_base=None, log_level=None, verb_name='build', build_base='build', install_base='install', merge_install=False, symlink_install=False, test_result_base=None, continue_on_error=False, executor='parallel', parallel_workers=8, event_handlers=None, ignore_user_meta=False, metas=['./colcon.meta'], base_paths=['.'], packages_ignore=None, packages_ignore_regex=None, paths=None, packages_up_to=None, packages_up_to_regex=None, packages_above=None, packages_above_and_dependencies=None, packages_above_depth=None, packages_select_by_dep=None, packages_skip_by_dep=None, packages_skip_up_to=None, packages_select_build_failed=False, packages_skip_build_finished=False, packages_select_test_failures=False, packages_skip_test_passed=False, packages_select=None, packages_skip=None, packages_select_regex=None, packages_skip_regex=None, packages_start=None, packages_end=None, allow_overriding=[], cmake_args=None, cmake_target=None, cmake_target_skip_unavailable=False, cmake_clean_cache=False, cmake_clean_first=False, cmake_force_configure=False, ament_cmake_args=None, catkin_cmake_args=None, catkin_skip_building_tests=False, verb_parser=<colcon_defaults.argument_parser.defaults.DefaultArgumentsDecorator object at 0x7880bf00ecb0>, verb_extension=<colcon_core.verb.build.BuildVerb object at 0x7880bf00e5f0>, main=<bound method BuildVerb.main of <colcon_core.verb.build.BuildVerb object at 0x7880bf00e5f0>>)
[0.324s] Level 1:colcon.colcon_core.package_discovery:discover_packages(colcon_meta) check parameters
[0.324s] Level 1:colcon.colcon_core.package_discovery:discover_packages(recursive) check parameters
[0.324s] Level 1:colcon.colcon_core.package_discovery:discover_packages(ignore) check parameters
[0.324s] Level 1:colcon.colcon_core.package_discovery:discover_packages(path) check parameters
[0.324s] Level 1:colcon.colcon_core.package_discovery:discover_packages(colcon_meta) discover
[0.324s] Level 1:colcon.colcon_core.package_discovery:discover_packages(recursive) discover
[0.324s] INFO:colcon.colcon_core.package_discovery:Crawling recursively for packages in '/home/yusuf/ros2_project'
[0.324s] Level 1:colcon.colcon_core.package_identification:_identify(.) by extensions ['ignore', 'ignore_ament_install']
[0.324s] Level 1:colcon.colcon_core.package_identification:_identify(.) by extension 'ignore'
[0.325s] Level 1:colcon.colcon_core.package_identification:_identify(.) by extension 'ignore_ament_install'
[0.325s] Level 1:colcon.colcon_core.package_identification:_identify(.) by extensions ['colcon_pkg']
[0.325s] Level 1:colcon.colcon_core.package_identification:_identify(.) by extension 'colcon_pkg'
[0.325s] Level 1:colcon.colcon_core.package_identification:_identify(.) by extensions ['colcon_meta']
[0.325s] Level 1:colcon.colcon_core.package_identification:_identify(.) by extension 'colcon_meta'
[0.325s] Level 1:colcon.colcon_core.package_identification:_identify(.) by extensions ['ros']
[0.325s] Level 1:colcon.colcon_core.package_identification:_identify(.) by extension 'ros'
[0.340s] Level 1:colcon.colcon_core.package_identification:_identify(.) by extensions ['cmake', 'python']
[0.340s] Level 1:colcon.colcon_core.package_identification:_identify(.) by extension 'cmake'
[0.340s] Level 1:colcon.colcon_core.package_identification:_identify(.) by extension 'python'
[0.340s] Level 1:colcon.colcon_core.package_identification:_identify(.) by extensions ['python_setup_py']
[0.340s] Level 1:colcon.colcon_core.package_identification:_identify(.) by extension 'python_setup_py'
[0.340s] Level 1:colcon.colcon_core.package_identification:_identify(build) by extensions ['ignore', 'ignore_ament_install']
[0.340s] Level 1:colcon.colcon_core.package_identification:_identify(build) by extension 'ignore'
[0.340s] Level 1:colcon.colcon_core.package_identification:_identify(build) ignored
[0.340s] Level 1:colcon.colcon_core.package_identification:_identify(install) by extensions ['ignore', 'ignore_ament_install']
[0.341s] Level 1:colcon.colcon_core.package_identification:_identify(install) by extension 'ignore'
[0.341s] Level 1:colcon.colcon_core.package_identification:_identify(install) ignored
[0.341s] Level 1:colcon.colcon_core.package_identification:_identify(log) by extensions ['ignore', 'ignore_ament_install']
[0.341s] Level 1:colcon.colcon_core.package_identification:_identify(log) by extension 'ignore'
[0.341s] Level 1:colcon.colcon_core.package_identification:_identify(log) ignored
[0.341s] Level 1:colcon.colcon_core.package_identification:_identify(src) by extensions ['ignore', 'ignore_ament_install']
[0.341s] Level 1:colcon.colcon_core.package_identification:_identify(src) by extension 'ignore'
[0.341s] Level 1:colcon.colcon_core.package_identification:_identify(src) by extension 'ignore_ament_install'
[0.341s] Level 1:colcon.colcon_core.package_identification:_identify(src) by extensions ['colcon_pkg']
[0.341s] Level 1:colcon.colcon_core.package_identification:_identify(src) by extension 'colcon_pkg'
[0.342s] Level 1:colcon.colcon_core.package_identification:_identify(src) by extensions ['colcon_meta']
[0.342s] Level 1:colcon.colcon_core.package_identification:_identify(src) by extension 'colcon_meta'
[0.342s] Level 1:colcon.colcon_core.package_identification:_identify(src) by extensions ['ros']
[0.342s] Level 1:colcon.colcon_core.package_identification:_identify(src) by extension 'ros'
[0.342s] Level 1:colcon.colcon_core.package_identification:_identify(src) by extensions ['cmake', 'python']
[0.342s] Level 1:colcon.colcon_core.package_identification:_identify(src) by extension 'cmake'
[0.342s] Level 1:colcon.colcon_core.package_identification:_identify(src) by extension 'python'
[0.342s] Level 1:colcon.colcon_core.package_identification:_identify(src) by extensions ['python_setup_py']
[0.342s] Level 1:colcon.colcon_core.package_identification:_identify(src) by extension 'python_setup_py'
[0.342s] Level 1:colcon.colcon_core.package_identification:_identify(src/control_systems) by extensions ['ignore', 'ignore_ament_install']
[0.342s] Level 1:colcon.colcon_core.package_identification:_identify(src/control_systems) by extension 'ignore'
[0.342s] Level 1:colcon.colcon_core.package_identification:_identify(src/control_systems) by extension 'ignore_ament_install'
[0.342s] Level 1:colcon.colcon_core.package_identification:_identify(src/control_systems) by extensions ['colcon_pkg']
[0.342s] Level 1:colcon.colcon_core.package_identification:_identify(src/control_systems) by extension 'colcon_pkg'
[0.342s] Level 1:colcon.colcon_core.package_identification:_identify(src/control_systems) by extensions ['colcon_meta']
[0.343s] Level 1:colcon.colcon_core.package_identification:_identify(src/control_systems) by extension 'colcon_meta'
[0.343s] Level 1:colcon.colcon_core.package_identification:_identify(src/control_systems) by extensions ['ros']
[0.343s] Level 1:colcon.colcon_core.package_identification:_identify(src/control_systems) by extension 'ros'
[0.346s] DEBUG:colcon.colcon_core.package_identification:Package 'src/control_systems' with type 'ros.ament_cmake' and name 'control_systems'
[0.347s] Level 1:colcon.colcon_core.package_identification:_identify(src/robot_sensing) by extensions ['ignore', 'ignore_ament_install']
[0.347s] Level 1:colcon.colcon_core.package_identification:_identify(src/robot_sensing) by extension 'ignore'
[0.347s] Level 1:colcon.colcon_core.package_identification:_identify(src/robot_sensing) by extension 'ignore_ament_install'
[0.347s] Level 1:colcon.colcon_core.package_identification:_identify(src/robot_sensing) by extensions ['colcon_pkg']
[0.347s] Level 1:colcon.colcon_core.package_identification:_identify(src/robot_sensing) by extension 'colcon_pkg'
[0.347s] Level 1:colcon.colcon_core.package_identification:_identify(src/robot_sensing) by extensions ['colcon_meta']
[0.347s] Level 1:colcon.colcon_core.package_identification:_identify(src/robot_sensing) by extension 'colcon_meta'
[0.347s] Level 1:colcon.colcon_core.package_identification:_identify(src/robot_sensing) by extensions ['ros']
[0.347s] Level 1:colcon.colcon_core.package_identification:_identify(src/robot_sensing) by extension 'ros'
[0.348s] DEBUG:colcon.colcon_core.package_identification:Package 'src/robot_sensing' with type 'ros.ament_cmake' and name 'robot_sensing'
[0.348s] Level 1:colcon.colcon_core.package_identification:_identify(src/sensor_fusion) by extensions ['ignore', 'ignore_ament_install']
[0.348s] Level 1:colcon.colcon_core.package_identification:_identify(src/sensor_fusion) by extension 'ignore'
[0.348s] Level 1:colcon.colcon_core.package_identification:_identify(src/sensor_fusion) by extension 'ignore_ament_install'
[0.348s] Level 1:colcon.colcon_core.package_identification:_identify(src/sensor_fusion) by extensions ['colcon_pkg']
[0.348s] Level 1:colcon.colcon_core.package_identification:_identify(src/sensor_fusion) by extension 'colcon_pkg'
[0.349s] Level 1:colcon.colcon_core.package_identification:_identify(src/sensor_fusion) by extensions ['colcon_meta']
[0.349s] Level 1:colcon.colcon_core.package_identification:_identify(src/sensor_fusion) by extension 'colcon_meta'
[0.349s] Level 1:colcon.colcon_core.package_identification:_identify(src/sensor_fusion) by extensions ['ros']
[0.349s] Level 1:colcon.colcon_core.package_identification:_identify(src/sensor_fusion) by extension 'ros'
[0.349s] DEBUG:colcon.colcon_core.package_identification:Package 'src/sensor_fusion' with type 'ros.ament_cmake' and name 'sensor_fusion'
[0.350s] Level 1:colcon.colcon_core.package_discovery:discover_packages(recursive) using defaults
[0.350s] Level 1:colcon.colcon_core.package_discovery:discover_packages(ignore) discover
[0.350s] Level 1:colcon.colcon_core.package_discovery:discover_packages(ignore) using defaults
[0.350s] Level 1:colcon.colcon_core.package_discovery:discover_packages(path) discover
[0.350s] Level 1:colcon.colcon_core.package_discovery:discover_packages(path) using defaults
[0.391s] Level 1:colcon.colcon_core.package_discovery:discover_packages(prefix_path) check parameters
[0.391s] Level 1:colcon.colcon_core.package_discovery:discover_packages(prefix_path) discover
[0.393s] DEBUG:colcon.colcon_installed_package_information.package_discovery:Found 3 installed packages in /home/yusuf/ros2_project/install
[0.396s] DEBUG:colcon.colcon_installed_package_information.package_discovery:Found 429 installed packages in /opt/ros/humble
[0.398s] Level 1:colcon.colcon_core.package_discovery:discover_packages(prefix_path) using defaults
[0.465s] Level 5:colcon.colcon_core.verb:set package 'control_systems' build argument 'cmake_args' from command line to 'None'
[0.465s] Level 5:colcon.colcon_core.verb:set package 'control_systems' build argument 'cmake_target' from command line to 'None'
[0.465s] Level 5:colcon.colcon_core.verb:set package 'control_systems' build argument 'cmake_target_skip_unavailable' from command line to 'False'
[0.465s] Level 5:colcon.colcon_core.verb:set package 'control_systems' build argument 'cmake_clean_cache' from command line to 'False'
[0.465s] Level 5:colcon.colcon_core.verb:set package 'control_systems' build argument 'cmake_clean_first' from command line to 'False'
[0.465s] Level 5:colcon.colcon_core.verb:set package 'control_systems' build argument 'cmake_force_configure' from command line to 'False'
[0.465s] Level 5:colcon.colcon_core.verb:set package 'control_systems' build argument 'ament_cmake_args' from command line to 'None'
[0.465s] Level 5:colcon.colcon_core.verb:set package 'control_systems' build argument 'catkin_cmake_args' from command line to 'None'
[0.465s] Level 5:colcon.colcon_core.verb:set package 'control_systems' build argument 'catkin_skip_building_tests' from command line to 'False'
[0.465s] DEBUG:colcon.colcon_core.verb:Building package 'control_systems' with the following arguments: {'ament_cmake_args': None, 'build_base': '/home/yusuf/ros2_project/build/control_systems', 'catkin_cmake_args': None, 'catkin_skip_building_tests': False, 'cmake_args': None, 'cmake_clean_cache': False, 'cmake_clean_first': False, 'cmake_force_configure': False, 'cmake_target': None, 'cmake_target_skip_unavailable': False, 'install_base': '/home/yusuf/ros2_project/install/control_systems', 'merge_install': False, 'path': '/home/yusuf/ros2_project/src/control_systems', 'symlink_install': False, 'test_result_base': None}
[0.466s] Level 5:colcon.colcon_core.verb:set package 'robot_sensing' build argument 'cmake_args' from command line to 'None'
[0.466s] Level 5:colcon.colcon_core.verb:set package 'robot_sensing' build argument 'cmake_target' from command line to 'None'
[0.466s] Level 5:colcon.colcon_core.verb:set package 'robot_sensing' build argument 'cmake_target_skip_unavailable' from command line to 'False'
[0.466s] Level 5:colcon.colcon_core.verb:set package 'robot_sensing' build argument 'cmake_clean_cache' from command line to 'False'
[0.466s] Level 5:colcon.colcon_core.verb:set package 'robot_sensing' build argument 'cmake_clean_first' from command line to 'False'
[0.466s] Level 5:colcon.colcon_core.verb:set package 'robot_sensing' build argument 'cmake_force_configure' from command line to 'False'
[0.466s] Level 5:colcon.colcon_core.verb:set package 'robot_sensing' build argument 'ament_cmake_args' from command line to 'None'
[0.466s] Level 5:colcon.colcon_core.verb:set package 'robot_sensing' build argument 'catkin_cmake_args' from command line to 'None'
[0.466s] Level 5:colcon.colcon_core.verb:set package 'robot_sensing' build argument 'catkin_skip_building_tests' from command line to 'False'
[0.466s] DEBUG:colcon.colcon_core.verb:Building package 'robot_sensing' with the following arguments: {'ament_cmake_args': None, 'build_base': '/home/yusuf/ros2_project/build/robot_sensing', 'catkin_cmake_args': None, 'catkin_skip_building_tests': False, 'cmake_args': None, 'cmake_clean_cache': False, 'cmake_clean_first': False, 'cmake_force_configure': False, 'cmake_target': None, 'cmake_target_skip_unavailable': False, 'install_base': '/home/yusuf/ros2_project/install/robot_sensing', 'merge_install': False, 'path': '/home/yusuf/ros2_project/src/robot_sensing', 'symlink_install': False, 'test_result_base': None}
[0.466s] Level 5:colcon.colcon_core.verb:set package 'sensor_fusion' build argument 'cmake_args' from command line to 'None'
[0.466s] Level 5:colcon.colcon_core.verb:set package 'sensor_fusion' build argument 'cmake_target' from command line to 'None'
[0.466s] Level 5:colcon.colcon_core.verb:set package 'sensor_fusion' build argument 'cmake_target_skip_unavailable' from command line to 'False'
[0.466s] Level 5:colcon.colcon_core.verb:set package 'sensor_fusion' build argument 'cmake_clean_cache' from command line to 'False'
[0.466s] Level 5:colcon.colcon_core.verb:set package 'sensor_fusion' build argument 'cmake_clean_first' from command line to 'False'
[0.466s] Level 5:colcon.colcon_core.verb:set package 'sensor_fusion' build argument 'cmake_force_configure' from command line to 'False'
[0.467s] Level 5:colcon.colcon_core.verb:set package 'sensor_fusion' build argument 'ament_cmake_args' from command line to 'None'
[0.467s] Level 5:colcon.colcon_core.verb:set package 'sensor_fusion' build argument 'catkin_cmake_args' from command line to 'None'
[0.467s] Level 5:colcon.colcon_core.verb:set package 'sensor_fusion' build argument 'catkin_skip_building_tests' from command line to 'False'
[0.467s] DEBUG:colcon.colcon_core.verb:Building package 'sensor_fusion' with the following arguments: {'ament_cmake_args': None, 'build_base': '/home/yusuf/ros2_project/build/sensor_fusion', 'catkin_cmake_args': None, 'catkin_skip_building_tests': False, 'cmake_args': None, 'cmake_clean_cache': False, 'cmake_clean_first': False, 'cmake_force_configure': False, 'cmake_target': None, 'cmake_target_skip_unavailable': False, 'install_base': '/home/yusuf/ros2_project/install/sensor_fusion', 'merge_install': False, 'path': '/home/yusuf/ros2_project/src/sensor_fusion', 'symlink_install': False, 'test_result_base': None}
[0.467s] INFO:colcon.colcon_core.executor:Executing jobs using 'parallel' executor
[0.468s] DEBUG:colcon.colcon_parallel_executor.executor.parallel:run_until_complete
[0.468s] INFO:colcon.colcon_ros.task.ament_cmake.build:Building ROS package in '/home/yusuf/ros2_project/src/control_systems' with build type 'ament_cmake'
[0.469s] INFO:colcon.colcon_cmake.task.cmake.build:Building CMake package in '/home/yusuf/ros2_project/src/control_systems'
[0.472s] INFO:colcon.colcon_core.plugin_system:Skipping extension 'colcon_core.shell.bat': Not used on non-Windows systems
[0.472s] INFO:colcon.colcon_core.shell:Skip shell extension 'powershell' for command environment: Not usable outside of PowerShell
[0.472s] DEBUG:colcon.colcon_core.shell:Skip shell extension 'dsv' for command environment
[0.477s] INFO:colcon.colcon_ros.task.ament_cmake.build:Building ROS package in '/home/yusuf/ros2_project/src/robot_sensing' with build type 'ament_cmake'
[0.478s] INFO:colcon.colcon_cmake.task.cmake.build:Building CMake package in '/home/yusuf/ros2_project/src/robot_sensing'
[0.478s] INFO:colcon.colcon_core.shell:Skip shell extension 'powershell' for command environment: Not usable outside of PowerShell
[0.478s] DEBUG:colcon.colcon_core.shell:Skip shell extension 'dsv' for command environment
[0.484s] INFO:colcon.colcon_ros.task.ament_cmake.build:Building ROS package in '/home/yusuf/ros2_project/src/sensor_fusion' with build type 'ament_cmake'
[0.485s] INFO:colcon.colcon_cmake.task.cmake.build:Building CMake package in '/home/yusuf/ros2_project/src/sensor_fusion'
[0.485s] INFO:colcon.colcon_core.shell:Skip shell extension 'powershell' for command environment: Not usable outside of PowerShell
[0.485s] DEBUG:colcon.colcon_core.shell:Skip shell extension 'dsv' for command environment
[0.498s] DEBUG:colcon.colcon_core.event_handler.log_command:Invoking command in '/home/yusuf/ros2_project/build/control_systems': CMAKE_PREFIX_PATH=${CMAKE_PREFIX_PATH}:/opt/ros/humble /usr/bin/cmake --build /home/yusuf/ros2_project/build/control_systems -- -j8 -l8
[0.508s] DEBUG:colcon.colcon_core.event_handler.log_command:Invoking command in '/home/yusuf/ros2_project/build/robot_sensing': CMAKE_PREFIX_PATH=${CMAKE_PREFIX_PATH}:/opt/ros/humble /usr/bin/cmake --build /home/yusuf/ros2_project/build/robot_sensing -- -j8 -l8
[0.517s] DEBUG:colcon.colcon_core.event_handler.log_command:Invoking command in '/home/yusuf/ros2_project/build/sensor_fusion': CMAKE_PREFIX_PATH=${CMAKE_PREFIX_PATH}:/opt/ros/humble /usr/bin/cmake --build /home/yusuf/ros2_project/build/sensor_fusion -- -j8 -l8
[0.672s] DEBUG:colcon.colcon_core.event_handler.log_command:Invoked command in '/home/yusuf/ros2_project/build/robot_sensing' returned '0': CMAKE_PREFIX_PATH=${CMAKE_PREFIX_PATH}:/opt/ros/humble /usr/bin/cmake --build /home/yusuf/ros2_project/build/robot_sensing -- -j8 -l8
[0.714s] DEBUG:colcon.colcon_core.event_handler.log_command:Invoked command in '/home/yusuf/ros2_project/build/sensor_fusion' returned '0': CMAKE_PREFIX_PATH=${CMAKE_PREFIX_PATH}:/opt/ros/humble /usr/bin/cmake --build /home/yusuf/ros2_project/build/sensor_fusion -- -j8 -l8
[0.787s] DEBUG:colcon.colcon_core.event_handler.log_command:Invoking command in '/home/yusuf/ros2_project/build/robot_sensing': CMAKE_PREFIX_PATH=${CMAKE_PREFIX_PATH}:/opt/ros/humble /usr/bin/cmake --install /home/yusuf/ros2_project/build/robot_sensing
[0.791s] DEBUG:colcon.colcon_core.event_handler.log_command:Invoking command in '/home/yusuf/ros2_project/build/sensor_fusion': CMAKE_PREFIX_PATH=${CMAKE_PREFIX_PATH}:/opt/ros/humble /usr/bin/cmake --install /home/yusuf/ros2_project/build/sensor_fusion
[0.825s] Level 1:colcon.colcon_core.environment:create_environment_scripts_only(sensor_fusion)
[0.837s] DEBUG:colcon.colcon_core.event_handler.log_command:Invoked command in '/home/yusuf/ros2_project/build/sensor_fusion' returned '0': CMAKE_PREFIX_PATH=${CMAKE_PREFIX_PATH}:/opt/ros/humble /usr/bin/cmake --install /home/yusuf/ros2_project/build/sensor_fusion
[0.840s] Level 1:colcon.colcon_core.environment:checking '/home/yusuf/ros2_project/install/sensor_fusion' for CMake module files
[0.841s] Level 1:colcon.colcon_core.environment:checking '/home/yusuf/ros2_project/install/sensor_fusion' for CMake config files
[0.842s] Level 1:colcon.colcon_core.shell:create_environment_hook('sensor_fusion', 'cmake_prefix_path')
[0.842s] INFO:colcon.colcon_core.shell:Creating environment hook '/home/yusuf/ros2_project/install/sensor_fusion/share/sensor_fusion/hook/cmake_prefix_path.ps1'
[0.843s] INFO:colcon.colcon_core.shell:Creating environment descriptor '/home/yusuf/ros2_project/install/sensor_fusion/share/sensor_fusion/hook/cmake_prefix_path.dsv'
[0.845s] INFO:colcon.colcon_core.shell:Creating environment hook '/home/yusuf/ros2_project/install/sensor_fusion/share/sensor_fusion/hook/cmake_prefix_path.sh'
[0.847s] Level 1:colcon.colcon_core.environment:checking '/home/yusuf/ros2_project/install/sensor_fusion/lib'
[0.848s] Level 1:colcon.colcon_core.environment:checking '/home/yusuf/ros2_project/install/sensor_fusion/bin'
[0.848s] Level 1:colcon.colcon_core.environment:checking '/home/yusuf/ros2_project/install/sensor_fusion/lib/pkgconfig/sensor_fusion.pc'
[0.848s] Level 1:colcon.colcon_core.environment:checking '/home/yusuf/ros2_project/install/sensor_fusion/lib/python3.10/site-packages'
[0.849s] Level 1:colcon.colcon_core.environment:checking '/home/yusuf/ros2_project/install/sensor_fusion/bin'
[0.849s] INFO:colcon.colcon_core.shell:Creating package script '/home/yusuf/ros2_project/install/sensor_fusion/share/sensor_fusion/package.ps1'
[0.851s] INFO:colcon.colcon_core.shell:Creating package descriptor '/home/yusuf/ros2_project/install/sensor_fusion/share/sensor_fusion/package.dsv'
[0.851s] INFO:colcon.colcon_core.shell:Creating package script '/home/yusuf/ros2_project/install/sensor_fusion/share/sensor_fusion/package.sh'
[0.852s] INFO:colcon.colcon_core.shell:Creating package script '/home/yusuf/ros2_project/install/sensor_fusion/share/sensor_fusion/package.bash'
[0.853s] INFO:colcon.colcon_core.shell:Creating package script '/home/yusuf/ros2_project/install/sensor_fusion/share/sensor_fusion/package.zsh'
[0.854s] Level 1:colcon.colcon_core.environment:create_file_with_runtime_dependencies(/home/yusuf/ros2_project/install/sensor_fusion/share/colcon-core/packages/sensor_fusion)
[0.856s] Level 1:colcon.colcon_core.environment:create_environment_scripts_only(robot_sensing)
[0.858s] Level 1:colcon.colcon_core.environment:checking '/home/yusuf/ros2_project/install/robot_sensing' for CMake module files
[0.859s] Level 1:colcon.colcon_core.environment:checking '/home/yusuf/ros2_project/install/robot_sensing' for CMake config files
[0.860s] DEBUG:colcon.colcon_core.event_handler.log_command:Invoked command in '/home/yusuf/ros2_project/build/robot_sensing' returned '0': CMAKE_PREFIX_PATH=${CMAKE_PREFIX_PATH}:/opt/ros/humble /usr/bin/cmake --install /home/yusuf/ros2_project/build/robot_sensing
[0.861s] Level 1:colcon.colcon_core.shell:create_environment_hook('robot_sensing', 'cmake_prefix_path')
[0.862s] INFO:colcon.colcon_core.shell:Creating environment hook '/home/yusuf/ros2_project/install/robot_sensing/share/robot_sensing/hook/cmake_prefix_path.ps1'
[0.863s] INFO:colcon.colcon_core.shell:Creating environment descriptor '/home/yusuf/ros2_project/install/robot_sensing/share/robot_sensing/hook/cmake_prefix_path.dsv'
[0.864s] INFO:colcon.colcon_core.shell:Creating environment hook '/home/yusuf/ros2_project/install/robot_sensing/share/robot_sensing/hook/cmake_prefix_path.sh'
[0.865s] Level 1:colcon.colcon_core.environment:checking '/home/yusuf/ros2_project/install/robot_sensing/lib'
[0.865s] Level 1:colcon.colcon_core.environment:checking '/home/yusuf/ros2_project/install/robot_sensing/bin'
[0.865s] Level 1:colcon.colcon_core.environment:checking '/home/yusuf/ros2_project/install/robot_sensing/lib/pkgconfig/robot_sensing.pc'
[0.866s] Level 1:colcon.colcon_core.environment:checking '/home/yusuf/ros2_project/install/robot_sensing/lib/python3.10/site-packages'
[0.867s] Level 1:colcon.colcon_core.environment:checking '/home/yusuf/ros2_project/install/robot_sensing/bin'
[0.867s] INFO:colcon.colcon_core.shell:Creating package script '/home/yusuf/ros2_project/install/robot_sensing/share/robot_sensing/package.ps1'
[0.868s] INFO:colcon.colcon_core.shell:Creating package descriptor '/home/yusuf/ros2_project/install/robot_sensing/share/robot_sensing/package.dsv'
[0.869s] INFO:colcon.colcon_core.shell:Creating package script '/home/yusuf/ros2_project/install/robot_sensing/share/robot_sensing/package.sh'
[0.871s] INFO:colcon.colcon_core.shell:Creating package script '/home/yusuf/ros2_project/install/robot_sensing/share/robot_sensing/package.bash'
[0.871s] INFO:colcon.colcon_core.shell:Creating package script '/home/yusuf/ros2_project/install/robot_sensing/share/robot_sensing/package.zsh'
[0.872s] Level 1:colcon.colcon_core.environment:create_file_with_runtime_dependencies(/home/yusuf/ros2_project/install/robot_sensing/share/colcon-core/packages/robot_sensing)
[0.924s] Level 1:colcon.colcon_core.environment:create_environment_scripts_only(sensor_fusion)
[0.925s] Level 1:colcon.colcon_core.environment:checking '/home/yusuf/ros2_project/install/sensor_fusion' for CMake module files
[0.926s] Level 1:colcon.colcon_core.environment:checking '/home/yusuf/ros2_project/install/sensor_fusion' for CMake config files
[0.926s] Level 1:colcon.colcon_core.shell:create_environment_hook('sensor_fusion', 'cmake_prefix_path')
[0.926s] INFO:colcon.colcon_core.shell:Creating environment hook '/home/yusuf/ros2_project/install/sensor_fusion/share/sensor_fusion/hook/cmake_prefix_path.ps1'
[0.927s] INFO:colcon.colcon_core.shell:Creating environment descriptor '/home/yusuf/ros2_project/install/sensor_fusion/share/sensor_fusion/hook/cmake_prefix_path.dsv'
[0.928s] INFO:colcon.colcon_core.shell:Creating environment hook '/home/yusuf/ros2_project/install/sensor_fusion/share/sensor_fusion/hook/cmake_prefix_path.sh'
[0.929s] Level 1:colcon.colcon_core.environment:checking '/home/yusuf/ros2_project/install/sensor_fusion/lib'
[0.929s] Level 1:colcon.colcon_core.environment:checking '/home/yusuf/ros2_project/install/sensor_fusion/bin'
[0.929s] Level 1:colcon.colcon_core.environment:checking '/home/yusuf/ros2_project/install/sensor_fusion/lib/pkgconfig/sensor_fusion.pc'
[0.930s] Level 1:colcon.colcon_core.environment:checking '/home/yusuf/ros2_project/install/sensor_fusion/lib/python3.10/site-packages'
[0.930s] Level 1:colcon.colcon_core.environment:checking '/home/yusuf/ros2_project/install/sensor_fusion/bin'
[0.931s] INFO:colcon.colcon_core.shell:Creating package script '/home/yusuf/ros2_project/install/sensor_fusion/share/sensor_fusion/package.ps1'
[0.932s] INFO:colcon.colcon_core.shell:Creating package descriptor '/home/yusuf/ros2_project/install/sensor_fusion/share/sensor_fusion/package.dsv'
[0.933s] INFO:colcon.colcon_core.shell:Creating package script '/home/yusuf/ros2_project/install/sensor_fusion/share/sensor_fusion/package.sh'
[0.934s] INFO:colcon.colcon_core.shell:Creating package script '/home/yusuf/ros2_project/install/sensor_fusion/share/sensor_fusion/package.bash'
[0.934s] INFO:colcon.colcon_core.shell:Creating package script '/home/yusuf/ros2_project/install/sensor_fusion/share/sensor_fusion/package.zsh'
[0.935s] Level 1:colcon.colcon_core.environment:create_file_with_runtime_dependencies(/home/yusuf/ros2_project/install/sensor_fusion/share/colcon-core/packages/sensor_fusion)
[0.937s] Level 1:colcon.colcon_core.environment:create_environment_scripts_only(robot_sensing)
[0.937s] Level 1:colcon.colcon_core.environment:checking '/home/yusuf/ros2_project/install/robot_sensing' for CMake module files
[0.938s] Level 1:colcon.colcon_core.environment:checking '/home/yusuf/ros2_project/install/robot_sensing' for CMake config files
[0.939s] Level 1:colcon.colcon_core.shell:create_environment_hook('robot_sensing', 'cmake_prefix_path')
[0.940s] INFO:colcon.colcon_core.shell:Creating environment hook '/home/yusuf/ros2_project/install/robot_sensing/share/robot_sensing/hook/cmake_prefix_path.ps1'
[0.940s] INFO:colcon.colcon_core.shell:Creating environment descriptor '/home/yusuf/ros2_project/install/robot_sensing/share/robot_sensing/hook/cmake_prefix_path.dsv'
[0.941s] INFO:colcon.colcon_core.shell:Creating environment hook '/home/yusuf/ros2_project/install/robot_sensing/share/robot_sensing/hook/cmake_prefix_path.sh'
[0.942s] Level 1:colcon.colcon_core.environment:checking '/home/yusuf/ros2_project/install/robot_sensing/lib'
[0.942s] Level 1:colcon.colcon_core.environment:checking '/home/yusuf/ros2_project/install/robot_sensing/bin'
[0.942s] Level 1:colcon.colcon_core.environment:checking '/home/yusuf/ros2_project/install/robot_sensing/lib/pkgconfig/robot_sensing.pc'
[0.942s] Level 1:colcon.colcon_core.environment:checking '/home/yusuf/ros2_project/install/robot_sensing/lib/python3.10/site-packages'
[0.943s] Level 1:colcon.colcon_core.environment:checking '/home/yusuf/ros2_project/install/robot_sensing/bin'
[0.943s] INFO:colcon.colcon_core.shell:Creating package script '/home/yusuf/ros2_project/install/robot_sensing/share/robot_sensing/package.ps1'
[0.945s] INFO:colcon.colcon_core.shell:Creating package descriptor '/home/yusuf/ros2_project/install/robot_sensing/share/robot_sensing/package.dsv'
[0.945s] INFO:colcon.colcon_core.shell:Creating package script '/home/yusuf/ros2_project/install/robot_sensing/share/robot_sensing/package.sh'
[0.946s] INFO:colcon.colcon_core.shell:Creating package script '/home/yusuf/ros2_project/install/robot_sensing/share/robot_sensing/package.bash'
[0.947s] INFO:colcon.colcon_core.shell:Creating package script '/home/yusuf/ros2_project/install/robot_sensing/share/robot_sensing/package.zsh'
[0.948s] Level 1:colcon.colcon_core.environment:create_file_with_runtime_dependencies(/home/yusuf/ros2_project/install/robot_sensing/share/colcon-core/packages/robot_sensing)
[40.154s] DEBUG:colcon.colcon_core.event_handler.log_command:Invoked command in '/home/yusuf/ros2_project/build/control_systems' returned '0': CMAKE_PREFIX_PATH=${CMAKE_PREFIX_PATH}:/opt/ros/humble /usr/bin/cmake --build /home/yusuf/ros2_project/build/control_systems -- -j8 -l8
[40.220s] DEBUG:colcon.colcon_core.event_handler.log_command:Invoking command in '/home/yusuf/ros2_project/build/control_systems': CMAKE_PREFIX_PATH=${CMAKE_PREFIX_PATH}:/opt/ros/humble /usr/bin/cmake --install /home/yusuf/ros2_project/build/control_systems
[40.282s] Level 1:colcon.colcon_core.environment:create_environment_scripts_only(control_systems)
[40.283s] DEBUG:colcon.colcon_core.event_handler.log_command:Invoked command in '/home/yusuf/ros2_project/build/control_systems' returned '0': CMAKE_PREFIX_PATH=${CMAKE_PREFIX_PATH}:/opt/ros/humble /usr/bin/cmake --install /home/yusuf/ros2_project/build/control_systems
[40.283s] Level 1:colcon.colcon_core.environment:checking '/home/yusuf/ros2_project/install/control_systems' for CMake module files
[40.285s] Level 1:colcon.colcon_core.environment:checking '/home/yusuf/ros2_project/install/control_systems' for CMake config files
[40.285s] Level 1:colcon.colcon_core.shell:create_environment_hook('control_systems', 'cmake_prefix_path')
[40.286s] INFO:colcon.colcon_core.shell:Creating environment hook '/home/yusuf/ros2_project/install/control_systems/share/control_systems/hook/cmake_prefix_path.ps1'
[40.286s] INFO:colcon.colcon_core.shell:Creating environment descriptor '/home/yusuf/ros2_project/install/control_systems/share/control_systems/hook/cmake_prefix_path.dsv'
[40.287s] INFO:colcon.colcon_core.shell:Creating environment hook '/home/yusuf/ros2_project/install/control_systems/share/control_systems/hook/cmake_prefix_path.sh'
[40.288s] Level 1:colcon.colcon_core.environment:checking '/home/yusuf/ros2_project/install/control_systems/lib'
[40.288s] Level 1:colcon.colcon_core.environment:checking '/home/yusuf/ros2_project/install/control_systems/bin'
[40.288s] Level 1:colcon.colcon_core.environment:checking '/home/yusuf/ros2_project/install/control_systems/lib/pkgconfig/control_systems.pc'
[40.289s] Level 1:colcon.colcon_core.environment:checking '/home/yusuf/ros2_project/install/control_systems/lib/python3.10/site-packages'
[40.289s] Level 1:colcon.colcon_core.environment:checking '/home/yusuf/ros2_project/install/control_systems/bin'
[40.290s] INFO:colcon.colcon_core.shell:Creating package script '/home/yusuf/ros2_project/install/control_systems/share/control_systems/package.ps1'
[40.291s] INFO:colcon.colcon_core.shell:Creating package descriptor '/home/yusuf/ros2_project/install/control_systems/share/control_systems/package.dsv'
[40.292s] INFO:colcon.colcon_core.shell:Creating package script '/home/yusuf/ros2_project/install/control_systems/share/control_systems/package.sh'
[40.293s] INFO:colcon.colcon_core.shell:Creating package script '/home/yusuf/ros2_project/install/control_systems/share/control_systems/package.bash'
[40.294s] INFO:colcon.colcon_core.shell:Creating package script '/home/yusuf/ros2_project/install/control_systems/share/control_systems/package.zsh'
[40.294s] Level 1:colcon.colcon_core.environment:create_file_with_runtime_dependencies(/home/yusuf/ros2_project/install/control_systems/share/colcon-core/packages/control_systems)
[40.359s] Level 1:colcon.colcon_core.environment:create_environment_scripts_only(control_systems)
[40.360s] Level 1:colcon.colcon_core.environment:checking '/home/yusuf/ros2_project/install/control_systems' for CMake module files
[40.361s] Level 1:colcon.colcon_core.environment:checking '/home/yusuf/ros2_project/install/control_systems' for CMake config files
[40.361s] Level 1:colcon.colcon_core.shell:create_environment_hook('control_systems', 'cmake_prefix_path')
[40.362s] INFO:colcon.colcon_core.shell:Creating environment hook '/home/yusuf/ros2_project/install/control_systems/share/control_systems/hook/cmake_prefix_path.ps1'
[40.363s] INFO:colcon.colcon_core.shell:Creating environment descriptor '/home/yusuf/ros2_project/install/control_systems/share/control_systems/hook/cmake_prefix_path.dsv'
[40.363s] INFO:colcon.colcon_core.shell:Creating environment hook '/home/yusuf/ros2_project/install/control_systems/share/control_systems/hook/cmake_prefix_path.sh'
[40.365s] Level 1:colcon.colcon_core.environment:checking '/home/yusuf/ros2_project/install/control_systems/lib'
[40.365s] Level 1:colcon.colcon_core.environment:checking '/home/yusuf/ros2_project/install/control_systems/bin'
[40.365s] Level 1:colcon.colcon_core.environment:checking '/home/yusuf/ros2_project/install/control_systems/lib/pkgconfig/control_systems.pc'
[40.366s] Level 1:colcon.colcon_core.environment:checking '/home/yusuf/ros2_project/install/control_systems/lib/python3.10/site-packages'
[40.366s] Level 1:colcon.colcon_core.environment:checking '/home/yusuf/ros2_project/install/control_systems/bin'
[40.367s] INFO:colcon.colcon_core.shell:Creating package script '/home/yusuf/ros2_project/install/control_systems/share/control_systems/package.ps1'
[40.367s] INFO:colcon.colcon_core.shell:Creating package descriptor '/home/yusuf/ros2_project/install/control_systems/share/control_systems/package.dsv'
[40.368s] INFO:colcon.colcon_core.shell:Creating package script '/home/yusuf/ros2_project/install/control_systems/share/control_systems/package.sh'
[40.369s] INFO:colcon.colcon_core.shell:Creating package script '/home/yusuf/ros2_project/install/control_systems/share/control_systems/package.bash'
[40.370s] INFO:colcon.colcon_core.shell:Creating package script '/home/yusuf/ros2_project/install/control_systems/share/control_systems/package.zsh'
[40.370s] Level 1:colcon.colcon_core.environment:create_file_with_runtime_dependencies(/home/yusuf/ros2_project/install/control_systems/share/colcon-core/packages/control_systems)
[40.371s] DEBUG:colcon.colcon_parallel_executor.executor.parallel:closing loop
[40.371s] DEBUG:colcon.colcon_parallel_executor.executor.parallel:loop closed
[40.372s] DEBUG:colcon.colcon_parallel_executor.executor.parallel:run_until_complete finished with '0'
[40.372s] DEBUG:colcon.colcon_core.event_reactor:joining thread
[40.385s] INFO:colcon.colcon_core.plugin_system:Skipping extension 'colcon_notification.desktop_notification.notify_send': Could not find 'notify-send'
[40.385s] INFO:colcon.colcon_core.plugin_system:Skipping extension 'colcon_notification.desktop_notification.terminal_notifier': Not used on non-Darwin systems
[40.386s] INFO:colcon.colcon_core.plugin_system:Skipping extension 'colcon_notification.desktop_notification.win32': Not used on non-Windows systems
[40.386s] INFO:colcon.colcon_notification.desktop_notification:Sending desktop notification using 'notify2'
[40.388s] DEBUG:colcon.colcon_notification.desktop_notification.notify2:Failed to initialize notify2: org.freedesktop.DBus.Error.ServiceUnknown: The name org.freedesktop.Notifications was not provided by any .service files
[40.388s] DEBUG:colcon.colcon_core.event_reactor:joined thread
[40.389s] INFO:colcon.colcon_core.shell:Creating prefix script '/home/yusuf/ros2_project/install/local_setup.ps1'
[40.392s] INFO:colcon.colcon_core.shell:Creating prefix util module '/home/yusuf/ros2_project/install/_local_setup_util_ps1.py'
[40.396s] INFO:colcon.colcon_core.shell:Creating prefix chain script '/home/yusuf/ros2_project/install/setup.ps1'
[40.399s] INFO:colcon.colcon_core.shell:Creating prefix script '/home/yusuf/ros2_project/install/local_setup.sh'
[40.401s] INFO:colcon.colcon_core.shell:Creating prefix util module '/home/yusuf/ros2_project/install/_local_setup_util_sh.py'
[40.402s] INFO:colcon.colcon_core.shell:Creating prefix chain script '/home/yusuf/ros2_project/install/setup.sh'
[40.405s] INFO:colcon.colcon_core.shell:Creating prefix script '/home/yusuf/ros2_project/install/local_setup.bash'
[40.406s] INFO:colcon.colcon_core.shell:Creating prefix chain script '/home/yusuf/ros2_project/install/setup.bash'
[40.410s] INFO:colcon.colcon_core.shell:Creating prefix script '/home/yusuf/ros2_project/install/local_setup.zsh'
[40.411s] INFO:colcon.colcon_core.shell:Creating prefix chain script '/home/yusuf/ros2_project/install/setup.zsh'
