[0.027s] Invoking command in '/home/yusuf/ros2_project/build/robot_sensing': CMAKE_PREFIX_PATH=/opt/ros/humble /usr/bin/cmake --build /home/yusuf/ros2_project/build/robot_sensing -- -j8 -l8
[0.136s] [ 25%] Built target odom_kinematic
[0.138s] [ 50%] Built target maze_lidar
[0.158s] [ 75%] Built target line_following
[0.168s] [100%] Built target point_cloud_segmentation
[0.184s] Invoked command in '/home/yusuf/ros2_project/build/robot_sensing' returned '0': CMAKE_PREFIX_PATH=/opt/ros/humble /usr/bin/cmake --build /home/yusuf/ros2_project/build/robot_sensing -- -j8 -l8
[0.250s] Invoking command in '/home/yusuf/ros2_project/build/robot_sensing': CMAKE_PREFIX_PATH=/opt/ros/humble /usr/bin/cmake --install /home/yusuf/ros2_project/build/robot_sensing
[0.262s] -- Install configuration: ""
[0.262s] -- Up-to-date: /home/yusuf/ros2_project/install/robot_sensing/lib/robot_sensing/maze_lidar
[0.263s] -- Up-to-date: /home/yusuf/ros2_project/install/robot_sensing/lib/robot_sensing/odom_kinematic
[0.264s] -- Up-to-date: /home/yusuf/ros2_project/install/robot_sensing/lib/robot_sensing/line_following
[0.265s] -- Up-to-date: /home/yusuf/ros2_project/install/robot_sensing/lib/robot_sensing/point_cloud_segmentation
[0.265s] -- Up-to-date: /home/yusuf/ros2_project/install/robot_sensing/share/robot_sensing/launch
[0.266s] -- Up-to-date: /home/yusuf/ros2_project/install/robot_sensing/share/robot_sensing/launch/maze_world.launch.py
[0.267s] -- Up-to-date: /home/yusuf/ros2_project/install/robot_sensing/share/robot_sensing/launch/line_world.launch.py
[0.267s] -- Up-to-date: /home/yusuf/ros2_project/install/robot_sensing/share/robot_sensing/world
[0.267s] -- Up-to-date: /home/yusuf/ros2_project/install/robot_sensing/share/robot_sensing/world/maze.world
[0.268s] -- Up-to-date: /home/yusuf/ros2_project/install/robot_sensing/share/robot_sensing/world/linefollowing.world
[0.268s] -- Up-to-date: /home/yusuf/ros2_project/install/robot_sensing/share/ament_index/resource_index/package_run_dependencies/robot_sensing
[0.268s] -- Up-to-date: /home/yusuf/ros2_project/install/robot_sensing/share/ament_index/resource_index/parent_prefix_path/robot_sensing
[0.269s] -- Up-to-date: /home/yusuf/ros2_project/install/robot_sensing/share/robot_sensing/environment/ament_prefix_path.sh
[0.269s] -- Up-to-date: /home/yusuf/ros2_project/install/robot_sensing/share/robot_sensing/environment/ament_prefix_path.dsv
[0.269s] -- Up-to-date: /home/yusuf/ros2_project/install/robot_sensing/share/robot_sensing/environment/path.sh
[0.269s] -- Up-to-date: /home/yusuf/ros2_project/install/robot_sensing/share/robot_sensing/environment/path.dsv
[0.270s] -- Up-to-date: /home/yusuf/ros2_project/install/robot_sensing/share/robot_sensing/local_setup.bash
[0.271s] -- Up-to-date: /home/yusuf/ros2_project/install/robot_sensing/share/robot_sensing/local_setup.sh
[0.271s] -- Up-to-date: /home/yusuf/ros2_project/install/robot_sensing/share/robot_sensing/local_setup.zsh
[0.271s] -- Up-to-date: /home/yusuf/ros2_project/install/robot_sensing/share/robot_sensing/local_setup.dsv
[0.271s] -- Installing: /home/yusuf/ros2_project/install/robot_sensing/share/robot_sensing/package.dsv
[0.272s] -- Up-to-date: /home/yusuf/ros2_project/install/robot_sensing/share/ament_index/resource_index/packages/robot_sensing
[0.272s] -- Up-to-date: /home/yusuf/ros2_project/install/robot_sensing/share/robot_sensing/cmake/robot_sensingConfig.cmake
[0.273s] -- Up-to-date: /home/yusuf/ros2_project/install/robot_sensing/share/robot_sensing/cmake/robot_sensingConfig-version.cmake
[0.273s] -- Up-to-date: /home/yusuf/ros2_project/install/robot_sensing/share/robot_sensing/package.xml
[0.273s] Invoked command in '/home/yusuf/ros2_project/build/robot_sensing' returned '0': CMAKE_PREFIX_PATH=/opt/ros/humble /usr/bin/cmake --install /home/yusuf/ros2_project/build/robot_sensing
