[0.028s] Invoking command in '/home/yusuf/ros2_project/build/robot_sensing': CMAKE_PREFIX_PATH=/opt/ros/humble /usr/bin/cmake --build /home/yusuf/ros2_project/build/robot_sensing -- -j8 -l8
[0.164s] [35m[1mConsolidate compiler generated dependencies of target maze_lidar[0m
[0.164s] [35m[1mConsolidate compiler generated dependencies of target point_cloud_segmentation[0m
[0.169s] [35m[1mConsolidate compiler generated dependencies of target line_following[0m
[0.169s] [35m[1mConsolidate compiler generated dependencies of target odom_kinematic[0m
[0.214s] [ 25%] Built target maze_lidar
[0.226s] [ 50%] Built target line_following
[0.240s] [ 75%] Built target odom_kinematic
[0.254s] [100%] Built target point_cloud_segmentation
[0.278s] Invoked command in '/home/yusuf/ros2_project/build/robot_sensing' returned '0': CMAKE_PREFIX_PATH=/opt/ros/humble /usr/bin/cmake --build /home/yusuf/ros2_project/build/robot_sensing -- -j8 -l8
[0.355s] Invoking command in '/home/yusuf/ros2_project/build/robot_sensing': CMAKE_PREFIX_PATH=/opt/ros/humble /usr/bin/cmake --install /home/yusuf/ros2_project/build/robot_sensing
[0.366s] -- Install configuration: ""
[0.367s] -- Up-to-date: /home/yusuf/ros2_project/install/robot_sensing/lib/robot_sensing/maze_lidar
[0.369s] -- Up-to-date: /home/yusuf/ros2_project/install/robot_sensing/lib/robot_sensing/odom_kinematic
[0.371s] -- Up-to-date: /home/yusuf/ros2_project/install/robot_sensing/lib/robot_sensing/line_following
[0.372s] -- Up-to-date: /home/yusuf/ros2_project/install/robot_sensing/lib/robot_sensing/point_cloud_segmentation
[0.373s] -- Up-to-date: /home/yusuf/ros2_project/install/robot_sensing/share/robot_sensing/launch
[0.374s] -- Up-to-date: /home/yusuf/ros2_project/install/robot_sensing/share/robot_sensing/launch/maze_world.launch.py
[0.375s] -- Up-to-date: /home/yusuf/ros2_project/install/robot_sensing/share/robot_sensing/launch/line_world.launch.py
[0.375s] -- Up-to-date: /home/yusuf/ros2_project/install/robot_sensing/share/robot_sensing/world
[0.376s] -- Up-to-date: /home/yusuf/ros2_project/install/robot_sensing/share/robot_sensing/world/maze.world
[0.376s] -- Up-to-date: /home/yusuf/ros2_project/install/robot_sensing/share/robot_sensing/world/linefollowing.world
[0.376s] -- Up-to-date: /home/yusuf/ros2_project/install/robot_sensing/share/ament_index/resource_index/package_run_dependencies/robot_sensing
[0.376s] -- Up-to-date: /home/yusuf/ros2_project/install/robot_sensing/share/ament_index/resource_index/parent_prefix_path/robot_sensing
[0.377s] -- Up-to-date: /home/yusuf/ros2_project/install/robot_sensing/share/robot_sensing/environment/ament_prefix_path.sh
[0.377s] -- Up-to-date: /home/yusuf/ros2_project/install/robot_sensing/share/robot_sensing/environment/ament_prefix_path.dsv
[0.378s] -- Up-to-date: /home/yusuf/ros2_project/install/robot_sensing/share/robot_sensing/environment/path.sh
[0.378s] -- Up-to-date: /home/yusuf/ros2_project/install/robot_sensing/share/robot_sensing/environment/path.dsv
[0.379s] -- Up-to-date: /home/yusuf/ros2_project/install/robot_sensing/share/robot_sensing/local_setup.bash
[0.379s] -- Up-to-date: /home/yusuf/ros2_project/install/robot_sensing/share/robot_sensing/local_setup.sh
[0.380s] -- Up-to-date: /home/yusuf/ros2_project/install/robot_sensing/share/robot_sensing/local_setup.zsh
[0.380s] -- Up-to-date: /home/yusuf/ros2_project/install/robot_sensing/share/robot_sensing/local_setup.dsv
[0.380s] -- Installing: /home/yusuf/ros2_project/install/robot_sensing/share/robot_sensing/package.dsv
[0.380s] -- Up-to-date: /home/yusuf/ros2_project/install/robot_sensing/share/ament_index/resource_index/packages/robot_sensing
[0.380s] -- Up-to-date: /home/yusuf/ros2_project/install/robot_sensing/share/robot_sensing/cmake/robot_sensingConfig.cmake
[0.381s] -- Up-to-date: /home/yusuf/ros2_project/install/robot_sensing/share/robot_sensing/cmake/robot_sensingConfig-version.cmake
[0.381s] -- Up-to-date: /home/yusuf/ros2_project/install/robot_sensing/share/robot_sensing/package.xml
[0.397s] Invoked command in '/home/yusuf/ros2_project/build/robot_sensing' returned '0': CMAKE_PREFIX_PATH=/opt/ros/humble /usr/bin/cmake --install /home/yusuf/ros2_project/build/robot_sensing
