[0.035s] Invoking command in '/home/yusuf/ros2_project/build/robot_sensing': CMAKE_PREFIX_PATH=/opt/ros/humble /usr/bin/cmake /home/yusuf/ros2_project/src/robot_sensing -DCMAKE_INSTALL_PREFIX=/home/yusuf/ros2_project/install/robot_sensing
[0.188s] -- The C compiler identification is GNU 11.4.0
[0.385s] -- The CXX compiler identification is GNU 11.4.0
[0.417s] -- Detecting C compiler ABI info
[0.644s] -- Detecting C compiler ABI info - done
[0.684s] -- Check for working C compiler: /usr/bin/cc - skipped
[0.689s] -- Detecting C compile features
[0.691s] -- Detecting C compile features - done
[0.709s] -- Detecting CXX compiler ABI info
[1.018s] -- Detecting CXX compiler ABI info - done
[1.080s] -- Check for working CXX compiler: /usr/bin/c++ - skipped
[1.082s] -- Detecting CXX compile features
[1.085s] -- Detecting CXX compile features - done
[1.097s] -- Found ament_cmake: 1.3.10 (/opt/ros/humble/share/ament_cmake/cmake)
[1.724s] -- Found Python3: /usr/bin/python3 (found version "3.10.12") found components: Interpreter 
[2.091s] -- Found rclcpp: 16.0.10 (/opt/ros/humble/share/rclcpp/cmake)
[2.296s] -- Found rosidl_generator_c: 3.1.5 (/opt/ros/humble/share/rosidl_generator_c/cmake)
[2.320s] -- Found rosidl_adapter: 3.1.5 (/opt/ros/humble/share/rosidl_adapter/cmake)
[2.360s] -- Found rosidl_generator_cpp: 3.1.5 (/opt/ros/humble/share/rosidl_generator_cpp/cmake)
[2.418s] -- Using all available rosidl_typesupport_c: rosidl_typesupport_fastrtps_c;rosidl_typesupport_introspection_c
[2.499s] -- Using all available rosidl_typesupport_cpp: rosidl_typesupport_fastrtps_cpp;rosidl_typesupport_introspection_cpp
[2.706s] -- Found rmw_implementation_cmake: 6.1.2 (/opt/ros/humble/share/rmw_implementation_cmake/cmake)
[2.715s] -- Found rmw_fastrtps_cpp: 6.2.7 (/opt/ros/humble/share/rmw_fastrtps_cpp/cmake)
[3.027s] -- Found OpenSSL: /usr/lib/x86_64-linux-gnu/libcrypto.so (found version "3.0.2")  
[3.140s] -- Found FastRTPS: /opt/ros/humble/include  
[3.289s] -- Using RMW implementation 'rmw_fastrtps_cpp' as default
[3.331s] -- Looking for pthread.h
[3.592s] -- Looking for pthread.h - found
[3.593s] -- Performing Test CMAKE_HAVE_LIBC_PTHREAD
[3.867s] -- Performing Test CMAKE_HAVE_LIBC_PTHREAD - Success
[3.875s] -- Found Threads: TRUE  
[4.141s] -- Found geometry_msgs: 4.2.4 (/opt/ros/humble/share/geometry_msgs/cmake)
[4.210s] -- Found nav_msgs: 4.2.4 (/opt/ros/humble/share/nav_msgs/cmake)
[4.302s] -- Found tf2_ros: 0.25.7 (/opt/ros/humble/share/tf2_ros/cmake)
[4.796s] -- Found sensor_msgs: 4.2.4 (/opt/ros/humble/share/sensor_msgs/cmake)
[4.891s] -- Found cv_bridge: 3.2.1 (/opt/ros/humble/share/cv_bridge/cmake)
[4.965s] -- Found OpenCV: /usr (found version "4.5.4") 
[5.015s] -- Checking for module 'eigen3'
[5.062s] --   Found eigen3, version 3.4.0
[5.184s] -- Found Eigen: /usr/include/eigen3 (Required is at least version "3.1") 
[5.184s] -- Eigen found (include: /usr/include/eigen3, version: 3.4.0)
[5.291s] -- Found Boost: /usr/lib/x86_64-linux-gnu/cmake/Boost-1.74.0/BoostConfig.cmake (found suitable version "1.74.0", minimum required is "1.65.0") found components: system filesystem date_time iostreams serialization 
[5.369s] -- Checking for module 'flann'
[5.418s] --   Found flann, version 1.9.1
[5.595s] -- Found FLANN: /usr/lib/x86_64-linux-gnu/libflann_cpp.so  
[5.595s] -- FLANN found (include: /usr/include, lib: /usr/lib/x86_64-linux-gnu/libflann_cpp.so)
[5.813s] -- Found GLEW: /usr/lib/x86_64-linux-gnu/libGLEW.so  
[5.842s] -- Found OpenGL: /usr/lib/x86_64-linux-gnu/libOpenGL.so  found components: OpenGL GLX 
[6.757s] -- Found MPI_C: /usr/lib/x86_64-linux-gnu/libmpi.so (found version "3.1") 
[6.761s] -- Found MPI: TRUE (found version "3.1") found components: C 
[6.783s] -- Found JsonCpp: /usr/lib/x86_64-linux-gnu/libjsoncpp.so (found suitable version "1.9.5", minimum required is "0.7.0") 
[6.881s] -- Found ZLIB: /usr/lib/x86_64-linux-gnu/libz.so (found version "1.2.11") 
[7.141s] -- Found PNG: /usr/lib/x86_64-linux-gnu/libpng.so (found version "1.6.37") 
[7.305s] -- Found Eigen3: /usr/include/eigen3 (found version "3.4.0") 
[8.085s] -- Found X11: /usr/include   
[8.092s] -- Looking for XOpenDisplay in /usr/lib/x86_64-linux-gnu/libX11.so;/usr/lib/x86_64-linux-gnu/libXext.so
[8.624s] -- Looking for XOpenDisplay in /usr/lib/x86_64-linux-gnu/libX11.so;/usr/lib/x86_64-linux-gnu/libXext.so - found
[8.629s] -- Looking for gethostbyname
[8.959s] -- Looking for gethostbyname - found
[8.961s] -- Looking for connect
[9.371s] -- Looking for connect - found
[9.377s] -- Looking for remove
[9.806s] -- Looking for remove - found
[9.807s] -- Looking for shmat
[10.154s] -- Looking for shmat - found
[10.157s] -- Looking for IceConnectionNumber in ICE
[10.544s] -- Looking for IceConnectionNumber in ICE - found
[10.969s] -- Found EXPAT: /usr/lib/x86_64-linux-gnu/libexpat.so (found version "2.4.7") 
[10.985s] -- Found double-conversion: /usr/lib/x86_64-linux-gnu/libdouble-conversion.so  
[11.012s] -- Found LZ4: /usr/lib/x86_64-linux-gnu/liblz4.so (found version "1.9.3") 
[11.034s] -- Found LZMA: /usr/lib/x86_64-linux-gnu/liblzma.so (found version "5.2.5") 
[11.161s] -- Found JPEG: /usr/lib/x86_64-linux-gnu/libjpeg.so (found version "80") 
[11.218s] -- Found TIFF: /usr/lib/x86_64-linux-gnu/libtiff.so (found version "4.3.0")  
[11.259s] -- Found Freetype: /usr/lib/x86_64-linux-gnu/libfreetype.so (found version "2.11.1") 
[11.303s] -- Found utf8cpp: /usr/include/utf8cpp  
[11.934s] -- Checking for module 'libusb-1.0'
[12.053s] --   Found libusb-1.0, version 1.0.25
[12.269s] -- Found libusb: /usr/lib/x86_64-linux-gnu/libusb-1.0.so  
[12.275s] -- Found OpenNI: /usr/lib/libOpenNI.so;libusb::libusb (found version "1.5.4.0") 
[12.279s] -- OpenNI found (version: 1.5.4.0, include: /usr/include/ni, lib: /usr/lib/libOpenNI.so;libusb::libusb)
[12.517s] -- Found OpenNI2: /usr/lib/x86_64-linux-gnu/libOpenNI2.so;libusb::libusb (found version "2.2.0.33") 
[12.518s] -- OpenNI2 found (version: 2.2.0.33, include: /usr/include/openni2, lib: /usr/lib/x86_64-linux-gnu/libOpenNI2.so;libusb::libusb)
[12.518s] [0m** WARNING ** io features related to pcap will be disabled[0m
[13.436s] -- Eigen found (include: /usr/include/eigen3, version: 3.4.0)
[13.467s] -- OpenNI found (version: 1.5.4.0, include: /usr/include/ni, lib: /usr/lib/libOpenNI.so;libusb::libusb)
[13.496s] -- OpenNI2 found (version: 2.2.0.33, include: /usr/include/openni2, lib: /usr/lib/x86_64-linux-gnu/libOpenNI2.so;libusb::libusb)
[14.530s] -- Found Qhull version 8.0.2
[15.394s] -- OpenNI found (version: 1.5.4.0, include: /usr/include/ni, lib: /usr/lib/libOpenNI.so;libusb::libusb)
[16.472s] -- looking for PCL_COMMON
[16.477s] -- Found PCL_COMMON: /usr/lib/x86_64-linux-gnu/libpcl_common.so  
[16.480s] -- looking for PCL_KDTREE
[16.494s] -- Found PCL_KDTREE: /usr/lib/x86_64-linux-gnu/libpcl_kdtree.so  
[16.495s] -- looking for PCL_OCTREE
[16.495s] -- Found PCL_OCTREE: /usr/lib/x86_64-linux-gnu/libpcl_octree.so  
[16.502s] -- looking for PCL_SEARCH
[16.508s] -- Found PCL_SEARCH: /usr/lib/x86_64-linux-gnu/libpcl_search.so  
[16.511s] -- looking for PCL_SAMPLE_CONSENSUS
[16.524s] -- Found PCL_SAMPLE_CONSENSUS: /usr/lib/x86_64-linux-gnu/libpcl_sample_consensus.so  
[16.526s] -- looking for PCL_FILTERS
[16.529s] -- Found PCL_FILTERS: /usr/lib/x86_64-linux-gnu/libpcl_filters.so  
[16.533s] -- looking for PCL_2D
[16.534s] -- Found PCL_2D: /usr/include/pcl-1.12  
[16.536s] -- looking for PCL_GEOMETRY
[16.536s] -- Found PCL_GEOMETRY: /usr/include/pcl-1.12  
[16.540s] -- looking for PCL_IO
[16.540s] -- Found PCL_IO: /usr/lib/x86_64-linux-gnu/libpcl_io.so  
[16.544s] -- looking for PCL_FEATURES
[16.547s] -- Found PCL_FEATURES: /usr/lib/x86_64-linux-gnu/libpcl_features.so  
[16.547s] -- looking for PCL_ML
[16.552s] -- Found PCL_ML: /usr/lib/x86_64-linux-gnu/libpcl_ml.so  
[16.552s] -- looking for PCL_SEGMENTATION
[16.557s] -- Found PCL_SEGMENTATION: /usr/lib/x86_64-linux-gnu/libpcl_segmentation.so  
[16.559s] -- looking for PCL_VISUALIZATION
[16.569s] -- Found PCL_VISUALIZATION: /usr/lib/x86_64-linux-gnu/libpcl_visualization.so  
[16.569s] -- looking for PCL_SURFACE
[16.585s] -- Found PCL_SURFACE: /usr/lib/x86_64-linux-gnu/libpcl_surface.so  
[16.586s] -- looking for PCL_REGISTRATION
[16.591s] -- Found PCL_REGISTRATION: /usr/lib/x86_64-linux-gnu/libpcl_registration.so  
[16.595s] -- looking for PCL_KEYPOINTS
[16.601s] -- Found PCL_KEYPOINTS: /usr/lib/x86_64-linux-gnu/libpcl_keypoints.so  
[16.605s] -- looking for PCL_TRACKING
[16.613s] -- Found PCL_TRACKING: /usr/lib/x86_64-linux-gnu/libpcl_tracking.so  
[16.615s] -- looking for PCL_RECOGNITION
[16.621s] -- Found PCL_RECOGNITION: /usr/lib/x86_64-linux-gnu/libpcl_recognition.so  
[16.626s] -- looking for PCL_STEREO
[16.630s] -- Found PCL_STEREO: /usr/lib/x86_64-linux-gnu/libpcl_stereo.so  
[16.630s] -- looking for PCL_APPS
[16.642s] -- Found PCL_APPS: /usr/lib/x86_64-linux-gnu/libpcl_apps.so  
[16.644s] -- looking for PCL_IN_HAND_SCANNER
[16.650s] -- Found PCL_IN_HAND_SCANNER: /usr/include/pcl-1.12  
[16.653s] -- looking for PCL_MODELER
[16.653s] -- Found PCL_MODELER: /usr/include/pcl-1.12  
[16.653s] -- looking for PCL_POINT_CLOUD_EDITOR
[16.662s] -- Found PCL_POINT_CLOUD_EDITOR: /usr/include/pcl-1.12  
[16.662s] -- looking for PCL_OUTOFCORE
[16.670s] -- Found PCL_OUTOFCORE: /usr/lib/x86_64-linux-gnu/libpcl_outofcore.so  
[16.690s] -- looking for PCL_PEOPLE
[16.711s] -- Found PCL_PEOPLE: /usr/lib/x86_64-linux-gnu/libpcl_people.so  
[16.729s] -- Found PCL: pcl_common;pcl_kdtree;pcl_octree;pcl_search;pcl_sample_consensus;pcl_filters;pcl_io;pcl_features;pcl_ml;pcl_segmentation;pcl_visualization;pcl_surface;pcl_registration;pcl_keypoints;pcl_tracking;pcl_recognition;pcl_stereo;pcl_apps;pcl_outofcore;pcl_people;Boost::system;Boost::filesystem;Boost::date_time;Boost::iostreams;Boost::serialization;/usr/lib/libOpenNI.so;libusb::libusb;/usr/lib/x86_64-linux-gnu/libOpenNI2.so;libusb::libusb;VTK::ChartsCore;VTK::CommonColor;VTK::CommonComputationalGeometry;VTK::CommonCore;VTK::CommonDataModel;VTK::CommonExecutionModel;VTK::CommonMath;VTK::CommonMisc;VTK::CommonTransforms;VTK::FiltersCore;VTK::FiltersExtraction;VTK::FiltersGeneral;VTK::FiltersGeometry;VTK::FiltersModeling;VTK::FiltersSources;VTK::ImagingCore;VTK::ImagingSources;VTK::InteractionImage;VTK::InteractionStyle;VTK::InteractionWidgets;VTK::IOCore;VTK::IOGeometry;VTK::IOImage;VTK::IOLegacy;VTK::IOPLY;VTK::RenderingAnnotation;VTK::RenderingCore;VTK::RenderingContext2D;VTK::RenderingLOD;VTK::RenderingFreeType;VTK::ViewsCore;VTK::ViewsContext2D;VTK::RenderingOpenGL2;VTK::GUISupportQt;FLANN::FLANN;QHULL::QHULL  
[16.785s] -- Found pcl_conversions: 2.4.0 (/opt/ros/humble/share/pcl_conversions/cmake)
[17.469s] -- Configuring done
[18.028s] -- Generating done
[18.055s] -- Build files have been written to: /home/yusuf/ros2_project/build/robot_sensing
[18.208s] Invoked command in '/home/yusuf/ros2_project/build/robot_sensing' returned '0': CMAKE_PREFIX_PATH=/opt/ros/humble /usr/bin/cmake /home/yusuf/ros2_project/src/robot_sensing -DCMAKE_INSTALL_PREFIX=/home/yusuf/ros2_project/install/robot_sensing
[18.210s] Invoking command in '/home/yusuf/ros2_project/build/robot_sensing': CMAKE_PREFIX_PATH=/opt/ros/humble /usr/bin/cmake --build /home/yusuf/ros2_project/build/robot_sensing -- -j8 -l8
[18.576s] [ 12%] [32mBuilding CXX object CMakeFiles/maze_lidar.dir/src/maze_solving_with_lidar.cpp.o[0m
[18.630s] [ 25%] [32mBuilding CXX object CMakeFiles/odom_kinematic.dir/src/odom_kinematic.cpp.o[0m
[18.638s] [ 37%] [32mBuilding CXX object CMakeFiles/point_cloud_segmentation.dir/src/point_cloud_segmentation.cpp.o[0m
[18.649s] [ 50%] [32mBuilding CXX object CMakeFiles/line_following.dir/src/linefollowing.cpp.o[0m
[64.803s] [ 62%] [32m[1mLinking CXX executable odom_kinematic[0m
[65.755s] [ 75%] [32m[1mLinking CXX executable maze_lidar[0m
[66.423s] [ 75%] Built target odom_kinematic
[67.242s] [ 75%] Built target maze_lidar
[70.113s] [ 87%] [32m[1mLinking CXX executable line_following[0m
[72.089s] [ 87%] Built target line_following
[77.383s] [100%] [32m[1mLinking CXX executable point_cloud_segmentation[0m
[79.657s] [100%] Built target point_cloud_segmentation
[79.686s] Invoked command in '/home/yusuf/ros2_project/build/robot_sensing' returned '0': CMAKE_PREFIX_PATH=/opt/ros/humble /usr/bin/cmake --build /home/yusuf/ros2_project/build/robot_sensing -- -j8 -l8
[79.784s] Invoking command in '/home/yusuf/ros2_project/build/robot_sensing': CMAKE_PREFIX_PATH=/opt/ros/humble /usr/bin/cmake --install /home/yusuf/ros2_project/build/robot_sensing
[79.802s] -- Install configuration: ""
[79.803s] -- Installing: /home/yusuf/ros2_project/install/robot_sensing/lib/robot_sensing/maze_lidar
[79.812s] -- Set runtime path of "/home/yusuf/ros2_project/install/robot_sensing/lib/robot_sensing/maze_lidar" to ""
[79.812s] -- Installing: /home/yusuf/ros2_project/install/robot_sensing/lib/robot_sensing/odom_kinematic
[79.821s] -- Set runtime path of "/home/yusuf/ros2_project/install/robot_sensing/lib/robot_sensing/odom_kinematic" to ""
[79.821s] -- Installing: /home/yusuf/ros2_project/install/robot_sensing/lib/robot_sensing/line_following
[79.830s] -- Set runtime path of "/home/yusuf/ros2_project/install/robot_sensing/lib/robot_sensing/line_following" to ""
[79.831s] -- Installing: /home/yusuf/ros2_project/install/robot_sensing/lib/robot_sensing/point_cloud_segmentation
[79.840s] -- Set runtime path of "/home/yusuf/ros2_project/install/robot_sensing/lib/robot_sensing/point_cloud_segmentation" to ""
[79.840s] -- Installing: /home/yusuf/ros2_project/install/robot_sensing/share/robot_sensing/launch
[79.841s] -- Installing: /home/yusuf/ros2_project/install/robot_sensing/share/robot_sensing/launch/maze_world.launch.py
[79.841s] -- Installing: /home/yusuf/ros2_project/install/robot_sensing/share/robot_sensing/launch/line_world.launch.py
[79.842s] -- Installing: /home/yusuf/ros2_project/install/robot_sensing/share/robot_sensing/world
[79.842s] -- Installing: /home/yusuf/ros2_project/install/robot_sensing/share/robot_sensing/world/maze.world
[79.843s] -- Installing: /home/yusuf/ros2_project/install/robot_sensing/share/robot_sensing/world/linefollowing.world
[79.844s] -- Installing: /home/yusuf/ros2_project/install/robot_sensing/share/ament_index/resource_index/package_run_dependencies/robot_sensing
[79.844s] -- Installing: /home/yusuf/ros2_project/install/robot_sensing/share/ament_index/resource_index/parent_prefix_path/robot_sensing
[79.845s] -- Installing: /home/yusuf/ros2_project/install/robot_sensing/share/robot_sensing/environment/ament_prefix_path.sh
[79.845s] -- Installing: /home/yusuf/ros2_project/install/robot_sensing/share/robot_sensing/environment/ament_prefix_path.dsv
[79.846s] -- Installing: /home/yusuf/ros2_project/install/robot_sensing/share/robot_sensing/environment/path.sh
[79.846s] -- Installing: /home/yusuf/ros2_project/install/robot_sensing/share/robot_sensing/environment/path.dsv
[79.847s] -- Installing: /home/yusuf/ros2_project/install/robot_sensing/share/robot_sensing/local_setup.bash
[79.847s] -- Installing: /home/yusuf/ros2_project/install/robot_sensing/share/robot_sensing/local_setup.sh
[79.848s] -- Installing: /home/yusuf/ros2_project/install/robot_sensing/share/robot_sensing/local_setup.zsh
[79.848s] -- Installing: /home/yusuf/ros2_project/install/robot_sensing/share/robot_sensing/local_setup.dsv
[79.848s] -- Installing: /home/yusuf/ros2_project/install/robot_sensing/share/robot_sensing/package.dsv
[79.849s] -- Installing: /home/yusuf/ros2_project/install/robot_sensing/share/ament_index/resource_index/packages/robot_sensing
[79.849s] -- Installing: /home/yusuf/ros2_project/install/robot_sensing/share/robot_sensing/cmake/robot_sensingConfig.cmake
[79.850s] -- Installing: /home/yusuf/ros2_project/install/robot_sensing/share/robot_sensing/cmake/robot_sensingConfig-version.cmake
[79.850s] -- Installing: /home/yusuf/ros2_project/install/robot_sensing/share/robot_sensing/package.xml
[79.857s] Invoked command in '/home/yusuf/ros2_project/build/robot_sensing' returned '0': CMAKE_PREFIX_PATH=/opt/ros/humble /usr/bin/cmake --install /home/yusuf/ros2_project/build/robot_sensing
