[0.119s] Invoking command in '/home/yusuf/ros2_project/build/sensor_fusion': CMAKE_PREFIX_PATH=${CMAKE_PREFIX_PATH}:/opt/ros/humble /usr/bin/cmake --build /home/yusuf/ros2_project/build/sensor_fusion -- -j8 -l8
[0.613s] [ 20%] Built target ekf_lib
[0.659s] [ 40%] Built target noise_kf
[0.673s] [ 60%] Built target linear_kf
[0.685s] [ 80%] Built target advanced_kf
[0.809s] [100%] Built target ekf_node
[0.876s] Invoked command in '/home/yusuf/ros2_project/build/sensor_fusion' returned '0': CMAKE_PREFIX_PATH=${CMAKE_PREFIX_PATH}:/opt/ros/humble /usr/bin/cmake --build /home/yusuf/ros2_project/build/sensor_fusion -- -j8 -l8
[1.200s] Invoking command in '/home/yusuf/ros2_project/build/sensor_fusion': CMAKE_PREFIX_PATH=${CMAKE_PREFIX_PATH}:/opt/ros/humble /usr/bin/cmake --install /home/yusuf/ros2_project/build/sensor_fusion
[1.237s] -- Install configuration: ""
[1.238s] -- Up-to-date: /home/yusuf/ros2_project/install/sensor_fusion/lib/sensor_fusion/linear_kf
[1.239s] -- Up-to-date: /home/yusuf/ros2_project/install/sensor_fusion/lib/sensor_fusion/advanced_kf
[1.247s] -- Up-to-date: /home/yusuf/ros2_project/install/sensor_fusion/lib/sensor_fusion/noise_kf
[1.248s] -- Up-to-date: /home/yusuf/ros2_project/install/sensor_fusion/lib/sensor_fusion/ekf_node
[1.249s] -- Up-to-date: /home/yusuf/ros2_project/install/sensor_fusion/share/sensor_fusion/launch
[1.252s] -- Up-to-date: /home/yusuf/ros2_project/install/sensor_fusion/share/sensor_fusion/launch/fusion_ekf.launch.py
[1.252s] -- Up-to-date: /home/yusuf/ros2_project/install/sensor_fusion/share/sensor_fusion/launch/linear_kf.launch.py
[1.257s] -- Up-to-date: /home/yusuf/ros2_project/install/sensor_fusion/share/sensor_fusion/launch/tb3_ekf.launch.py
[1.258s] -- Up-to-date: /home/yusuf/ros2_project/install/sensor_fusion/share/sensor_fusion/config
[1.259s] -- Up-to-date: /home/yusuf/ros2_project/install/sensor_fusion/share/sensor_fusion/config/fusion2.yaml
[1.260s] -- Up-to-date: /home/yusuf/ros2_project/install/sensor_fusion/share/sensor_fusion/config/tb3_ekf.yaml
[1.261s] -- Up-to-date: /home/yusuf/ros2_project/install/sensor_fusion/share/sensor_fusion/config/kf.rviz
[1.264s] -- Up-to-date: /home/yusuf/ros2_project/install/sensor_fusion/share/sensor_fusion/config/fusion.yaml
[1.264s] -- Up-to-date: /home/yusuf/ros2_project/install/sensor_fusion/share/ament_index/resource_index/package_run_dependencies/sensor_fusion
[1.268s] -- Up-to-date: /home/yusuf/ros2_project/install/sensor_fusion/share/ament_index/resource_index/parent_prefix_path/sensor_fusion
[1.269s] -- Up-to-date: /home/yusuf/ros2_project/install/sensor_fusion/share/sensor_fusion/environment/ament_prefix_path.sh
[1.283s] -- Up-to-date: /home/yusuf/ros2_project/install/sensor_fusion/share/sensor_fusion/environment/ament_prefix_path.dsv
[1.283s] -- Up-to-date: /home/yusuf/ros2_project/install/sensor_fusion/share/sensor_fusion/environment/path.sh
[1.284s] -- Up-to-date: /home/yusuf/ros2_project/install/sensor_fusion/share/sensor_fusion/environment/path.dsv
[1.285s] -- Up-to-date: /home/yusuf/ros2_project/install/sensor_fusion/share/sensor_fusion/local_setup.bash
[1.285s] -- Up-to-date: /home/yusuf/ros2_project/install/sensor_fusion/share/sensor_fusion/local_setup.sh
[1.286s] -- Up-to-date: /home/yusuf/ros2_project/install/sensor_fusion/share/sensor_fusion/local_setup.zsh
[1.296s] -- Up-to-date: /home/yusuf/ros2_project/install/sensor_fusion/share/sensor_fusion/local_setup.dsv
[1.297s] -- Installing: /home/yusuf/ros2_project/install/sensor_fusion/share/sensor_fusion/package.dsv
[1.297s] -- Up-to-date: /home/yusuf/ros2_project/install/sensor_fusion/share/ament_index/resource_index/packages/sensor_fusion
[1.298s] -- Up-to-date: /home/yusuf/ros2_project/install/sensor_fusion/share/sensor_fusion/cmake/sensor_fusionConfig.cmake
[1.298s] -- Up-to-date: /home/yusuf/ros2_project/install/sensor_fusion/share/sensor_fusion/cmake/sensor_fusionConfig-version.cmake
[1.299s] -- Up-to-date: /home/yusuf/ros2_project/install/sensor_fusion/share/sensor_fusion/package.xml
[1.380s] Invoked command in '/home/yusuf/ros2_project/build/sensor_fusion' returned '0': CMAKE_PREFIX_PATH=${CMAKE_PREFIX_PATH}:/opt/ros/humble /usr/bin/cmake --install /home/yusuf/ros2_project/build/sensor_fusion
