-- Found ament_cmake: 1.3.10 (/opt/ros/humble/share/ament_cmake/cmake)
-- Found rclcpp: 16.0.10 (/opt/ros/humble/share/rclcpp/cmake)
-- Found rosidl_generator_c: 3.1.5 (/opt/ros/humble/share/rosidl_generator_c/cmake)
-- Found rosidl_adapter: 3.1.5 (/opt/ros/humble/share/rosidl_adapter/cmake)
-- Found rosidl_generator_cpp: 3.1.5 (/opt/ros/humble/share/rosidl_generator_cpp/cmake)
-- Using all available rosidl_typesupport_c: rosidl_typesupport_fastrtps_c;rosidl_typesupport_introspection_c
-- Using all available rosidl_typesupport_cpp: rosidl_typesupport_fastrtps_cpp;rosidl_typesupport_introspection_cpp
-- Found rmw_implementation_cmake: 6.1.2 (/opt/ros/humble/share/rmw_implementation_cmake/cmake)
-- Found rmw_fastrtps_cpp: 6.2.7 (/opt/ros/humble/share/rmw_fastrtps_cpp/cmake)
-- Using RMW implementation 'rmw_fastrtps_cpp' as default
-- Found geometry_msgs: 4.2.4 (/opt/ros/humble/share/geometry_msgs/cmake)
-- Found nav_msgs: 4.2.4 (/opt/ros/humble/share/nav_msgs/cmake)
-- Found tf2_ros: 0.25.7 (/opt/ros/humble/share/tf2_ros/cmake)
-- Found angles: 1.15.0 (/opt/ros/humble/share/angles/cmake)
-- Configuring done
-- Generating done
-- Build files have been written to: /home/yusuf/ros2_project/build/control_systems
[35m[1mConsolidate compiler generated dependencies of target goal_linear[0m
[35m[1mConsolidate compiler generated dependencies of target goal_planner[0m
[35m[1mConsolidate compiler generated dependencies of target lqr_lib[0m
[ 25%] Built target goal_planner
[ 37%] [32mBuilding CXX object CMakeFiles/lqr_lib.dir/src/lqr_lib.cpp.o[0m
[ 62%] Built target goal_linear
[ 75%] [32m[1mLinking CXX static library liblqr_lib.a[0m
[ 75%] Built target lqr_lib
[35m[1mConsolidate compiler generated dependencies of target lqr_node[0m
[ 87%] [32mBuilding CXX object CMakeFiles/lqr_node.dir/src/lqr_node.cpp.o[0m
[100%] [32m[1mLinking CXX executable lqr_node[0m
[100%] Built target lqr_node
-- Install configuration: ""
-- Up-to-date: /home/yusuf/ros2_project/install/control_systems/lib/control_systems/goal_linear
-- Up-to-date: /home/yusuf/ros2_project/install/control_systems/lib/control_systems/goal_planner
-- Installing: /home/yusuf/ros2_project/install/control_systems/lib/control_systems/lqr_node
-- Set runtime path of "/home/yusuf/ros2_project/install/control_systems/lib/control_systems/lqr_node" to ""
-- Installing: /home/yusuf/ros2_project/install/control_systems/lib/control_systems/liblqr_lib.a
-- Up-to-date: /home/yusuf/ros2_project/install/control_systems/share/control_systems/launch
-- Up-to-date: /home/yusuf/ros2_project/install/control_systems/share/control_systems/launch/velocity_controller.launch.py
-- Up-to-date: /home/yusuf/ros2_project/install/control_systems/share/control_systems/urdf
-- Up-to-date: /home/yusuf/ros2_project/install/control_systems/share/control_systems/urdf/diff_drive_vel.urdf
-- Up-to-date: /home/yusuf/ros2_project/install/control_systems/share/control_systems/urdf/diff_sens.urdf
-- Up-to-date: /home/yusuf/ros2_project/install/control_systems/share/control_systems/config
-- Installing: /home/yusuf/ros2_project/install/control_systems/share/control_systems/config/control.perspective
-- Installing: /home/yusuf/ros2_project/install/control_systems/share/control_systems/config/diff_controller.yaml
-- Up-to-date: /home/yusuf/ros2_project/install/control_systems/share/ament_index/resource_index/package_run_dependencies/control_systems
-- Installing: /home/yusuf/ros2_project/install/control_systems/share/ament_index/resource_index/parent_prefix_path/control_systems
-- Up-to-date: /home/yusuf/ros2_project/install/control_systems/share/control_systems/environment/ament_prefix_path.sh
-- Installing: /home/yusuf/ros2_project/install/control_systems/share/control_systems/environment/ament_prefix_path.dsv
-- Up-to-date: /home/yusuf/ros2_project/install/control_systems/share/control_systems/environment/path.sh
-- Installing: /home/yusuf/ros2_project/install/control_systems/share/control_systems/environment/path.dsv
-- Up-to-date: /home/yusuf/ros2_project/install/control_systems/share/control_systems/local_setup.bash
-- Up-to-date: /home/yusuf/ros2_project/install/control_systems/share/control_systems/local_setup.sh
-- Up-to-date: /home/yusuf/ros2_project/install/control_systems/share/control_systems/local_setup.zsh
-- Installing: /home/yusuf/ros2_project/install/control_systems/share/control_systems/local_setup.dsv
-- Installing: /home/yusuf/ros2_project/install/control_systems/share/control_systems/package.dsv
-- Up-to-date: /home/yusuf/ros2_project/install/control_systems/share/ament_index/resource_index/packages/control_systems
-- Up-to-date: /home/yusuf/ros2_project/install/control_systems/share/control_systems/cmake/control_systemsConfig.cmake
-- Up-to-date: /home/yusuf/ros2_project/install/control_systems/share/control_systems/cmake/control_systemsConfig-version.cmake
-- Up-to-date: /home/yusuf/ros2_project/install/control_systems/share/control_systems/package.xml
