[0.128s] Invoking command in '/home/yusuf/ros2_project/build/control_systems': CMAKE_PREFIX_PATH=${CMAKE_PREFIX_PATH}:/opt/ros/humble /usr/bin/cmake --build /home/yusuf/ros2_project/build/control_systems -- -j8 -l8
[0.281s] -- Found ament_cmake: 1.3.10 (/opt/ros/humble/share/ament_cmake/cmake)
[1.556s] -- Found rclcpp: 16.0.10 (/opt/ros/humble/share/rclcpp/cmake)
[1.852s] -- Found rosidl_generator_c: 3.1.5 (/opt/ros/humble/share/rosidl_generator_c/cmake)
[1.875s] -- Found rosidl_adapter: 3.1.5 (/opt/ros/humble/share/rosidl_adapter/cmake)
[1.932s] -- Found rosidl_generator_cpp: 3.1.5 (/opt/ros/humble/share/rosidl_generator_cpp/cmake)
[2.017s] -- Using all available rosidl_typesupport_c: rosidl_typesupport_fastrtps_c;rosidl_typesupport_introspection_c
[2.126s] -- Using all available rosidl_typesupport_cpp: rosidl_typesupport_fastrtps_cpp;rosidl_typesupport_introspection_cpp
[2.404s] -- Found rmw_implementation_cmake: 6.1.2 (/opt/ros/humble/share/rmw_implementation_cmake/cmake)
[2.415s] -- Found rmw_fastrtps_cpp: 6.2.7 (/opt/ros/humble/share/rmw_fastrtps_cpp/cmake)
[3.115s] -- Using RMW implementation 'rmw_fastrtps_cpp' as default
[3.493s] -- Found geometry_msgs: 4.2.4 (/opt/ros/humble/share/geometry_msgs/cmake)
[3.581s] -- Found nav_msgs: 4.2.4 (/opt/ros/humble/share/nav_msgs/cmake)
[3.705s] -- Found tf2_ros: 0.25.7 (/opt/ros/humble/share/tf2_ros/cmake)
[4.258s] -- Found angles: 1.15.0 (/opt/ros/humble/share/angles/cmake)
[4.693s] -- Configuring done
[4.843s] -- Generating done
[4.859s] -- Build files have been written to: /home/yusuf/ros2_project/build/control_systems
[5.026s] [35m[1mConsolidate compiler generated dependencies of target goal_linear[0m
[5.029s] [35m[1mConsolidate compiler generated dependencies of target goal_planner[0m
[5.043s] [35m[1mConsolidate compiler generated dependencies of target lqr_lib[0m
[5.145s] [ 25%] Built target goal_planner
[5.151s] [ 37%] [32mBuilding CXX object CMakeFiles/lqr_lib.dir/src/lqr_lib.cpp.o[0m
[5.162s] [ 62%] Built target goal_linear
[56.738s] [ 75%] [32m[1mLinking CXX static library liblqr_lib.a[0m
[57.692s] [ 75%] Built target lqr_lib
[57.760s] [35m[1mConsolidate compiler generated dependencies of target lqr_node[0m
[57.911s] [ 87%] [32mBuilding CXX object CMakeFiles/lqr_node.dir/src/lqr_node.cpp.o[0m
[77.616s] [01m[K/home/yusuf/ros2_project/src/control_systems/src/lqr_node.cpp:[m[K In member function ‘[01m[Kvoid LqrNode::controlLoopCallback()[m[K’:
[77.616s] [01m[K/home/yusuf/ros2_project/src/control_systems/src/lqr_node.cpp:100:26:[m[K [01;35m[Kwarning: [m[Kcomparison of integer expressions of different signedness: ‘[01m[Kint[m[K’ and ‘[01m[Kstd::vector<State>::size_type[m[K’ {aka ‘[01m[Klong unsigned int[m[K’} [[01;35m[K]8;;https://gcc.gnu.org/onlinedocs/gcc/Warning-Options.html#index-Wsign-compare-Wsign-compare]8;;[m[K]
[77.617s]   100 |     if ([01;35m[Kcurrent_waypoint >= waypoints_.size()[m[K) {
[77.617s]       |         [01;35m[K~~~~~~~~~~~~~~~~~^~~~~~~~~~~~~~~~~~~~[m[K
[154.993s] [100%] [32m[1mLinking CXX executable lqr_node[0m
[160.337s] [100%] Built target lqr_node
[160.412s] Invoked command in '/home/yusuf/ros2_project/build/control_systems' returned '0': CMAKE_PREFIX_PATH=${CMAKE_PREFIX_PATH}:/opt/ros/humble /usr/bin/cmake --build /home/yusuf/ros2_project/build/control_systems -- -j8 -l8
[160.622s] Invoking command in '/home/yusuf/ros2_project/build/control_systems': CMAKE_PREFIX_PATH=${CMAKE_PREFIX_PATH}:/opt/ros/humble /usr/bin/cmake --install /home/yusuf/ros2_project/build/control_systems
[160.664s] -- Install configuration: ""
[160.666s] -- Up-to-date: /home/yusuf/ros2_project/install/control_systems/lib/control_systems/goal_linear
[160.669s] -- Up-to-date: /home/yusuf/ros2_project/install/control_systems/lib/control_systems/goal_planner
[160.671s] -- Installing: /home/yusuf/ros2_project/install/control_systems/lib/control_systems/lqr_node
[160.740s] -- Set runtime path of "/home/yusuf/ros2_project/install/control_systems/lib/control_systems/lqr_node" to ""
[160.740s] -- Installing: /home/yusuf/ros2_project/install/control_systems/lib/control_systems/liblqr_lib.a
[160.812s] -- Up-to-date: /home/yusuf/ros2_project/install/control_systems/share/control_systems/launch
[160.815s] -- Up-to-date: /home/yusuf/ros2_project/install/control_systems/share/control_systems/launch/velocity_controller.launch.py
[160.816s] -- Up-to-date: /home/yusuf/ros2_project/install/control_systems/share/control_systems/urdf
[160.822s] -- Up-to-date: /home/yusuf/ros2_project/install/control_systems/share/control_systems/urdf/diff_drive_vel.urdf
[160.823s] -- Up-to-date: /home/yusuf/ros2_project/install/control_systems/share/control_systems/urdf/diff_sens.urdf
[160.824s] -- Up-to-date: /home/yusuf/ros2_project/install/control_systems/share/control_systems/config
[160.824s] -- Installing: /home/yusuf/ros2_project/install/control_systems/share/control_systems/config/control.perspective
[160.825s] -- Installing: /home/yusuf/ros2_project/install/control_systems/share/control_systems/config/diff_controller.yaml
[160.831s] -- Up-to-date: /home/yusuf/ros2_project/install/control_systems/share/ament_index/resource_index/package_run_dependencies/control_systems
[160.832s] -- Installing: /home/yusuf/ros2_project/install/control_systems/share/ament_index/resource_index/parent_prefix_path/control_systems
[160.836s] -- Up-to-date: /home/yusuf/ros2_project/install/control_systems/share/control_systems/environment/ament_prefix_path.sh
[160.837s] -- Installing: /home/yusuf/ros2_project/install/control_systems/share/control_systems/environment/ament_prefix_path.dsv
[160.838s] -- Up-to-date: /home/yusuf/ros2_project/install/control_systems/share/control_systems/environment/path.sh
[160.838s] -- Installing: /home/yusuf/ros2_project/install/control_systems/share/control_systems/environment/path.dsv
[160.842s] -- Up-to-date: /home/yusuf/ros2_project/install/control_systems/share/control_systems/local_setup.bash
[160.843s] -- Up-to-date: /home/yusuf/ros2_project/install/control_systems/share/control_systems/local_setup.sh
[160.843s] -- Up-to-date: /home/yusuf/ros2_project/install/control_systems/share/control_systems/local_setup.zsh
[160.844s] -- Installing: /home/yusuf/ros2_project/install/control_systems/share/control_systems/local_setup.dsv
[160.844s] -- Installing: /home/yusuf/ros2_project/install/control_systems/share/control_systems/package.dsv
[160.845s] -- Up-to-date: /home/yusuf/ros2_project/install/control_systems/share/ament_index/resource_index/packages/control_systems
[160.849s] -- Up-to-date: /home/yusuf/ros2_project/install/control_systems/share/control_systems/cmake/control_systemsConfig.cmake
[160.850s] -- Up-to-date: /home/yusuf/ros2_project/install/control_systems/share/control_systems/cmake/control_systemsConfig-version.cmake
[160.851s] -- Up-to-date: /home/yusuf/ros2_project/install/control_systems/share/control_systems/package.xml
[160.851s] Invoked command in '/home/yusuf/ros2_project/build/control_systems' returned '0': CMAKE_PREFIX_PATH=${CMAKE_PREFIX_PATH}:/opt/ros/humble /usr/bin/cmake --install /home/yusuf/ros2_project/build/control_systems
