[0.254s] DEBUG:colcon:Command line arguments: ['/usr/bin/colcon', 'list', '-p', '--base-paths', '/home/yusuf/ros2_project']
[0.254s] DEBUG:colcon:Parsed command line arguments: Namespace(log_base=None, log_level=None, verb_name='list', build_base='build', ignore_user_meta=False, metas=['./colcon.meta'], base_paths=['/home/yusuf/ros2_project'], packages_ignore=None, packages_ignore_regex=None, paths=None, packages_up_to=None, packages_up_to_regex=None, packages_above=None, packages_above_and_dependencies=None, packages_above_depth=None, packages_select_by_dep=None, packages_skip_by_dep=None, packages_skip_up_to=None, packages_select_build_failed=False, packages_skip_build_finished=False, packages_select_test_failures=False, packages_skip_test_passed=False, packages_select=None, packages_skip=None, packages_select_regex=None, packages_skip_regex=None, packages_start=None, packages_end=None, allow_overriding=[], topological_order=False, names_only=False, paths_only=True, topological_graph=False, topological_graph_dot=False, topological_graph_density=False, topological_graph_legend=False, topological_graph_dot_cluster=False, topological_graph_dot_include_skipped=False, verb_parser=<colcon_defaults.argument_parser.defaults.DefaultArgumentsDecorator object at 0x703d53507880>, verb_extension=<colcon_package_information.verb.list.ListVerb object at 0x703d53506a40>, main=<bound method ListVerb.main of <colcon_package_information.verb.list.ListVerb object at 0x703d53506a40>>)
[0.697s] Level 1:colcon.colcon_core.package_discovery:discover_packages(colcon_meta) check parameters
[0.697s] Level 1:colcon.colcon_core.package_discovery:discover_packages(recursive) check parameters
[0.697s] Level 1:colcon.colcon_core.package_discovery:discover_packages(ignore) check parameters
[0.697s] Level 1:colcon.colcon_core.package_discovery:discover_packages(path) check parameters
[0.698s] Level 1:colcon.colcon_core.package_discovery:discover_packages(recursive) discover
[0.698s] INFO:colcon.colcon_core.package_discovery:Crawling recursively for packages in '/home/yusuf/ros2_project'
[0.698s] Level 1:colcon.colcon_core.package_identification:_identify(/home/yusuf/ros2_project) by extensions ['ignore', 'ignore_ament_install']
[0.698s] Level 1:colcon.colcon_core.package_identification:_identify(/home/yusuf/ros2_project) by extension 'ignore'
[0.698s] Level 1:colcon.colcon_core.package_identification:_identify(/home/yusuf/ros2_project) by extension 'ignore_ament_install'
[0.699s] Level 1:colcon.colcon_core.package_identification:_identify(/home/yusuf/ros2_project) by extensions ['colcon_pkg']
[0.699s] Level 1:colcon.colcon_core.package_identification:_identify(/home/yusuf/ros2_project) by extension 'colcon_pkg'
[0.699s] Level 1:colcon.colcon_core.package_identification:_identify(/home/yusuf/ros2_project) by extensions ['colcon_meta']
[0.699s] Level 1:colcon.colcon_core.package_identification:_identify(/home/yusuf/ros2_project) by extension 'colcon_meta'
[0.699s] Level 1:colcon.colcon_core.package_identification:_identify(/home/yusuf/ros2_project) by extensions ['ros']
[0.699s] Level 1:colcon.colcon_core.package_identification:_identify(/home/yusuf/ros2_project) by extension 'ros'
[0.720s] Level 1:colcon.colcon_core.package_identification:_identify(/home/yusuf/ros2_project) by extensions ['cmake', 'python']
[0.720s] Level 1:colcon.colcon_core.package_identification:_identify(/home/yusuf/ros2_project) by extension 'cmake'
[0.720s] Level 1:colcon.colcon_core.package_identification:_identify(/home/yusuf/ros2_project) by extension 'python'
[0.720s] Level 1:colcon.colcon_core.package_identification:_identify(/home/yusuf/ros2_project) by extensions ['python_setup_py']
[0.720s] Level 1:colcon.colcon_core.package_identification:_identify(/home/yusuf/ros2_project) by extension 'python_setup_py'
[0.720s] Level 1:colcon.colcon_core.package_identification:_identify(/home/yusuf/ros2_project/log) by extensions ['ignore', 'ignore_ament_install']
[0.720s] Level 1:colcon.colcon_core.package_identification:_identify(/home/yusuf/ros2_project/log) by extension 'ignore'
[0.720s] Level 1:colcon.colcon_core.package_identification:_identify(/home/yusuf/ros2_project/log) ignored
[0.721s] Level 1:colcon.colcon_core.package_identification:_identify(/home/yusuf/ros2_project/src) by extensions ['ignore', 'ignore_ament_install']
[0.721s] Level 1:colcon.colcon_core.package_identification:_identify(/home/yusuf/ros2_project/src) by extension 'ignore'
[0.721s] Level 1:colcon.colcon_core.package_identification:_identify(/home/yusuf/ros2_project/src) by extension 'ignore_ament_install'
[0.721s] Level 1:colcon.colcon_core.package_identification:_identify(/home/yusuf/ros2_project/src) by extensions ['colcon_pkg']
[0.721s] Level 1:colcon.colcon_core.package_identification:_identify(/home/yusuf/ros2_project/src) by extension 'colcon_pkg'
[0.721s] Level 1:colcon.colcon_core.package_identification:_identify(/home/yusuf/ros2_project/src) by extensions ['colcon_meta']
[0.721s] Level 1:colcon.colcon_core.package_identification:_identify(/home/yusuf/ros2_project/src) by extension 'colcon_meta'
[0.721s] Level 1:colcon.colcon_core.package_identification:_identify(/home/yusuf/ros2_project/src) by extensions ['ros']
[0.721s] Level 1:colcon.colcon_core.package_identification:_identify(/home/yusuf/ros2_project/src) by extension 'ros'
[0.722s] Level 1:colcon.colcon_core.package_identification:_identify(/home/yusuf/ros2_project/src) by extensions ['cmake', 'python']
[0.722s] Level 1:colcon.colcon_core.package_identification:_identify(/home/yusuf/ros2_project/src) by extension 'cmake'
[0.722s] Level 1:colcon.colcon_core.package_identification:_identify(/home/yusuf/ros2_project/src) by extension 'python'
[0.722s] Level 1:colcon.colcon_core.package_identification:_identify(/home/yusuf/ros2_project/src) by extensions ['python_setup_py']
[0.722s] Level 1:colcon.colcon_core.package_identification:_identify(/home/yusuf/ros2_project/src) by extension 'python_setup_py'
[0.722s] Level 1:colcon.colcon_core.package_identification:_identify(/home/yusuf/ros2_project/src/control_systems) by extensions ['ignore', 'ignore_ament_install']
[0.722s] Level 1:colcon.colcon_core.package_identification:_identify(/home/yusuf/ros2_project/src/control_systems) by extension 'ignore'
[0.722s] Level 1:colcon.colcon_core.package_identification:_identify(/home/yusuf/ros2_project/src/control_systems) by extension 'ignore_ament_install'
[0.722s] Level 1:colcon.colcon_core.package_identification:_identify(/home/yusuf/ros2_project/src/control_systems) by extensions ['colcon_pkg']
[0.722s] Level 1:colcon.colcon_core.package_identification:_identify(/home/yusuf/ros2_project/src/control_systems) by extension 'colcon_pkg'
[0.722s] Level 1:colcon.colcon_core.package_identification:_identify(/home/yusuf/ros2_project/src/control_systems) by extensions ['colcon_meta']
[0.723s] Level 1:colcon.colcon_core.package_identification:_identify(/home/yusuf/ros2_project/src/control_systems) by extension 'colcon_meta'
[0.723s] Level 1:colcon.colcon_core.package_identification:_identify(/home/yusuf/ros2_project/src/control_systems) by extensions ['ros']
[0.723s] Level 1:colcon.colcon_core.package_identification:_identify(/home/yusuf/ros2_project/src/control_systems) by extension 'ros'
[0.727s] DEBUG:colcon.colcon_core.package_identification:Package '/home/yusuf/ros2_project/src/control_systems' with type 'ros.ament_cmake' and name 'control_systems'
[0.728s] Level 1:colcon.colcon_core.package_identification:_identify(/home/yusuf/ros2_project/src/robot_sensing) by extensions ['ignore', 'ignore_ament_install']
[0.728s] Level 1:colcon.colcon_core.package_identification:_identify(/home/yusuf/ros2_project/src/robot_sensing) by extension 'ignore'
[0.728s] Level 1:colcon.colcon_core.package_identification:_identify(/home/yusuf/ros2_project/src/robot_sensing) by extension 'ignore_ament_install'
[0.728s] Level 1:colcon.colcon_core.package_identification:_identify(/home/yusuf/ros2_project/src/robot_sensing) by extensions ['colcon_pkg']
[0.728s] Level 1:colcon.colcon_core.package_identification:_identify(/home/yusuf/ros2_project/src/robot_sensing) by extension 'colcon_pkg'
[0.728s] Level 1:colcon.colcon_core.package_identification:_identify(/home/yusuf/ros2_project/src/robot_sensing) by extensions ['colcon_meta']
[0.728s] Level 1:colcon.colcon_core.package_identification:_identify(/home/yusuf/ros2_project/src/robot_sensing) by extension 'colcon_meta'
[0.728s] Level 1:colcon.colcon_core.package_identification:_identify(/home/yusuf/ros2_project/src/robot_sensing) by extensions ['ros']
[0.728s] Level 1:colcon.colcon_core.package_identification:_identify(/home/yusuf/ros2_project/src/robot_sensing) by extension 'ros'
[0.729s] DEBUG:colcon.colcon_core.package_identification:Package '/home/yusuf/ros2_project/src/robot_sensing' with type 'ros.ament_cmake' and name 'robot_sensing'
[0.729s] Level 1:colcon.colcon_core.package_identification:_identify(/home/yusuf/ros2_project/src/sensor_fusion) by extensions ['ignore', 'ignore_ament_install']
[0.730s] Level 1:colcon.colcon_core.package_identification:_identify(/home/yusuf/ros2_project/src/sensor_fusion) by extension 'ignore'
[0.730s] Level 1:colcon.colcon_core.package_identification:_identify(/home/yusuf/ros2_project/src/sensor_fusion) by extension 'ignore_ament_install'
[0.730s] Level 1:colcon.colcon_core.package_identification:_identify(/home/yusuf/ros2_project/src/sensor_fusion) by extensions ['colcon_pkg']
[0.730s] Level 1:colcon.colcon_core.package_identification:_identify(/home/yusuf/ros2_project/src/sensor_fusion) by extension 'colcon_pkg'
[0.730s] Level 1:colcon.colcon_core.package_identification:_identify(/home/yusuf/ros2_project/src/sensor_fusion) by extensions ['colcon_meta']
[0.730s] Level 1:colcon.colcon_core.package_identification:_identify(/home/yusuf/ros2_project/src/sensor_fusion) by extension 'colcon_meta'
[0.730s] Level 1:colcon.colcon_core.package_identification:_identify(/home/yusuf/ros2_project/src/sensor_fusion) by extensions ['ros']
[0.730s] Level 1:colcon.colcon_core.package_identification:_identify(/home/yusuf/ros2_project/src/sensor_fusion) by extension 'ros'
[0.731s] DEBUG:colcon.colcon_core.package_identification:Package '/home/yusuf/ros2_project/src/sensor_fusion' with type 'ros.ament_cmake' and name 'sensor_fusion'
[0.731s] Level 1:colcon.colcon_core.package_discovery:discover_packages(recursive) using defaults
