[0.028s] Invoking command in '/home/yusuf/ros2_project/build/sensor_fusion': CMAKE_PREFIX_PATH=/opt/ros/humble /usr/bin/cmake --build /home/yusuf/ros2_project/build/sensor_fusion -- -j8 -l8
[0.114s] [ 20%] Built target ekf_lib
[0.128s] [ 40%] Built target linear_kf
[0.134s] [ 60%] Built target advanced_kf
[0.137s] [ 80%] Built target noise_kf
[0.165s] [100%] Built target ekf_node
[0.179s] Invoked command in '/home/yusuf/ros2_project/build/sensor_fusion' returned '0': CMAKE_PREFIX_PATH=/opt/ros/humble /usr/bin/cmake --build /home/yusuf/ros2_project/build/sensor_fusion -- -j8 -l8
[0.239s] Invoking command in '/home/yusuf/ros2_project/build/sensor_fusion': CMAKE_PREFIX_PATH=/opt/ros/humble /usr/bin/cmake --install /home/yusuf/ros2_project/build/sensor_fusion
[0.253s] -- Install configuration: ""
[0.253s] -- Up-to-date: /home/yusuf/ros2_project/install/sensor_fusion/lib/sensor_fusion/linear_kf
[0.254s] -- Up-to-date: /home/yusuf/ros2_project/install/sensor_fusion/lib/sensor_fusion/advanced_kf
[0.254s] -- Up-to-date: /home/yusuf/ros2_project/install/sensor_fusion/lib/sensor_fusion/noise_kf
[0.256s] -- Up-to-date: /home/yusuf/ros2_project/install/sensor_fusion/lib/sensor_fusion/ekf_node
[0.256s] -- Up-to-date: /home/yusuf/ros2_project/install/sensor_fusion/share/sensor_fusion/launch
[0.256s] -- Up-to-date: /home/yusuf/ros2_project/install/sensor_fusion/share/sensor_fusion/launch/fusion_ekf.launch.py
[0.256s] -- Up-to-date: /home/yusuf/ros2_project/install/sensor_fusion/share/sensor_fusion/launch/linear_kf.launch.py
[0.257s] -- Up-to-date: /home/yusuf/ros2_project/install/sensor_fusion/share/sensor_fusion/launch/tb3_ekf.launch.py
[0.257s] -- Up-to-date: /home/yusuf/ros2_project/install/sensor_fusion/share/sensor_fusion/config
[0.257s] -- Up-to-date: /home/yusuf/ros2_project/install/sensor_fusion/share/sensor_fusion/config/fusion2.yaml
[0.257s] -- Up-to-date: /home/yusuf/ros2_project/install/sensor_fusion/share/sensor_fusion/config/tb3_ekf.yaml
[0.258s] -- Up-to-date: /home/yusuf/ros2_project/install/sensor_fusion/share/sensor_fusion/config/kf.rviz
[0.258s] -- Up-to-date: /home/yusuf/ros2_project/install/sensor_fusion/share/sensor_fusion/config/fusion.yaml
[0.258s] -- Up-to-date: /home/yusuf/ros2_project/install/sensor_fusion/share/ament_index/resource_index/package_run_dependencies/sensor_fusion
[0.259s] -- Up-to-date: /home/yusuf/ros2_project/install/sensor_fusion/share/ament_index/resource_index/parent_prefix_path/sensor_fusion
[0.259s] -- Up-to-date: /home/yusuf/ros2_project/install/sensor_fusion/share/sensor_fusion/environment/ament_prefix_path.sh
[0.259s] -- Up-to-date: /home/yusuf/ros2_project/install/sensor_fusion/share/sensor_fusion/environment/ament_prefix_path.dsv
[0.260s] -- Up-to-date: /home/yusuf/ros2_project/install/sensor_fusion/share/sensor_fusion/environment/path.sh
[0.260s] -- Up-to-date: /home/yusuf/ros2_project/install/sensor_fusion/share/sensor_fusion/environment/path.dsv
[0.260s] -- Up-to-date: /home/yusuf/ros2_project/install/sensor_fusion/share/sensor_fusion/local_setup.bash
[0.260s] -- Up-to-date: /home/yusuf/ros2_project/install/sensor_fusion/share/sensor_fusion/local_setup.sh
[0.260s] -- Up-to-date: /home/yusuf/ros2_project/install/sensor_fusion/share/sensor_fusion/local_setup.zsh
[0.261s] -- Up-to-date: /home/yusuf/ros2_project/install/sensor_fusion/share/sensor_fusion/local_setup.dsv
[0.261s] -- Installing: /home/yusuf/ros2_project/install/sensor_fusion/share/sensor_fusion/package.dsv
[0.261s] -- Up-to-date: /home/yusuf/ros2_project/install/sensor_fusion/share/ament_index/resource_index/packages/sensor_fusion
[0.261s] -- Up-to-date: /home/yusuf/ros2_project/install/sensor_fusion/share/sensor_fusion/cmake/sensor_fusionConfig.cmake
[0.261s] -- Up-to-date: /home/yusuf/ros2_project/install/sensor_fusion/share/sensor_fusion/cmake/sensor_fusionConfig-version.cmake
[0.262s] -- Up-to-date: /home/yusuf/ros2_project/install/sensor_fusion/share/sensor_fusion/package.xml
[0.277s] Invoked command in '/home/yusuf/ros2_project/build/sensor_fusion' returned '0': CMAKE_PREFIX_PATH=/opt/ros/humble /usr/bin/cmake --install /home/yusuf/ros2_project/build/sensor_fusion
