[0.125s] Invoking command in '/home/yusuf/ros2_project/build/robot_sensing': CMAKE_PREFIX_PATH=${CMAKE_PREFIX_PATH}:/opt/ros/humble /usr/bin/cmake --build /home/yusuf/ros2_project/build/robot_sensing -- -j8 -l8
[0.649s] [ 25%] Built target odom_kinematic
[0.741s] [ 50%] Built target line_following
[0.791s] [ 75%] Built target maze_lidar
[0.871s] [100%] Built target point_cloud_segmentation
[0.940s] Invoked command in '/home/yusuf/ros2_project/build/robot_sensing' returned '0': CMAKE_PREFIX_PATH=${CMAKE_PREFIX_PATH}:/opt/ros/humble /usr/bin/cmake --build /home/yusuf/ros2_project/build/robot_sensing -- -j8 -l8
[1.283s] Invoking command in '/home/yusuf/ros2_project/build/robot_sensing': CMAKE_PREFIX_PATH=${CMAKE_PREFIX_PATH}:/opt/ros/humble /usr/bin/cmake --install /home/yusuf/ros2_project/build/robot_sensing
[1.355s] -- Install configuration: ""
[1.359s] -- Up-to-date: /home/yusuf/ros2_project/install/robot_sensing/lib/robot_sensing/maze_lidar
[1.360s] -- Up-to-date: /home/yusuf/ros2_project/install/robot_sensing/lib/robot_sensing/odom_kinematic
[1.371s] -- Up-to-date: /home/yusuf/ros2_project/install/robot_sensing/lib/robot_sensing/line_following
[1.375s] -- Up-to-date: /home/yusuf/ros2_project/install/robot_sensing/lib/robot_sensing/point_cloud_segmentation
[1.386s] -- Up-to-date: /home/yusuf/ros2_project/install/robot_sensing/share/robot_sensing/launch
[1.387s] -- Up-to-date: /home/yusuf/ros2_project/install/robot_sensing/share/robot_sensing/launch/maze_world.launch.py
[1.392s] -- Up-to-date: /home/yusuf/ros2_project/install/robot_sensing/share/robot_sensing/launch/line_world.launch.py
[1.393s] -- Up-to-date: /home/yusuf/ros2_project/install/robot_sensing/share/robot_sensing/world
[1.395s] -- Up-to-date: /home/yusuf/ros2_project/install/robot_sensing/share/robot_sensing/world/maze.world
[1.400s] -- Up-to-date: /home/yusuf/ros2_project/install/robot_sensing/share/robot_sensing/world/linefollowing.world
[1.404s] -- Up-to-date: /home/yusuf/ros2_project/install/robot_sensing/share/ament_index/resource_index/package_run_dependencies/robot_sensing
[1.406s] -- Up-to-date: /home/yusuf/ros2_project/install/robot_sensing/share/ament_index/resource_index/parent_prefix_path/robot_sensing
[1.409s] -- Up-to-date: /home/yusuf/ros2_project/install/robot_sensing/share/robot_sensing/environment/ament_prefix_path.sh
[1.414s] -- Up-to-date: /home/yusuf/ros2_project/install/robot_sensing/share/robot_sensing/environment/ament_prefix_path.dsv
[1.415s] -- Up-to-date: /home/yusuf/ros2_project/install/robot_sensing/share/robot_sensing/environment/path.sh
[1.416s] -- Up-to-date: /home/yusuf/ros2_project/install/robot_sensing/share/robot_sensing/environment/path.dsv
[1.417s] -- Up-to-date: /home/yusuf/ros2_project/install/robot_sensing/share/robot_sensing/local_setup.bash
[1.418s] -- Up-to-date: /home/yusuf/ros2_project/install/robot_sensing/share/robot_sensing/local_setup.sh
[1.421s] -- Up-to-date: /home/yusuf/ros2_project/install/robot_sensing/share/robot_sensing/local_setup.zsh
[1.423s] -- Up-to-date: /home/yusuf/ros2_project/install/robot_sensing/share/robot_sensing/local_setup.dsv
[1.424s] -- Installing: /home/yusuf/ros2_project/install/robot_sensing/share/robot_sensing/package.dsv
[1.424s] -- Up-to-date: /home/yusuf/ros2_project/install/robot_sensing/share/ament_index/resource_index/packages/robot_sensing
[1.440s] -- Up-to-date: /home/yusuf/ros2_project/install/robot_sensing/share/robot_sensing/cmake/robot_sensingConfig.cmake
[1.444s] -- Up-to-date: /home/yusuf/ros2_project/install/robot_sensing/share/robot_sensing/cmake/robot_sensingConfig-version.cmake
[1.445s] -- Up-to-date: /home/yusuf/ros2_project/install/robot_sensing/share/robot_sensing/package.xml
[1.529s] Invoked command in '/home/yusuf/ros2_project/build/robot_sensing' returned '0': CMAKE_PREFIX_PATH=${CMAKE_PREFIX_PATH}:/opt/ros/humble /usr/bin/cmake --install /home/yusuf/ros2_project/build/robot_sensing
