[0.030s] Invoking command in '/home/yusuf/ros2_project/build/control_systems': CMAKE_PREFIX_PATH=/opt/ros/humble /usr/bin/cmake --build /home/yusuf/ros2_project/build/control_systems -- -j8 -l8
[0.134s] [ 12%] [32mBuilding CXX object CMakeFiles/lqr_lib.dir/src/lqr_lib.cpp.o[0m
[0.147s] [ 50%] Built target goal_planner
[0.149s] [ 62%] Built target goal_linear
[1.271s] In file included from [01m[K/home/yusuf/ros2_project/src/control_systems/src/lqr_lib.cpp:1[m[K:
[1.272s] [01m[K/home/yusuf/ros2_project/src/control_systems/include/lqr_lib.hpp:24:41:[m[K [01;31m[Kerror: [m[Kexpected ‘[01m[K,[m[K’ or ‘[01m[K...[m[K’ before ‘[01m[K.[m[K’ token
[1.272s]    24 |     StateMatrix getA(double yaw,double v[01;31m[K.[m[Kdouble dt);
[1.272s]       |                                         [01;31m[K^[m[K
[1.284s] [01m[K/home/yusuf/ros2_project/src/control_systems/include/lqr_lib.hpp:7:1:[m[K [01;31m[Kerror: [m[Knew types may not be defined in a return type
[1.284s]     7 | [01;31m[Kclass[m[K LQR {
[1.284s]       | [01;31m[K^~~~~[m[K
[1.284s] [01m[K/home/yusuf/ros2_project/src/control_systems/include/lqr_lib.hpp:7:1:[m[K [01;36m[Knote: [m[K(perhaps a semicolon is missing after the definition of ‘[01m[KLQR[m[K’)
[1.284s] [01m[K/home/yusuf/ros2_project/src/control_systems/include/lqr_lib.hpp:7:1:[m[K [01;31m[Kerror: [m[Kreturn type specification for constructor invalid
[1.294s] [01m[K/home/yusuf/ros2_project/src/control_systems/src/lqr_lib.cpp:[m[K In constructor ‘[01m[KLQR::LQR(const StateMatrix&, const InputMatrix&, int)[m[K’:
[1.295s] [01m[K/home/yusuf/ros2_project/src/control_systems/src/lqr_lib.cpp:10:48:[m[K [01;31m[Kerror: [m[Kexpected ‘[01m[K;[m[K’ before ‘[01m[K}[m[K’ token
[1.295s]    10 |     K_ = StateMatrix::Zero(B_.cols(),A_.rows())
[1.295s]       |                                                [01;31m[K^[m[K
[1.295s]       |                                                [32m[K;[m[K
[1.295s]    11 | 
[1.295s]    12 | [32m[K}[m[K
[1.296s]       | [32m[K~[m[K                                               
[1.296s] [01m[K/home/yusuf/ros2_project/src/control_systems/src/lqr_lib.cpp:[m[K At global scope:
[1.296s] [01m[K/home/yusuf/ros2_project/src/control_systems/src/lqr_lib.cpp:14:18:[m[K [01;31m[Kerror: [m[Kno declaration matches ‘[01m[KLQR::StateMatrix LQR::getA(double, double, double)[m[K’
[1.296s]    14 | LQR::StateMatrix [01;31m[KLQR[m[K::getA(double yaw,double v,double dt){
[1.296s]       |                  [01;31m[K^~~[m[K
[1.296s] In file included from [01m[K/home/yusuf/ros2_project/src/control_systems/src/lqr_lib.cpp:1[m[K:
[1.297s] [01m[K/home/yusuf/ros2_project/src/control_systems/include/lqr_lib.hpp:24:17:[m[K [01;36m[Knote: [m[Kcandidate is: ‘[01m[KLQR::StateMatrix LQR::getA(double, double)[m[K’
[1.297s]    24 |     StateMatrix [01;36m[KgetA[m[K(double yaw,double v.double dt);
[1.297s]       |                 [01;36m[K^~~~[m[K
[1.297s] [01m[K/home/yusuf/ros2_project/src/control_systems/include/lqr_lib.hpp:7:7:[m[K [01;36m[Knote: [m[K‘[01m[Kclass LQR[m[K’ defined here
[1.297s]     7 | class [01;36m[KLQR[m[K {
[1.297s]       |       [01;36m[K^~~[m[K
[1.297s] [01m[K/home/yusuf/ros2_project/src/control_systems/src/lqr_lib.cpp:48:6:[m[K [01;31m[Kerror: [m[Kno declaration matches ‘[01m[Kvoid LQR::computeRicatti(const InputMatrix&, const StateMatrix&)[m[K’
[1.297s]    48 | void [01;31m[KLQR[m[K::computeRicatti(InputMatrix const& B,StateMatrix const& A){
[1.297s]       |      [01;31m[K^~~[m[K
[1.298s] [01m[K/home/yusuf/ros2_project/src/control_systems/src/lqr_lib.cpp:48:6:[m[K [01;36m[Knote: [m[Kno functions named ‘[01m[Kvoid LQR::computeRicatti(const InputMatrix&, const StateMatrix&)[m[K’
[1.298s] In file included from [01m[K/home/yusuf/ros2_project/src/control_systems/src/lqr_lib.cpp:1[m[K:
[1.298s] [01m[K/home/yusuf/ros2_project/src/control_systems/include/lqr_lib.hpp:7:7:[m[K [01;36m[Knote: [m[K‘[01m[Kclass LQR[m[K’ defined here
[1.298s]     7 | class [01;36m[KLQR[m[K {
[1.298s]       |       [01;36m[K^~~[m[K
[1.595s] gmake[2]: *** [CMakeFiles/lqr_lib.dir/build.make:76: CMakeFiles/lqr_lib.dir/src/lqr_lib.cpp.o] Error 1
[1.596s] gmake[1]: *** [CMakeFiles/Makefile2:195: CMakeFiles/lqr_lib.dir/all] Error 2
[1.596s] gmake: *** [Makefile:146: all] Error 2
[1.599s] Invoked command in '/home/yusuf/ros2_project/build/control_systems' returned '2': CMAKE_PREFIX_PATH=/opt/ros/humble /usr/bin/cmake --build /home/yusuf/ros2_project/build/control_systems -- -j8 -l8
