[0.031s] Invoking command in '/home/yusuf/ros2_project/build/sensor_fusion': CMAKE_PREFIX_PATH=${CMAKE_PREFIX_PATH}:/opt/ros/humble /usr/bin/cmake --build /home/yusuf/ros2_project/build/sensor_fusion -- -j8 -l8
[0.153s] [ 20%] Built target ekf_lib
[0.154s] [ 40%] Built target noise_kf
[0.158s] [ 60%] Built target advanced_kf
[0.172s] [ 80%] Built target linear_kf
[0.195s] [100%] Built target ekf_node
[0.228s] Invoked command in '/home/yusuf/ros2_project/build/sensor_fusion' returned '0': CMAKE_PREFIX_PATH=${CMAKE_PREFIX_PATH}:/opt/ros/humble /usr/bin/cmake --build /home/yusuf/ros2_project/build/sensor_fusion -- -j8 -l8
[0.305s] Invoking command in '/home/yusuf/ros2_project/build/sensor_fusion': CMAKE_PREFIX_PATH=${CMAKE_PREFIX_PATH}:/opt/ros/humble /usr/bin/cmake --install /home/yusuf/ros2_project/build/sensor_fusion
[0.322s] -- Install configuration: ""
[0.322s] -- Up-to-date: /home/yusuf/ros2_project/install/sensor_fusion/lib/sensor_fusion/linear_kf
[0.323s] -- Up-to-date: /home/yusuf/ros2_project/install/sensor_fusion/lib/sensor_fusion/advanced_kf
[0.326s] -- Up-to-date: /home/yusuf/ros2_project/install/sensor_fusion/lib/sensor_fusion/noise_kf
[0.328s] -- Up-to-date: /home/yusuf/ros2_project/install/sensor_fusion/lib/sensor_fusion/ekf_node
[0.328s] -- Up-to-date: /home/yusuf/ros2_project/install/sensor_fusion/share/sensor_fusion/launch
[0.328s] -- Up-to-date: /home/yusuf/ros2_project/install/sensor_fusion/share/sensor_fusion/launch/fusion_ekf.launch.py
[0.331s] -- Up-to-date: /home/yusuf/ros2_project/install/sensor_fusion/share/sensor_fusion/launch/linear_kf.launch.py
[0.332s] -- Up-to-date: /home/yusuf/ros2_project/install/sensor_fusion/share/sensor_fusion/launch/tb3_ekf.launch.py
[0.335s] -- Up-to-date: /home/yusuf/ros2_project/install/sensor_fusion/share/sensor_fusion/config
[0.335s] -- Up-to-date: /home/yusuf/ros2_project/install/sensor_fusion/share/sensor_fusion/config/fusion2.yaml
[0.338s] -- Up-to-date: /home/yusuf/ros2_project/install/sensor_fusion/share/sensor_fusion/config/tb3_ekf.yaml
[0.339s] -- Up-to-date: /home/yusuf/ros2_project/install/sensor_fusion/share/sensor_fusion/config/kf.rviz
[0.339s] -- Up-to-date: /home/yusuf/ros2_project/install/sensor_fusion/share/sensor_fusion/config/fusion.yaml
[0.340s] -- Up-to-date: /home/yusuf/ros2_project/install/sensor_fusion/share/ament_index/resource_index/package_run_dependencies/sensor_fusion
[0.341s] -- Up-to-date: /home/yusuf/ros2_project/install/sensor_fusion/share/ament_index/resource_index/parent_prefix_path/sensor_fusion
[0.341s] -- Up-to-date: /home/yusuf/ros2_project/install/sensor_fusion/share/sensor_fusion/environment/ament_prefix_path.sh
[0.341s] -- Up-to-date: /home/yusuf/ros2_project/install/sensor_fusion/share/sensor_fusion/environment/ament_prefix_path.dsv
[0.344s] -- Up-to-date: /home/yusuf/ros2_project/install/sensor_fusion/share/sensor_fusion/environment/path.sh
[0.344s] -- Up-to-date: /home/yusuf/ros2_project/install/sensor_fusion/share/sensor_fusion/environment/path.dsv
[0.348s] -- Up-to-date: /home/yusuf/ros2_project/install/sensor_fusion/share/sensor_fusion/local_setup.bash
[0.348s] -- Up-to-date: /home/yusuf/ros2_project/install/sensor_fusion/share/sensor_fusion/local_setup.sh
[0.348s] -- Up-to-date: /home/yusuf/ros2_project/install/sensor_fusion/share/sensor_fusion/local_setup.zsh
[0.348s] -- Up-to-date: /home/yusuf/ros2_project/install/sensor_fusion/share/sensor_fusion/local_setup.dsv
[0.349s] -- Installing: /home/yusuf/ros2_project/install/sensor_fusion/share/sensor_fusion/package.dsv
[0.349s] -- Up-to-date: /home/yusuf/ros2_project/install/sensor_fusion/share/ament_index/resource_index/packages/sensor_fusion
[0.349s] -- Up-to-date: /home/yusuf/ros2_project/install/sensor_fusion/share/sensor_fusion/cmake/sensor_fusionConfig.cmake
[0.349s] -- Up-to-date: /home/yusuf/ros2_project/install/sensor_fusion/share/sensor_fusion/cmake/sensor_fusionConfig-version.cmake
[0.350s] -- Up-to-date: /home/yusuf/ros2_project/install/sensor_fusion/share/sensor_fusion/package.xml
[0.351s] Invoked command in '/home/yusuf/ros2_project/build/sensor_fusion' returned '0': CMAKE_PREFIX_PATH=${CMAKE_PREFIX_PATH}:/opt/ros/humble /usr/bin/cmake --install /home/yusuf/ros2_project/build/sensor_fusion
