-- The C compiler identification is GNU 11.4.0
-- The CXX compiler identification is GNU 11.4.0
-- Detecting C compiler ABI info
-- Detecting C compiler ABI info - done
-- Check for working C compiler: /usr/bin/cc - skipped
-- Detecting C compile features
-- Detecting C compile features - done
-- Detecting CXX compiler ABI info
-- Detecting CXX compiler ABI info - done
-- Check for working CXX compiler: /usr/bin/c++ - skipped
-- Detecting CXX compile features
-- Detecting CXX compile features - done
-- Found ament_cmake: 1.3.10 (/opt/ros/humble/share/ament_cmake/cmake)
-- Found Python3: /usr/bin/python3 (found version "3.10.12") found components: Interpreter 
-- Found rclcpp: 16.0.10 (/opt/ros/humble/share/rclcpp/cmake)
-- Found rosidl_generator_c: 3.1.5 (/opt/ros/humble/share/rosidl_generator_c/cmake)
-- Found rosidl_adapter: 3.1.5 (/opt/ros/humble/share/rosidl_adapter/cmake)
-- Found rosidl_generator_cpp: 3.1.5 (/opt/ros/humble/share/rosidl_generator_cpp/cmake)
-- Using all available rosidl_typesupport_c: rosidl_typesupport_fastrtps_c;rosidl_typesupport_introspection_c
-- Using all available rosidl_typesupport_cpp: rosidl_typesupport_fastrtps_cpp;rosidl_typesupport_introspection_cpp
-- Found rmw_implementation_cmake: 6.1.2 (/opt/ros/humble/share/rmw_implementation_cmake/cmake)
-- Found rmw_fastrtps_cpp: 6.2.7 (/opt/ros/humble/share/rmw_fastrtps_cpp/cmake)
-- Found OpenSSL: /usr/lib/x86_64-linux-gnu/libcrypto.so (found version "3.0.2")  
-- Found FastRTPS: /opt/ros/humble/include  
-- Using RMW implementation 'rmw_fastrtps_cpp' as default
-- Looking for pthread.h
-- Looking for pthread.h - found
-- Performing Test CMAKE_HAVE_LIBC_PTHREAD
-- Performing Test CMAKE_HAVE_LIBC_PTHREAD - Success
-- Found Threads: TRUE  
-- Found geometry_msgs: 4.2.4 (/opt/ros/humble/share/geometry_msgs/cmake)
-- Found nav_msgs: 4.2.4 (/opt/ros/humble/share/nav_msgs/cmake)
-- Found tf2_ros: 0.25.7 (/opt/ros/humble/share/tf2_ros/cmake)
-- Found sensor_msgs: 4.2.4 (/opt/ros/humble/share/sensor_msgs/cmake)
-- Found cv_bridge: 3.2.1 (/opt/ros/humble/share/cv_bridge/cmake)
-- Found OpenCV: /usr (found version "4.5.4") 
-- Found visualization_msgs: 4.2.4 (/opt/ros/humble/share/visualization_msgs/cmake)
-- Configuring done
-- Generating done
-- Build files have been written to: /home/yusuf/ros2_project/build/sensor_fusion
[ 10%] [32mBuilding CXX object CMakeFiles/noise_kf.dir/src/noise_kf.cpp.o[0m
[ 20%] [32mBuilding CXX object CMakeFiles/linear_kf.dir/src/linear_kf.cpp.o[0m
[ 30%] [32mBuilding CXX object CMakeFiles/ekf_lib.dir/src/ekf_lib.cpp.o[0m
[ 40%] [32mBuilding CXX object CMakeFiles/advanced_kf.dir/src/advanced_kf.cpp.o[0m
[ 50%] [32m[1mLinking CXX static library libekf_lib.a[0m
[ 50%] Built target ekf_lib
[ 60%] [32m[1mLinking CXX executable linear_kf[0m
[ 60%] Built target linear_kf
[ 70%] [32m[1mLinking CXX executable advanced_kf[0m
[ 70%] Built target advanced_kf
[ 80%] [32m[1mLinking CXX executable noise_kf[0m
[ 80%] Built target noise_kf
[ 90%] [32mBuilding CXX object CMakeFiles/ekf_node.dir/src/ekf_node.cpp.o[0m
[100%] [32m[1mLinking CXX executable ekf_node[0m
[100%] Built target ekf_node
-- Install configuration: ""
-- Installing: /home/yusuf/ros2_project/install/sensor_fusion/lib/sensor_fusion/linear_kf
-- Set runtime path of "/home/yusuf/ros2_project/install/sensor_fusion/lib/sensor_fusion/linear_kf" to ""
-- Installing: /home/yusuf/ros2_project/install/sensor_fusion/lib/sensor_fusion/advanced_kf
-- Set runtime path of "/home/yusuf/ros2_project/install/sensor_fusion/lib/sensor_fusion/advanced_kf" to ""
-- Installing: /home/yusuf/ros2_project/install/sensor_fusion/lib/sensor_fusion/noise_kf
-- Set runtime path of "/home/yusuf/ros2_project/install/sensor_fusion/lib/sensor_fusion/noise_kf" to ""
-- Installing: /home/yusuf/ros2_project/install/sensor_fusion/lib/sensor_fusion/ekf_node
-- Set runtime path of "/home/yusuf/ros2_project/install/sensor_fusion/lib/sensor_fusion/ekf_node" to ""
-- Installing: /home/yusuf/ros2_project/install/sensor_fusion/share/sensor_fusion/launch
-- Installing: /home/yusuf/ros2_project/install/sensor_fusion/share/sensor_fusion/launch/fusion_ekf.launch.py
-- Installing: /home/yusuf/ros2_project/install/sensor_fusion/share/sensor_fusion/launch/linear_kf.launch.py
-- Installing: /home/yusuf/ros2_project/install/sensor_fusion/share/sensor_fusion/launch/tb3_ekf.launch.py
-- Installing: /home/yusuf/ros2_project/install/sensor_fusion/share/sensor_fusion/config
-- Installing: /home/yusuf/ros2_project/install/sensor_fusion/share/sensor_fusion/config/fusion2.yaml
-- Installing: /home/yusuf/ros2_project/install/sensor_fusion/share/sensor_fusion/config/tb3_ekf.yaml
-- Installing: /home/yusuf/ros2_project/install/sensor_fusion/share/sensor_fusion/config/kf.rviz
-- Installing: /home/yusuf/ros2_project/install/sensor_fusion/share/sensor_fusion/config/fusion.yaml
-- Installing: /home/yusuf/ros2_project/install/sensor_fusion/share/ament_index/resource_index/package_run_dependencies/sensor_fusion
-- Installing: /home/yusuf/ros2_project/install/sensor_fusion/share/ament_index/resource_index/parent_prefix_path/sensor_fusion
-- Installing: /home/yusuf/ros2_project/install/sensor_fusion/share/sensor_fusion/environment/ament_prefix_path.sh
-- Installing: /home/yusuf/ros2_project/install/sensor_fusion/share/sensor_fusion/environment/ament_prefix_path.dsv
-- Installing: /home/yusuf/ros2_project/install/sensor_fusion/share/sensor_fusion/environment/path.sh
-- Installing: /home/yusuf/ros2_project/install/sensor_fusion/share/sensor_fusion/environment/path.dsv
-- Installing: /home/yusuf/ros2_project/install/sensor_fusion/share/sensor_fusion/local_setup.bash
-- Installing: /home/yusuf/ros2_project/install/sensor_fusion/share/sensor_fusion/local_setup.sh
-- Installing: /home/yusuf/ros2_project/install/sensor_fusion/share/sensor_fusion/local_setup.zsh
-- Installing: /home/yusuf/ros2_project/install/sensor_fusion/share/sensor_fusion/local_setup.dsv
-- Installing: /home/yusuf/ros2_project/install/sensor_fusion/share/sensor_fusion/package.dsv
-- Installing: /home/yusuf/ros2_project/install/sensor_fusion/share/ament_index/resource_index/packages/sensor_fusion
-- Installing: /home/yusuf/ros2_project/install/sensor_fusion/share/sensor_fusion/cmake/sensor_fusionConfig.cmake
-- Installing: /home/yusuf/ros2_project/install/sensor_fusion/share/sensor_fusion/cmake/sensor_fusionConfig-version.cmake
-- Installing: /home/yusuf/ros2_project/install/sensor_fusion/share/sensor_fusion/package.xml
