[0.142s] DEBUG:colcon:Command line arguments: ['/usr/bin/colcon', 'build']
[0.143s] DEBUG:colcon:Parsed command line arguments: Namespace(log_base=None, log_level=None, verb_name='build', build_base='build', install_base='install', merge_install=False, symlink_install=False, test_result_base=None, continue_on_error=False, executor='parallel', parallel_workers=8, event_handlers=None, ignore_user_meta=False, metas=['./colcon.meta'], base_paths=['.'], packages_ignore=None, packages_ignore_regex=None, paths=None, packages_up_to=None, packages_up_to_regex=None, packages_above=None, packages_above_and_dependencies=None, packages_above_depth=None, packages_select_by_dep=None, packages_skip_by_dep=None, packages_skip_up_to=None, packages_select_build_failed=False, packages_skip_build_finished=False, packages_select_test_failures=False, packages_skip_test_passed=False, packages_select=None, packages_skip=None, packages_select_regex=None, packages_skip_regex=None, packages_start=None, packages_end=None, allow_overriding=[], cmake_args=None, cmake_target=None, cmake_target_skip_unavailable=False, cmake_clean_cache=False, cmake_clean_first=False, cmake_force_configure=False, ament_cmake_args=None, catkin_cmake_args=None, catkin_skip_building_tests=False, verb_parser=<colcon_defaults.argument_parser.defaults.DefaultArgumentsDecorator object at 0x714f7c852d40>, verb_extension=<colcon_core.verb.build.BuildVerb object at 0x714f7c852680>, main=<bound method BuildVerb.main of <colcon_core.verb.build.BuildVerb object at 0x714f7c852680>>)
[0.347s] Level 1:colcon.colcon_core.package_discovery:discover_packages(colcon_meta) check parameters
[0.348s] Level 1:colcon.colcon_core.package_discovery:discover_packages(recursive) check parameters
[0.348s] Level 1:colcon.colcon_core.package_discovery:discover_packages(ignore) check parameters
[0.348s] Level 1:colcon.colcon_core.package_discovery:discover_packages(path) check parameters
[0.348s] Level 1:colcon.colcon_core.package_discovery:discover_packages(colcon_meta) discover
[0.348s] Level 1:colcon.colcon_core.package_discovery:discover_packages(recursive) discover
[0.348s] INFO:colcon.colcon_core.package_discovery:Crawling recursively for packages in '/home/yusuf/ros2_project'
[0.348s] Level 1:colcon.colcon_core.package_identification:_identify(.) by extensions ['ignore', 'ignore_ament_install']
[0.348s] Level 1:colcon.colcon_core.package_identification:_identify(.) by extension 'ignore'
[0.348s] Level 1:colcon.colcon_core.package_identification:_identify(.) by extension 'ignore_ament_install'
[0.348s] Level 1:colcon.colcon_core.package_identification:_identify(.) by extensions ['colcon_pkg']
[0.348s] Level 1:colcon.colcon_core.package_identification:_identify(.) by extension 'colcon_pkg'
[0.348s] Level 1:colcon.colcon_core.package_identification:_identify(.) by extensions ['colcon_meta']
[0.348s] Level 1:colcon.colcon_core.package_identification:_identify(.) by extension 'colcon_meta'
[0.348s] Level 1:colcon.colcon_core.package_identification:_identify(.) by extensions ['ros']
[0.349s] Level 1:colcon.colcon_core.package_identification:_identify(.) by extension 'ros'
[0.359s] Level 1:colcon.colcon_core.package_identification:_identify(.) by extensions ['cmake', 'python']
[0.359s] Level 1:colcon.colcon_core.package_identification:_identify(.) by extension 'cmake'
[0.359s] Level 1:colcon.colcon_core.package_identification:_identify(.) by extension 'python'
[0.359s] Level 1:colcon.colcon_core.package_identification:_identify(.) by extensions ['python_setup_py']
[0.359s] Level 1:colcon.colcon_core.package_identification:_identify(.) by extension 'python_setup_py'
[0.359s] Level 1:colcon.colcon_core.package_identification:_identify(build) by extensions ['ignore', 'ignore_ament_install']
[0.360s] Level 1:colcon.colcon_core.package_identification:_identify(build) by extension 'ignore'
[0.360s] Level 1:colcon.colcon_core.package_identification:_identify(build) ignored
[0.360s] Level 1:colcon.colcon_core.package_identification:_identify(install) by extensions ['ignore', 'ignore_ament_install']
[0.360s] Level 1:colcon.colcon_core.package_identification:_identify(install) by extension 'ignore'
[0.360s] Level 1:colcon.colcon_core.package_identification:_identify(install) ignored
[0.360s] Level 1:colcon.colcon_core.package_identification:_identify(log) by extensions ['ignore', 'ignore_ament_install']
[0.360s] Level 1:colcon.colcon_core.package_identification:_identify(log) by extension 'ignore'
[0.360s] Level 1:colcon.colcon_core.package_identification:_identify(log) ignored
[0.360s] Level 1:colcon.colcon_core.package_identification:_identify(src) by extensions ['ignore', 'ignore_ament_install']
[0.361s] Level 1:colcon.colcon_core.package_identification:_identify(src) by extension 'ignore'
[0.361s] Level 1:colcon.colcon_core.package_identification:_identify(src) by extension 'ignore_ament_install'
[0.361s] Level 1:colcon.colcon_core.package_identification:_identify(src) by extensions ['colcon_pkg']
[0.361s] Level 1:colcon.colcon_core.package_identification:_identify(src) by extension 'colcon_pkg'
[0.361s] Level 1:colcon.colcon_core.package_identification:_identify(src) by extensions ['colcon_meta']
[0.361s] Level 1:colcon.colcon_core.package_identification:_identify(src) by extension 'colcon_meta'
[0.361s] Level 1:colcon.colcon_core.package_identification:_identify(src) by extensions ['ros']
[0.361s] Level 1:colcon.colcon_core.package_identification:_identify(src) by extension 'ros'
[0.361s] Level 1:colcon.colcon_core.package_identification:_identify(src) by extensions ['cmake', 'python']
[0.361s] Level 1:colcon.colcon_core.package_identification:_identify(src) by extension 'cmake'
[0.361s] Level 1:colcon.colcon_core.package_identification:_identify(src) by extension 'python'
[0.361s] Level 1:colcon.colcon_core.package_identification:_identify(src) by extensions ['python_setup_py']
[0.361s] Level 1:colcon.colcon_core.package_identification:_identify(src) by extension 'python_setup_py'
[0.361s] Level 1:colcon.colcon_core.package_identification:_identify(src/control_systems) by extensions ['ignore', 'ignore_ament_install']
[0.361s] Level 1:colcon.colcon_core.package_identification:_identify(src/control_systems) by extension 'ignore'
[0.362s] Level 1:colcon.colcon_core.package_identification:_identify(src/control_systems) by extension 'ignore_ament_install'
[0.362s] Level 1:colcon.colcon_core.package_identification:_identify(src/control_systems) by extensions ['colcon_pkg']
[0.362s] Level 1:colcon.colcon_core.package_identification:_identify(src/control_systems) by extension 'colcon_pkg'
[0.362s] Level 1:colcon.colcon_core.package_identification:_identify(src/control_systems) by extensions ['colcon_meta']
[0.362s] Level 1:colcon.colcon_core.package_identification:_identify(src/control_systems) by extension 'colcon_meta'
[0.362s] Level 1:colcon.colcon_core.package_identification:_identify(src/control_systems) by extensions ['ros']
[0.362s] Level 1:colcon.colcon_core.package_identification:_identify(src/control_systems) by extension 'ros'
[0.364s] DEBUG:colcon.colcon_core.package_identification:Package 'src/control_systems' with type 'ros.ament_cmake' and name 'control_systems'
[0.365s] Level 1:colcon.colcon_core.package_identification:_identify(src/robot_sensing) by extensions ['ignore', 'ignore_ament_install']
[0.365s] Level 1:colcon.colcon_core.package_identification:_identify(src/robot_sensing) by extension 'ignore'
[0.365s] Level 1:colcon.colcon_core.package_identification:_identify(src/robot_sensing) by extension 'ignore_ament_install'
[0.365s] Level 1:colcon.colcon_core.package_identification:_identify(src/robot_sensing) by extensions ['colcon_pkg']
[0.365s] Level 1:colcon.colcon_core.package_identification:_identify(src/robot_sensing) by extension 'colcon_pkg'
[0.365s] Level 1:colcon.colcon_core.package_identification:_identify(src/robot_sensing) by extensions ['colcon_meta']
[0.365s] Level 1:colcon.colcon_core.package_identification:_identify(src/robot_sensing) by extension 'colcon_meta'
[0.365s] Level 1:colcon.colcon_core.package_identification:_identify(src/robot_sensing) by extensions ['ros']
[0.365s] Level 1:colcon.colcon_core.package_identification:_identify(src/robot_sensing) by extension 'ros'
[0.366s] DEBUG:colcon.colcon_core.package_identification:Package 'src/robot_sensing' with type 'ros.ament_cmake' and name 'robot_sensing'
[0.366s] Level 1:colcon.colcon_core.package_identification:_identify(src/sensor_fusion) by extensions ['ignore', 'ignore_ament_install']
[0.366s] Level 1:colcon.colcon_core.package_identification:_identify(src/sensor_fusion) by extension 'ignore'
[0.366s] Level 1:colcon.colcon_core.package_identification:_identify(src/sensor_fusion) by extension 'ignore_ament_install'
[0.366s] Level 1:colcon.colcon_core.package_identification:_identify(src/sensor_fusion) by extensions ['colcon_pkg']
[0.366s] Level 1:colcon.colcon_core.package_identification:_identify(src/sensor_fusion) by extension 'colcon_pkg'
[0.366s] Level 1:colcon.colcon_core.package_identification:_identify(src/sensor_fusion) by extensions ['colcon_meta']
[0.366s] Level 1:colcon.colcon_core.package_identification:_identify(src/sensor_fusion) by extension 'colcon_meta'
[0.366s] Level 1:colcon.colcon_core.package_identification:_identify(src/sensor_fusion) by extensions ['ros']
[0.366s] Level 1:colcon.colcon_core.package_identification:_identify(src/sensor_fusion) by extension 'ros'
[0.367s] DEBUG:colcon.colcon_core.package_identification:Package 'src/sensor_fusion' with type 'ros.ament_cmake' and name 'sensor_fusion'
[0.367s] Level 1:colcon.colcon_core.package_discovery:discover_packages(recursive) using defaults
[0.367s] Level 1:colcon.colcon_core.package_discovery:discover_packages(ignore) discover
[0.367s] Level 1:colcon.colcon_core.package_discovery:discover_packages(ignore) using defaults
[0.367s] Level 1:colcon.colcon_core.package_discovery:discover_packages(path) discover
[0.367s] Level 1:colcon.colcon_core.package_discovery:discover_packages(path) using defaults
[0.402s] Level 1:colcon.colcon_core.package_discovery:discover_packages(prefix_path) check parameters
[0.402s] Level 1:colcon.colcon_core.package_discovery:discover_packages(prefix_path) discover
[0.406s] DEBUG:colcon.colcon_installed_package_information.package_discovery:Found 429 installed packages in /opt/ros/humble
[0.409s] Level 1:colcon.colcon_core.package_discovery:discover_packages(prefix_path) using defaults
[0.478s] Level 5:colcon.colcon_core.verb:set package 'control_systems' build argument 'cmake_args' from command line to 'None'
[0.478s] Level 5:colcon.colcon_core.verb:set package 'control_systems' build argument 'cmake_target' from command line to 'None'
[0.478s] Level 5:colcon.colcon_core.verb:set package 'control_systems' build argument 'cmake_target_skip_unavailable' from command line to 'False'
[0.478s] Level 5:colcon.colcon_core.verb:set package 'control_systems' build argument 'cmake_clean_cache' from command line to 'False'
[0.478s] Level 5:colcon.colcon_core.verb:set package 'control_systems' build argument 'cmake_clean_first' from command line to 'False'
[0.478s] Level 5:colcon.colcon_core.verb:set package 'control_systems' build argument 'cmake_force_configure' from command line to 'False'
[0.478s] Level 5:colcon.colcon_core.verb:set package 'control_systems' build argument 'ament_cmake_args' from command line to 'None'
[0.478s] Level 5:colcon.colcon_core.verb:set package 'control_systems' build argument 'catkin_cmake_args' from command line to 'None'
[0.478s] Level 5:colcon.colcon_core.verb:set package 'control_systems' build argument 'catkin_skip_building_tests' from command line to 'False'
[0.478s] DEBUG:colcon.colcon_core.verb:Building package 'control_systems' with the following arguments: {'ament_cmake_args': None, 'build_base': '/home/yusuf/ros2_project/build/control_systems', 'catkin_cmake_args': None, 'catkin_skip_building_tests': False, 'cmake_args': None, 'cmake_clean_cache': False, 'cmake_clean_first': False, 'cmake_force_configure': False, 'cmake_target': None, 'cmake_target_skip_unavailable': False, 'install_base': '/home/yusuf/ros2_project/install/control_systems', 'merge_install': False, 'path': '/home/yusuf/ros2_project/src/control_systems', 'symlink_install': False, 'test_result_base': None}
[0.479s] Level 5:colcon.colcon_core.verb:set package 'robot_sensing' build argument 'cmake_args' from command line to 'None'
[0.479s] Level 5:colcon.colcon_core.verb:set package 'robot_sensing' build argument 'cmake_target' from command line to 'None'
[0.479s] Level 5:colcon.colcon_core.verb:set package 'robot_sensing' build argument 'cmake_target_skip_unavailable' from command line to 'False'
[0.479s] Level 5:colcon.colcon_core.verb:set package 'robot_sensing' build argument 'cmake_clean_cache' from command line to 'False'
[0.479s] Level 5:colcon.colcon_core.verb:set package 'robot_sensing' build argument 'cmake_clean_first' from command line to 'False'
[0.479s] Level 5:colcon.colcon_core.verb:set package 'robot_sensing' build argument 'cmake_force_configure' from command line to 'False'
[0.479s] Level 5:colcon.colcon_core.verb:set package 'robot_sensing' build argument 'ament_cmake_args' from command line to 'None'
[0.479s] Level 5:colcon.colcon_core.verb:set package 'robot_sensing' build argument 'catkin_cmake_args' from command line to 'None'
[0.479s] Level 5:colcon.colcon_core.verb:set package 'robot_sensing' build argument 'catkin_skip_building_tests' from command line to 'False'
[0.479s] DEBUG:colcon.colcon_core.verb:Building package 'robot_sensing' with the following arguments: {'ament_cmake_args': None, 'build_base': '/home/yusuf/ros2_project/build/robot_sensing', 'catkin_cmake_args': None, 'catkin_skip_building_tests': False, 'cmake_args': None, 'cmake_clean_cache': False, 'cmake_clean_first': False, 'cmake_force_configure': False, 'cmake_target': None, 'cmake_target_skip_unavailable': False, 'install_base': '/home/yusuf/ros2_project/install/robot_sensing', 'merge_install': False, 'path': '/home/yusuf/ros2_project/src/robot_sensing', 'symlink_install': False, 'test_result_base': None}
[0.480s] Level 5:colcon.colcon_core.verb:set package 'sensor_fusion' build argument 'cmake_args' from command line to 'None'
[0.480s] Level 5:colcon.colcon_core.verb:set package 'sensor_fusion' build argument 'cmake_target' from command line to 'None'
[0.480s] Level 5:colcon.colcon_core.verb:set package 'sensor_fusion' build argument 'cmake_target_skip_unavailable' from command line to 'False'
[0.480s] Level 5:colcon.colcon_core.verb:set package 'sensor_fusion' build argument 'cmake_clean_cache' from command line to 'False'
[0.480s] Level 5:colcon.colcon_core.verb:set package 'sensor_fusion' build argument 'cmake_clean_first' from command line to 'False'
[0.480s] Level 5:colcon.colcon_core.verb:set package 'sensor_fusion' build argument 'cmake_force_configure' from command line to 'False'
[0.480s] Level 5:colcon.colcon_core.verb:set package 'sensor_fusion' build argument 'ament_cmake_args' from command line to 'None'
[0.480s] Level 5:colcon.colcon_core.verb:set package 'sensor_fusion' build argument 'catkin_cmake_args' from command line to 'None'
[0.480s] Level 5:colcon.colcon_core.verb:set package 'sensor_fusion' build argument 'catkin_skip_building_tests' from command line to 'False'
[0.480s] DEBUG:colcon.colcon_core.verb:Building package 'sensor_fusion' with the following arguments: {'ament_cmake_args': None, 'build_base': '/home/yusuf/ros2_project/build/sensor_fusion', 'catkin_cmake_args': None, 'catkin_skip_building_tests': False, 'cmake_args': None, 'cmake_clean_cache': False, 'cmake_clean_first': False, 'cmake_force_configure': False, 'cmake_target': None, 'cmake_target_skip_unavailable': False, 'install_base': '/home/yusuf/ros2_project/install/sensor_fusion', 'merge_install': False, 'path': '/home/yusuf/ros2_project/src/sensor_fusion', 'symlink_install': False, 'test_result_base': None}
[0.480s] INFO:colcon.colcon_core.executor:Executing jobs using 'parallel' executor
[0.482s] DEBUG:colcon.colcon_parallel_executor.executor.parallel:run_until_complete
[0.482s] INFO:colcon.colcon_ros.task.ament_cmake.build:Building ROS package in '/home/yusuf/ros2_project/src/control_systems' with build type 'ament_cmake'
[0.482s] INFO:colcon.colcon_cmake.task.cmake.build:Building CMake package in '/home/yusuf/ros2_project/src/control_systems'
[0.485s] INFO:colcon.colcon_core.plugin_system:Skipping extension 'colcon_core.shell.bat': Not used on non-Windows systems
[0.485s] INFO:colcon.colcon_core.shell:Skip shell extension 'powershell' for command environment: Not usable outside of PowerShell
[0.485s] DEBUG:colcon.colcon_core.shell:Skip shell extension 'dsv' for command environment
[0.489s] INFO:colcon.colcon_ros.task.ament_cmake.build:Building ROS package in '/home/yusuf/ros2_project/src/robot_sensing' with build type 'ament_cmake'
[0.489s] INFO:colcon.colcon_cmake.task.cmake.build:Building CMake package in '/home/yusuf/ros2_project/src/robot_sensing'
[0.489s] INFO:colcon.colcon_core.shell:Skip shell extension 'powershell' for command environment: Not usable outside of PowerShell
[0.489s] DEBUG:colcon.colcon_core.shell:Skip shell extension 'dsv' for command environment
[0.493s] INFO:colcon.colcon_ros.task.ament_cmake.build:Building ROS package in '/home/yusuf/ros2_project/src/sensor_fusion' with build type 'ament_cmake'
[0.493s] INFO:colcon.colcon_cmake.task.cmake.build:Building CMake package in '/home/yusuf/ros2_project/src/sensor_fusion'
[0.494s] INFO:colcon.colcon_core.shell:Skip shell extension 'powershell' for command environment: Not usable outside of PowerShell
[0.494s] DEBUG:colcon.colcon_core.shell:Skip shell extension 'dsv' for command environment
[0.509s] DEBUG:colcon.colcon_core.event_handler.log_command:Invoking command in '/home/yusuf/ros2_project/build/control_systems': CMAKE_PREFIX_PATH=/opt/ros/humble /usr/bin/cmake --build /home/yusuf/ros2_project/build/control_systems -- -j8 -l8
[0.515s] DEBUG:colcon.colcon_core.event_handler.log_command:Invoking command in '/home/yusuf/ros2_project/build/robot_sensing': CMAKE_PREFIX_PATH=/opt/ros/humble /usr/bin/cmake --build /home/yusuf/ros2_project/build/robot_sensing -- -j8 -l8
[0.525s] DEBUG:colcon.colcon_core.event_handler.log_command:Invoking command in '/home/yusuf/ros2_project/build/sensor_fusion': CMAKE_PREFIX_PATH=/opt/ros/humble /usr/bin/cmake --build /home/yusuf/ros2_project/build/sensor_fusion -- -j8 -l8
[0.667s] DEBUG:colcon.colcon_core.event_handler.log_command:Invoked command in '/home/yusuf/ros2_project/build/robot_sensing' returned '0': CMAKE_PREFIX_PATH=/opt/ros/humble /usr/bin/cmake --build /home/yusuf/ros2_project/build/robot_sensing -- -j8 -l8
[0.690s] DEBUG:colcon.colcon_core.event_handler.log_command:Invoked command in '/home/yusuf/ros2_project/build/sensor_fusion' returned '0': CMAKE_PREFIX_PATH=/opt/ros/humble /usr/bin/cmake --build /home/yusuf/ros2_project/build/sensor_fusion -- -j8 -l8
[0.728s] DEBUG:colcon.colcon_core.event_handler.log_command:Invoking command in '/home/yusuf/ros2_project/build/robot_sensing': CMAKE_PREFIX_PATH=/opt/ros/humble /usr/bin/cmake --install /home/yusuf/ros2_project/build/robot_sensing
[0.749s] Level 1:colcon.colcon_core.environment:create_environment_scripts_only(robot_sensing)
[0.752s] DEBUG:colcon.colcon_core.event_handler.log_command:Invoking command in '/home/yusuf/ros2_project/build/sensor_fusion': CMAKE_PREFIX_PATH=/opt/ros/humble /usr/bin/cmake --install /home/yusuf/ros2_project/build/sensor_fusion
[0.752s] DEBUG:colcon.colcon_core.event_handler.log_command:Invoked command in '/home/yusuf/ros2_project/build/robot_sensing' returned '0': CMAKE_PREFIX_PATH=/opt/ros/humble /usr/bin/cmake --install /home/yusuf/ros2_project/build/robot_sensing
[0.757s] Level 1:colcon.colcon_core.environment:checking '/home/yusuf/ros2_project/install/robot_sensing' for CMake module files
[0.758s] Level 1:colcon.colcon_core.environment:checking '/home/yusuf/ros2_project/install/robot_sensing' for CMake config files
[0.759s] Level 1:colcon.colcon_core.shell:create_environment_hook('robot_sensing', 'cmake_prefix_path')
[0.760s] INFO:colcon.colcon_core.shell:Creating environment hook '/home/yusuf/ros2_project/install/robot_sensing/share/robot_sensing/hook/cmake_prefix_path.ps1'
[0.762s] INFO:colcon.colcon_core.shell:Creating environment descriptor '/home/yusuf/ros2_project/install/robot_sensing/share/robot_sensing/hook/cmake_prefix_path.dsv'
[0.766s] INFO:colcon.colcon_core.shell:Creating environment hook '/home/yusuf/ros2_project/install/robot_sensing/share/robot_sensing/hook/cmake_prefix_path.sh'
[0.769s] Level 1:colcon.colcon_core.environment:checking '/home/yusuf/ros2_project/install/robot_sensing/lib'
[0.770s] Level 1:colcon.colcon_core.environment:checking '/home/yusuf/ros2_project/install/robot_sensing/bin'
[0.770s] Level 1:colcon.colcon_core.environment:checking '/home/yusuf/ros2_project/install/robot_sensing/lib/pkgconfig/robot_sensing.pc'
[0.771s] Level 1:colcon.colcon_core.environment:checking '/home/yusuf/ros2_project/install/robot_sensing/lib/python3.10/site-packages'
[0.772s] Level 1:colcon.colcon_core.environment:checking '/home/yusuf/ros2_project/install/robot_sensing/bin'
[0.773s] INFO:colcon.colcon_core.shell:Creating package script '/home/yusuf/ros2_project/install/robot_sensing/share/robot_sensing/package.ps1'
[0.775s] INFO:colcon.colcon_core.shell:Creating package descriptor '/home/yusuf/ros2_project/install/robot_sensing/share/robot_sensing/package.dsv'
[0.777s] INFO:colcon.colcon_core.shell:Creating package script '/home/yusuf/ros2_project/install/robot_sensing/share/robot_sensing/package.sh'
[0.778s] INFO:colcon.colcon_core.shell:Creating package script '/home/yusuf/ros2_project/install/robot_sensing/share/robot_sensing/package.bash'
[0.780s] INFO:colcon.colcon_core.shell:Creating package script '/home/yusuf/ros2_project/install/robot_sensing/share/robot_sensing/package.zsh'
[0.781s] Level 1:colcon.colcon_core.environment:create_file_with_runtime_dependencies(/home/yusuf/ros2_project/install/robot_sensing/share/colcon-core/packages/robot_sensing)
[0.785s] Level 1:colcon.colcon_core.environment:create_environment_scripts_only(sensor_fusion)
[0.786s] Level 1:colcon.colcon_core.environment:checking '/home/yusuf/ros2_project/install/sensor_fusion' for CMake module files
[0.787s] DEBUG:colcon.colcon_core.event_handler.log_command:Invoked command in '/home/yusuf/ros2_project/build/sensor_fusion' returned '0': CMAKE_PREFIX_PATH=/opt/ros/humble /usr/bin/cmake --install /home/yusuf/ros2_project/build/sensor_fusion
[0.788s] Level 1:colcon.colcon_core.environment:checking '/home/yusuf/ros2_project/install/sensor_fusion' for CMake config files
[0.788s] Level 1:colcon.colcon_core.shell:create_environment_hook('sensor_fusion', 'cmake_prefix_path')
[0.789s] INFO:colcon.colcon_core.shell:Creating environment hook '/home/yusuf/ros2_project/install/sensor_fusion/share/sensor_fusion/hook/cmake_prefix_path.ps1'
[0.789s] INFO:colcon.colcon_core.shell:Creating environment descriptor '/home/yusuf/ros2_project/install/sensor_fusion/share/sensor_fusion/hook/cmake_prefix_path.dsv'
[0.790s] INFO:colcon.colcon_core.shell:Creating environment hook '/home/yusuf/ros2_project/install/sensor_fusion/share/sensor_fusion/hook/cmake_prefix_path.sh'
[0.791s] Level 1:colcon.colcon_core.environment:checking '/home/yusuf/ros2_project/install/sensor_fusion/lib'
[0.791s] Level 1:colcon.colcon_core.environment:checking '/home/yusuf/ros2_project/install/sensor_fusion/bin'
[0.791s] Level 1:colcon.colcon_core.environment:checking '/home/yusuf/ros2_project/install/sensor_fusion/lib/pkgconfig/sensor_fusion.pc'
[0.792s] Level 1:colcon.colcon_core.environment:checking '/home/yusuf/ros2_project/install/sensor_fusion/lib/python3.10/site-packages'
[0.792s] Level 1:colcon.colcon_core.environment:checking '/home/yusuf/ros2_project/install/sensor_fusion/bin'
[0.793s] INFO:colcon.colcon_core.shell:Creating package script '/home/yusuf/ros2_project/install/sensor_fusion/share/sensor_fusion/package.ps1'
[0.794s] INFO:colcon.colcon_core.shell:Creating package descriptor '/home/yusuf/ros2_project/install/sensor_fusion/share/sensor_fusion/package.dsv'
[0.794s] INFO:colcon.colcon_core.shell:Creating package script '/home/yusuf/ros2_project/install/sensor_fusion/share/sensor_fusion/package.sh'
[0.795s] INFO:colcon.colcon_core.shell:Creating package script '/home/yusuf/ros2_project/install/sensor_fusion/share/sensor_fusion/package.bash'
[0.796s] INFO:colcon.colcon_core.shell:Creating package script '/home/yusuf/ros2_project/install/sensor_fusion/share/sensor_fusion/package.zsh'
[0.796s] Level 1:colcon.colcon_core.environment:create_file_with_runtime_dependencies(/home/yusuf/ros2_project/install/sensor_fusion/share/colcon-core/packages/sensor_fusion)
[0.839s] Level 1:colcon.colcon_core.environment:create_environment_scripts_only(robot_sensing)
[0.839s] Level 1:colcon.colcon_core.environment:checking '/home/yusuf/ros2_project/install/robot_sensing' for CMake module files
[0.840s] Level 1:colcon.colcon_core.environment:checking '/home/yusuf/ros2_project/install/robot_sensing' for CMake config files
[0.840s] Level 1:colcon.colcon_core.shell:create_environment_hook('robot_sensing', 'cmake_prefix_path')
[0.841s] INFO:colcon.colcon_core.shell:Creating environment hook '/home/yusuf/ros2_project/install/robot_sensing/share/robot_sensing/hook/cmake_prefix_path.ps1'
[0.841s] INFO:colcon.colcon_core.shell:Creating environment descriptor '/home/yusuf/ros2_project/install/robot_sensing/share/robot_sensing/hook/cmake_prefix_path.dsv'
[0.842s] INFO:colcon.colcon_core.shell:Creating environment hook '/home/yusuf/ros2_project/install/robot_sensing/share/robot_sensing/hook/cmake_prefix_path.sh'
[0.843s] Level 1:colcon.colcon_core.environment:checking '/home/yusuf/ros2_project/install/robot_sensing/lib'
[0.843s] Level 1:colcon.colcon_core.environment:checking '/home/yusuf/ros2_project/install/robot_sensing/bin'
[0.843s] Level 1:colcon.colcon_core.environment:checking '/home/yusuf/ros2_project/install/robot_sensing/lib/pkgconfig/robot_sensing.pc'
[0.843s] Level 1:colcon.colcon_core.environment:checking '/home/yusuf/ros2_project/install/robot_sensing/lib/python3.10/site-packages'
[0.844s] Level 1:colcon.colcon_core.environment:checking '/home/yusuf/ros2_project/install/robot_sensing/bin'
[0.845s] INFO:colcon.colcon_core.shell:Creating package script '/home/yusuf/ros2_project/install/robot_sensing/share/robot_sensing/package.ps1'
[0.846s] INFO:colcon.colcon_core.shell:Creating package descriptor '/home/yusuf/ros2_project/install/robot_sensing/share/robot_sensing/package.dsv'
[0.847s] INFO:colcon.colcon_core.shell:Creating package script '/home/yusuf/ros2_project/install/robot_sensing/share/robot_sensing/package.sh'
[0.848s] INFO:colcon.colcon_core.shell:Creating package script '/home/yusuf/ros2_project/install/robot_sensing/share/robot_sensing/package.bash'
[0.848s] INFO:colcon.colcon_core.shell:Creating package script '/home/yusuf/ros2_project/install/robot_sensing/share/robot_sensing/package.zsh'
[0.849s] Level 1:colcon.colcon_core.environment:create_file_with_runtime_dependencies(/home/yusuf/ros2_project/install/robot_sensing/share/colcon-core/packages/robot_sensing)
[0.855s] Level 1:colcon.colcon_core.environment:create_environment_scripts_only(sensor_fusion)
[0.855s] Level 1:colcon.colcon_core.environment:checking '/home/yusuf/ros2_project/install/sensor_fusion' for CMake module files
[0.856s] Level 1:colcon.colcon_core.environment:checking '/home/yusuf/ros2_project/install/sensor_fusion' for CMake config files
[0.856s] Level 1:colcon.colcon_core.shell:create_environment_hook('sensor_fusion', 'cmake_prefix_path')
[0.857s] INFO:colcon.colcon_core.shell:Creating environment hook '/home/yusuf/ros2_project/install/sensor_fusion/share/sensor_fusion/hook/cmake_prefix_path.ps1'
[0.857s] INFO:colcon.colcon_core.shell:Creating environment descriptor '/home/yusuf/ros2_project/install/sensor_fusion/share/sensor_fusion/hook/cmake_prefix_path.dsv'
[0.858s] INFO:colcon.colcon_core.shell:Creating environment hook '/home/yusuf/ros2_project/install/sensor_fusion/share/sensor_fusion/hook/cmake_prefix_path.sh'
[0.858s] Level 1:colcon.colcon_core.environment:checking '/home/yusuf/ros2_project/install/sensor_fusion/lib'
[0.858s] Level 1:colcon.colcon_core.environment:checking '/home/yusuf/ros2_project/install/sensor_fusion/bin'
[0.859s] Level 1:colcon.colcon_core.environment:checking '/home/yusuf/ros2_project/install/sensor_fusion/lib/pkgconfig/sensor_fusion.pc'
[0.859s] Level 1:colcon.colcon_core.environment:checking '/home/yusuf/ros2_project/install/sensor_fusion/lib/python3.10/site-packages'
[0.859s] Level 1:colcon.colcon_core.environment:checking '/home/yusuf/ros2_project/install/sensor_fusion/bin'
[0.860s] INFO:colcon.colcon_core.shell:Creating package script '/home/yusuf/ros2_project/install/sensor_fusion/share/sensor_fusion/package.ps1'
[0.860s] INFO:colcon.colcon_core.shell:Creating package descriptor '/home/yusuf/ros2_project/install/sensor_fusion/share/sensor_fusion/package.dsv'
[0.861s] INFO:colcon.colcon_core.shell:Creating package script '/home/yusuf/ros2_project/install/sensor_fusion/share/sensor_fusion/package.sh'
[0.862s] INFO:colcon.colcon_core.shell:Creating package script '/home/yusuf/ros2_project/install/sensor_fusion/share/sensor_fusion/package.bash'
[0.862s] INFO:colcon.colcon_core.shell:Creating package script '/home/yusuf/ros2_project/install/sensor_fusion/share/sensor_fusion/package.zsh'
[0.863s] Level 1:colcon.colcon_core.environment:create_file_with_runtime_dependencies(/home/yusuf/ros2_project/install/sensor_fusion/share/colcon-core/packages/sensor_fusion)
[2.046s] DEBUG:colcon.colcon_core.event_handler.log_command:Invoked command in '/home/yusuf/ros2_project/build/control_systems' returned '2': CMAKE_PREFIX_PATH=/opt/ros/humble /usr/bin/cmake --build /home/yusuf/ros2_project/build/control_systems -- -j8 -l8
[2.090s] Level 1:colcon.colcon_core.environment:create_environment_scripts_only(control_systems)
[2.090s] Level 1:colcon.colcon_core.environment:checking '/home/yusuf/ros2_project/install/control_systems' for CMake module files
[2.091s] Level 1:colcon.colcon_core.environment:checking '/home/yusuf/ros2_project/install/control_systems' for CMake config files
[2.092s] Level 1:colcon.colcon_core.shell:create_environment_hook('control_systems', 'cmake_prefix_path')
[2.092s] INFO:colcon.colcon_core.shell:Creating environment hook '/home/yusuf/ros2_project/install/control_systems/share/control_systems/hook/cmake_prefix_path.ps1'
[2.092s] INFO:colcon.colcon_core.shell:Creating environment descriptor '/home/yusuf/ros2_project/install/control_systems/share/control_systems/hook/cmake_prefix_path.dsv'
[2.093s] INFO:colcon.colcon_core.shell:Creating environment hook '/home/yusuf/ros2_project/install/control_systems/share/control_systems/hook/cmake_prefix_path.sh'
[2.094s] Level 1:colcon.colcon_core.environment:checking '/home/yusuf/ros2_project/install/control_systems/lib'
[2.094s] Level 1:colcon.colcon_core.environment:checking '/home/yusuf/ros2_project/install/control_systems/bin'
[2.094s] Level 1:colcon.colcon_core.environment:checking '/home/yusuf/ros2_project/install/control_systems/lib/pkgconfig/control_systems.pc'
[2.094s] Level 1:colcon.colcon_core.environment:checking '/home/yusuf/ros2_project/install/control_systems/lib/python3.10/site-packages'
[2.095s] Level 1:colcon.colcon_core.environment:checking '/home/yusuf/ros2_project/install/control_systems/bin'
[2.095s] INFO:colcon.colcon_core.shell:Creating package script '/home/yusuf/ros2_project/install/control_systems/share/control_systems/package.ps1'
[2.096s] INFO:colcon.colcon_core.shell:Creating package descriptor '/home/yusuf/ros2_project/install/control_systems/share/control_systems/package.dsv'
[2.096s] INFO:colcon.colcon_core.shell:Creating package script '/home/yusuf/ros2_project/install/control_systems/share/control_systems/package.sh'
[2.097s] INFO:colcon.colcon_core.shell:Creating package script '/home/yusuf/ros2_project/install/control_systems/share/control_systems/package.bash'
[2.098s] INFO:colcon.colcon_core.shell:Creating package script '/home/yusuf/ros2_project/install/control_systems/share/control_systems/package.zsh'
[2.098s] Level 1:colcon.colcon_core.environment:create_file_with_runtime_dependencies(/home/yusuf/ros2_project/install/control_systems/share/colcon-core/packages/control_systems)
[2.109s] DEBUG:colcon.colcon_parallel_executor.executor.parallel:closing loop
[2.109s] DEBUG:colcon.colcon_parallel_executor.executor.parallel:loop closed
[2.109s] DEBUG:colcon.colcon_parallel_executor.executor.parallel:run_until_complete finished with '2'
[2.109s] DEBUG:colcon.colcon_core.event_reactor:joining thread
[2.116s] INFO:colcon.colcon_core.plugin_system:Skipping extension 'colcon_notification.desktop_notification.notify_send': Could not find 'notify-send'
[2.116s] INFO:colcon.colcon_core.plugin_system:Skipping extension 'colcon_notification.desktop_notification.terminal_notifier': Not used on non-Darwin systems
[2.116s] INFO:colcon.colcon_core.plugin_system:Skipping extension 'colcon_notification.desktop_notification.win32': Not used on non-Windows systems
[2.116s] INFO:colcon.colcon_notification.desktop_notification:Sending desktop notification using 'notify2'
[2.118s] DEBUG:colcon.colcon_notification.desktop_notification.notify2:Failed to initialize notify2: org.freedesktop.DBus.Error.ServiceUnknown: The name org.freedesktop.Notifications was not provided by any .service files
[2.119s] DEBUG:colcon.colcon_core.event_reactor:joined thread
[2.119s] INFO:colcon.colcon_core.shell:Creating prefix script '/home/yusuf/ros2_project/install/local_setup.ps1'
[2.120s] INFO:colcon.colcon_core.shell:Creating prefix util module '/home/yusuf/ros2_project/install/_local_setup_util_ps1.py'
[2.122s] INFO:colcon.colcon_core.shell:Creating prefix chain script '/home/yusuf/ros2_project/install/setup.ps1'
[2.123s] INFO:colcon.colcon_core.shell:Creating prefix script '/home/yusuf/ros2_project/install/local_setup.sh'
[2.124s] INFO:colcon.colcon_core.shell:Creating prefix util module '/home/yusuf/ros2_project/install/_local_setup_util_sh.py'
[2.125s] INFO:colcon.colcon_core.shell:Creating prefix chain script '/home/yusuf/ros2_project/install/setup.sh'
[2.127s] INFO:colcon.colcon_core.shell:Creating prefix script '/home/yusuf/ros2_project/install/local_setup.bash'
[2.128s] INFO:colcon.colcon_core.shell:Creating prefix chain script '/home/yusuf/ros2_project/install/setup.bash'
[2.129s] INFO:colcon.colcon_core.shell:Creating prefix script '/home/yusuf/ros2_project/install/local_setup.zsh'
[2.130s] INFO:colcon.colcon_core.shell:Creating prefix chain script '/home/yusuf/ros2_project/install/setup.zsh'
