-- Found ament_cmake: 1.3.10 (/opt/ros/humble/share/ament_cmake/cmake)
-- Found rclcpp: 16.0.10 (/opt/ros/humble/share/rclcpp/cmake)
-- Found rosidl_generator_c: 3.1.5 (/opt/ros/humble/share/rosidl_generator_c/cmake)
-- Found rosidl_adapter: 3.1.5 (/opt/ros/humble/share/rosidl_adapter/cmake)
-- Found rosidl_generator_cpp: 3.1.5 (/opt/ros/humble/share/rosidl_generator_cpp/cmake)
-- Using all available rosidl_typesupport_c: rosidl_typesupport_fastrtps_c;rosidl_typesupport_introspection_c
-- Using all available rosidl_typesupport_cpp: rosidl_typesupport_fastrtps_cpp;rosidl_typesupport_introspection_cpp
-- Found rmw_implementation_cmake: 6.1.2 (/opt/ros/humble/share/rmw_implementation_cmake/cmake)
-- Found rmw_fastrtps_cpp: 6.2.7 (/opt/ros/humble/share/rmw_fastrtps_cpp/cmake)
-- Using RMW implementation 'rmw_fastrtps_cpp' as default
-- Found geometry_msgs: 4.2.4 (/opt/ros/humble/share/geometry_msgs/cmake)
-- Found nav_msgs: 4.2.4 (/opt/ros/humble/share/nav_msgs/cmake)
-- Found tf2_ros: 0.25.7 (/opt/ros/humble/share/tf2_ros/cmake)
-- Found angles: 1.15.0 (/opt/ros/humble/share/angles/cmake)
-- Configuring done
-- Generating done
-- Build files have been written to: /home/yusuf/ros2_project/build/control_systems
[35m[1mConsolidate compiler generated dependencies of target goal_planner[0m
[35m[1mConsolidate compiler generated dependencies of target goal_linear[0m
[ 12%] [32mBuilding CXX object CMakeFiles/lqr_lib.dir/src/lqr_lib.cpp.o[0m
[ 25%] [32mBuilding CXX object CMakeFiles/goal_planner.dir/src/goal_planner.cpp.o[0m
[ 37%] [32mBuilding CXX object CMakeFiles/goal_linear.dir/src/goal_linear.cpp.o[0m
[ 50%] [32m[1mLinking CXX executable goal_planner[0m
[ 62%] [32m[1mLinking CXX executable goal_linear[0m
[ 62%] Built target goal_linear
[ 62%] Built target goal_planner
