[0.043s] Invoking command in '/home/yusuf/ros2_project/build/control_systems': CMAKE_PREFIX_PATH=/opt/ros/humble /usr/bin/cmake /home/yusuf/ros2_project/src/control_systems -DCMAKE_INSTALL_PREFIX=/home/yusuf/ros2_project/install/control_systems
[0.196s] -- The C compiler identification is GNU 11.4.0
[0.370s] -- The CXX compiler identification is GNU 11.4.0
[0.411s] -- Detecting C compiler ABI info
[0.671s] -- Detecting C compiler ABI info - done
[0.726s] -- Check for working C compiler: /usr/bin/cc - skipped
[0.727s] -- Detecting C compile features
[0.727s] -- Detecting C compile features - done
[0.738s] -- Detecting CXX compiler ABI info
[1.055s] -- Detecting CXX compiler ABI info - done
[1.096s] -- Check for working CXX compiler: /usr/bin/c++ - skipped
[1.098s] -- Detecting CXX compile features
[1.101s] -- Detecting CXX compile features - done
[1.111s] -- Found ament_cmake: 1.3.10 (/opt/ros/humble/share/ament_cmake/cmake)
[1.730s] -- Found Python3: /usr/bin/python3 (found version "3.10.12") found components: Interpreter 
[2.095s] -- Found rclcpp: 16.0.10 (/opt/ros/humble/share/rclcpp/cmake)
[2.282s] -- Found rosidl_generator_c: 3.1.5 (/opt/ros/humble/share/rosidl_generator_c/cmake)
[2.301s] -- Found rosidl_adapter: 3.1.5 (/opt/ros/humble/share/rosidl_adapter/cmake)
[2.337s] -- Found rosidl_generator_cpp: 3.1.5 (/opt/ros/humble/share/rosidl_generator_cpp/cmake)
[2.395s] -- Using all available rosidl_typesupport_c: rosidl_typesupport_fastrtps_c;rosidl_typesupport_introspection_c
[2.471s] -- Using all available rosidl_typesupport_cpp: rosidl_typesupport_fastrtps_cpp;rosidl_typesupport_introspection_cpp
[2.678s] -- Found rmw_implementation_cmake: 6.1.2 (/opt/ros/humble/share/rmw_implementation_cmake/cmake)
[2.689s] -- Found rmw_fastrtps_cpp: 6.2.7 (/opt/ros/humble/share/rmw_fastrtps_cpp/cmake)
[3.018s] -- Found OpenSSL: /usr/lib/x86_64-linux-gnu/libcrypto.so (found version "3.0.2")  
[3.139s] -- Found FastRTPS: /opt/ros/humble/include  
[3.306s] -- Using RMW implementation 'rmw_fastrtps_cpp' as default
[3.350s] -- Looking for pthread.h
[3.599s] -- Looking for pthread.h - found
[3.600s] -- Performing Test CMAKE_HAVE_LIBC_PTHREAD
[3.902s] -- Performing Test CMAKE_HAVE_LIBC_PTHREAD - Success
[3.908s] -- Found Threads: TRUE  
[4.174s] -- Found geometry_msgs: 4.2.4 (/opt/ros/humble/share/geometry_msgs/cmake)
[4.244s] -- Found nav_msgs: 4.2.4 (/opt/ros/humble/share/nav_msgs/cmake)
[4.335s] -- Found tf2_ros: 0.25.7 (/opt/ros/humble/share/tf2_ros/cmake)
[5.077s] -- Configuring done
[5.146s] -- Generating done
[5.154s] -- Build files have been written to: /home/yusuf/ros2_project/build/control_systems
[5.193s] Invoked command in '/home/yusuf/ros2_project/build/control_systems' returned '0': CMAKE_PREFIX_PATH=/opt/ros/humble /usr/bin/cmake /home/yusuf/ros2_project/src/control_systems -DCMAKE_INSTALL_PREFIX=/home/yusuf/ros2_project/install/control_systems
[5.196s] Invoking command in '/home/yusuf/ros2_project/build/control_systems': CMAKE_PREFIX_PATH=/opt/ros/humble /usr/bin/cmake --build /home/yusuf/ros2_project/build/control_systems -- -j8 -l8
[5.377s] [ 25%] [32mBuilding CXX object CMakeFiles/goal_planner.dir/src/goal_planner.cpp.o[0m
[5.383s] [ 50%] [32mBuilding CXX object CMakeFiles/goal_linear.dir/src/goal_linear.cpp.o[0m
[50.073s] [ 75%] [32m[1mLinking CXX executable goal_linear[0m
[53.657s] [ 75%] Built target goal_linear
[58.584s] [100%] [32m[1mLinking CXX executable goal_planner[0m
[60.541s] [100%] Built target goal_planner
[60.597s] Invoked command in '/home/yusuf/ros2_project/build/control_systems' returned '0': CMAKE_PREFIX_PATH=/opt/ros/humble /usr/bin/cmake --build /home/yusuf/ros2_project/build/control_systems -- -j8 -l8
[60.758s] Invoking command in '/home/yusuf/ros2_project/build/control_systems': CMAKE_PREFIX_PATH=/opt/ros/humble /usr/bin/cmake --install /home/yusuf/ros2_project/build/control_systems
[60.791s] -- Install configuration: ""
[60.793s] -- Installing: /home/yusuf/ros2_project/install/control_systems/lib/control_systems/goal_linear
[60.807s] -- Set runtime path of "/home/yusuf/ros2_project/install/control_systems/lib/control_systems/goal_linear" to ""
[60.810s] -- Installing: /home/yusuf/ros2_project/install/control_systems/lib/control_systems/goal_planner
[60.824s] -- Set runtime path of "/home/yusuf/ros2_project/install/control_systems/lib/control_systems/goal_planner" to ""
[60.827s] -- Installing: /home/yusuf/ros2_project/install/control_systems/share/control_systems/launch
[60.829s] -- Installing: /home/yusuf/ros2_project/install/control_systems/share/control_systems/launch/velocity_controller.launch.py
[60.834s] -- Installing: /home/yusuf/ros2_project/install/control_systems/share/control_systems/urdf
[60.836s] -- Installing: /home/yusuf/ros2_project/install/control_systems/share/control_systems/urdf/diff_drive_vel.urdf
[60.838s] -- Installing: /home/yusuf/ros2_project/install/control_systems/share/control_systems/urdf/diff_sens.urdf
[60.844s] -- Installing: /home/yusuf/ros2_project/install/control_systems/share/ament_index/resource_index/package_run_dependencies/control_systems
[60.844s] -- Installing: /home/yusuf/ros2_project/install/control_systems/share/ament_index/resource_index/parent_prefix_path/control_systems
[60.848s] -- Installing: /home/yusuf/ros2_project/install/control_systems/share/control_systems/environment/ament_prefix_path.sh
[60.849s] -- Installing: /home/yusuf/ros2_project/install/control_systems/share/control_systems/environment/ament_prefix_path.dsv
[60.853s] -- Installing: /home/yusuf/ros2_project/install/control_systems/share/control_systems/environment/path.sh
[60.853s] -- Installing: /home/yusuf/ros2_project/install/control_systems/share/control_systems/environment/path.dsv
[60.855s] -- Installing: /home/yusuf/ros2_project/install/control_systems/share/control_systems/local_setup.bash
[60.858s] -- Installing: /home/yusuf/ros2_project/install/control_systems/share/control_systems/local_setup.sh
[60.860s] -- Installing: /home/yusuf/ros2_project/install/control_systems/share/control_systems/local_setup.zsh
[60.860s] -- Installing: /home/yusuf/ros2_project/install/control_systems/share/control_systems/local_setup.dsv
[60.868s] -- Installing: /home/yusuf/ros2_project/install/control_systems/share/control_systems/package.dsv
[60.868s] -- Installing: /home/yusuf/ros2_project/install/control_systems/share/ament_index/resource_index/packages/control_systems
[60.869s] -- Installing: /home/yusuf/ros2_project/install/control_systems/share/control_systems/cmake/control_systemsConfig.cmake
[60.869s] -- Installing: /home/yusuf/ros2_project/install/control_systems/share/control_systems/cmake/control_systemsConfig-version.cmake
[60.869s] -- Installing: /home/yusuf/ros2_project/install/control_systems/share/control_systems/package.xml
[60.875s] Invoked command in '/home/yusuf/ros2_project/build/control_systems' returned '0': CMAKE_PREFIX_PATH=/opt/ros/humble /usr/bin/cmake --install /home/yusuf/ros2_project/build/control_systems
