[0.030s] Invoking command in '/home/yusuf/ros2_project/build/sensor_fusion': CMAKE_PREFIX_PATH=/opt/ros/humble /usr/bin/cmake --build /home/yusuf/ros2_project/build/sensor_fusion -- -j8 -l8
[0.144s] [35m[1mConsolidate compiler generated dependencies of target ekf_lib[0m
[0.145s] [35m[1mConsolidate compiler generated dependencies of target linear_kf[0m
[0.145s] [35m[1mConsolidate compiler generated dependencies of target advanced_kf[0m
[0.146s] [35m[1mConsolidate compiler generated dependencies of target noise_kf[0m
[0.190s] [ 20%] Built target ekf_lib
[0.209s] [ 40%] Built target advanced_kf
[0.218s] [ 60%] Built target noise_kf
[0.221s] [ 80%] Built target linear_kf
[0.229s] [35m[1mConsolidate compiler generated dependencies of target ekf_node[0m
[0.277s] [100%] Built target ekf_node
[0.320s] Invoked command in '/home/yusuf/ros2_project/build/sensor_fusion' returned '0': CMAKE_PREFIX_PATH=/opt/ros/humble /usr/bin/cmake --build /home/yusuf/ros2_project/build/sensor_fusion -- -j8 -l8
[0.410s] Invoking command in '/home/yusuf/ros2_project/build/sensor_fusion': CMAKE_PREFIX_PATH=/opt/ros/humble /usr/bin/cmake --install /home/yusuf/ros2_project/build/sensor_fusion
[0.425s] -- Install configuration: ""
[0.426s] -- Up-to-date: /home/yusuf/ros2_project/install/sensor_fusion/lib/sensor_fusion/linear_kf
[0.428s] -- Up-to-date: /home/yusuf/ros2_project/install/sensor_fusion/lib/sensor_fusion/advanced_kf
[0.429s] -- Up-to-date: /home/yusuf/ros2_project/install/sensor_fusion/lib/sensor_fusion/noise_kf
[0.431s] -- Up-to-date: /home/yusuf/ros2_project/install/sensor_fusion/lib/sensor_fusion/ekf_node
[0.431s] -- Up-to-date: /home/yusuf/ros2_project/install/sensor_fusion/share/sensor_fusion/launch
[0.433s] -- Up-to-date: /home/yusuf/ros2_project/install/sensor_fusion/share/sensor_fusion/launch/fusion_ekf.launch.py
[0.433s] -- Up-to-date: /home/yusuf/ros2_project/install/sensor_fusion/share/sensor_fusion/launch/linear_kf.launch.py
[0.433s] -- Up-to-date: /home/yusuf/ros2_project/install/sensor_fusion/share/sensor_fusion/launch/tb3_ekf.launch.py
[0.433s] -- Up-to-date: /home/yusuf/ros2_project/install/sensor_fusion/share/sensor_fusion/config
[0.434s] -- Up-to-date: /home/yusuf/ros2_project/install/sensor_fusion/share/sensor_fusion/config/fusion2.yaml
[0.434s] -- Up-to-date: /home/yusuf/ros2_project/install/sensor_fusion/share/sensor_fusion/config/tb3_ekf.yaml
[0.434s] -- Up-to-date: /home/yusuf/ros2_project/install/sensor_fusion/share/sensor_fusion/config/kf.rviz
[0.434s] -- Up-to-date: /home/yusuf/ros2_project/install/sensor_fusion/share/sensor_fusion/config/fusion.yaml
[0.434s] -- Up-to-date: /home/yusuf/ros2_project/install/sensor_fusion/share/ament_index/resource_index/package_run_dependencies/sensor_fusion
[0.434s] -- Up-to-date: /home/yusuf/ros2_project/install/sensor_fusion/share/ament_index/resource_index/parent_prefix_path/sensor_fusion
[0.435s] -- Up-to-date: /home/yusuf/ros2_project/install/sensor_fusion/share/sensor_fusion/environment/ament_prefix_path.sh
[0.435s] -- Up-to-date: /home/yusuf/ros2_project/install/sensor_fusion/share/sensor_fusion/environment/ament_prefix_path.dsv
[0.435s] -- Up-to-date: /home/yusuf/ros2_project/install/sensor_fusion/share/sensor_fusion/environment/path.sh
[0.435s] -- Up-to-date: /home/yusuf/ros2_project/install/sensor_fusion/share/sensor_fusion/environment/path.dsv
[0.435s] -- Up-to-date: /home/yusuf/ros2_project/install/sensor_fusion/share/sensor_fusion/local_setup.bash
[0.436s] -- Up-to-date: /home/yusuf/ros2_project/install/sensor_fusion/share/sensor_fusion/local_setup.sh
[0.436s] -- Up-to-date: /home/yusuf/ros2_project/install/sensor_fusion/share/sensor_fusion/local_setup.zsh
[0.438s] -- Up-to-date: /home/yusuf/ros2_project/install/sensor_fusion/share/sensor_fusion/local_setup.dsv
[0.439s] -- Installing: /home/yusuf/ros2_project/install/sensor_fusion/share/sensor_fusion/package.dsv
[0.439s] -- Up-to-date: /home/yusuf/ros2_project/install/sensor_fusion/share/ament_index/resource_index/packages/sensor_fusion
[0.439s] -- Up-to-date: /home/yusuf/ros2_project/install/sensor_fusion/share/sensor_fusion/cmake/sensor_fusionConfig.cmake
[0.440s] -- Up-to-date: /home/yusuf/ros2_project/install/sensor_fusion/share/sensor_fusion/cmake/sensor_fusionConfig-version.cmake
[0.440s] -- Up-to-date: /home/yusuf/ros2_project/install/sensor_fusion/share/sensor_fusion/package.xml
[0.442s] Invoked command in '/home/yusuf/ros2_project/build/sensor_fusion' returned '0': CMAKE_PREFIX_PATH=/opt/ros/humble /usr/bin/cmake --install /home/yusuf/ros2_project/build/sensor_fusion
